C:\USERS\KENNY\DESKTOP\INF2990-04\CADRICIEL\SOURCES\C++\X64\DEBUG\VAISSEAUVIRTUEL.OBJ
C:\USERS\KENNY\DESKTOP\INF2990-04\CADRICIEL\SOURCES\C++\X64\DEBUG\ETATJOUEURVIRTUEL.OBJ
C:\USERS\KENNY\DESKTOP\INF2990-04\CADRICIEL\SOURCES\C++\X64\DEBUG\MODEAPPROCHE.OBJ
C:\USERS\KENNY\DESKTOP\INF2990-04\CADRICIEL\SOURCES\C++\X64\DEBUG\MODEATTAQUE.OBJ
C:\USERS\KENNY\DESKTOP\INF2990-04\CADRICIEL\SOURCES\C++\X64\DEBUG\MODERECHERCHE.OBJ
C:\USERS\KENNY\DESKTOP\INF2990-04\CADRICIEL\SOURCES\C++\X64\DEBUG\UTILITAIREINF2990.OBJ
C:\USERS\KENNY\DESKTOP\INF2990-04\CADRICIEL\SOURCES\C++\X64\DEBUG\FACADEJNI.OBJ
C:\USERS\KENNY\DESKTOP\INF2990-04\CADRICIEL\SOURCES\C++\X64\DEBUG\CONFIGSCENE.OBJ
C:\USERS\KENNY\DESKTOP\INF2990-04\CADRICIEL\SOURCES\C++\X64\DEBUG\ARBRERENDU.OBJ
C:\USERS\KENNY\DESKTOP\INF2990-04\CADRICIEL\SOURCES\C++\X64\DEBUG\ARBRERENDUINF2990.OBJ
C:\USERS\KENNY\DESKTOP\INF2990-04\CADRICIEL\SOURCES\C++\X64\DEBUG\NOEUDABSTRAIT.OBJ
C:\USERS\KENNY\DESKTOP\INF2990-04\CADRICIEL\SOURCES\C++\X64\DEBUG\NOEUDCOMPOSITE.OBJ
C:\USERS\KENNY\DESKTOP\INF2990-04\CADRICIEL\SOURCES\C++\X64\DEBUG\BANCTESTS.OBJ
C:\USERS\KENNY\DESKTOP\INF2990-04\CADRICIEL\SOURCES\C++\X64\DEBUG\BOITEENGLOBANTEORIENTEETEST.OBJ
C:\USERS\KENNY\DESKTOP\INF2990-04\CADRICIEL\SOURCES\C++\X64\DEBUG\CONFIGSCENETEST.OBJ
C:\USERS\KENNY\DESKTOP\INF2990-04\CADRICIEL\SOURCES\C++\X64\DEBUG\NOEUDABSTRAITTEST.OBJ
C:\USERS\KENNY\DESKTOP\INF2990-04\CADRICIEL\SOURCES\C++\X64\DEBUG\NOEUDCOMPOSITETEST.OBJ
C:\USERS\KENNY\DESKTOP\INF2990-04\CADRICIEL\SOURCES\C++\X64\DEBUG\TESTVAISSEAU.OBJ
C:\USERS\KENNY\DESKTOP\INF2990-04\CADRICIEL\SOURCES\C++\X64\DEBUG\PROJECTIONORTHOTEST.OBJ
C:\USERS\KENNY\DESKTOP\INF2990-04\CADRICIEL\SOURCES\C++\X64\DEBUG\VECTEUR3FTEST.OBJ
C:\USERS\KENNY\DESKTOP\INF2990-04\CADRICIEL\SOURCES\C++\X64\DEBUG\GESTIONNAIRERESSOURCES.OBJ
C:\USERS\KENNY\DESKTOP\INF2990-04\CADRICIEL\SOURCES\C++\X64\DEBUG\MODELE3D.OBJ
C:\USERS\KENNY\DESKTOP\INF2990-04\CADRICIEL\SOURCES\C++\X64\DEBUG\NOEUDACCELERATEUR.OBJ
C:\USERS\KENNY\DESKTOP\INF2990-04\CADRICIEL\SOURCES\C++\X64\DEBUG\NOEUDASTEROIDE.OBJ
C:\USERS\KENNY\DESKTOP\INF2990-04\CADRICIEL\SOURCES\C++\X64\DEBUG\NOEUDBARRIERE.OBJ
C:\USERS\KENNY\DESKTOP\INF2990-04\CADRICIEL\SOURCES\C++\X64\DEBUG\NOEUDPORTAIL.OBJ
C:\USERS\KENNY\DESKTOP\INF2990-04\CADRICIEL\SOURCES\C++\X64\DEBUG\NOEUDPOSITIONDEPART.OBJ
C:\USERS\KENNY\DESKTOP\INF2990-04\CADRICIEL\SOURCES\C++\X64\DEBUG\NOEUDPROJECTILE.OBJ
C:\USERS\KENNY\DESKTOP\INF2990-04\CADRICIEL\SOURCES\C++\X64\DEBUG\NOEUDSTATION.OBJ
C:\USERS\KENNY\DESKTOP\INF2990-04\CADRICIEL\SOURCES\C++\X64\DEBUG\NOEUDVAISSEAU.OBJ
C:\USERS\KENNY\DESKTOP\INF2990-04\CADRICIEL\SOURCES\C++\X64\DEBUG\ACCELERATEUR.OBJ
C:\USERS\KENNY\DESKTOP\INF2990-04\CADRICIEL\SOURCES\C++\X64\DEBUG\ASTEROIDE.OBJ
C:\USERS\KENNY\DESKTOP\INF2990-04\CADRICIEL\SOURCES\C++\X64\DEBUG\BARRIERE.OBJ
C:\USERS\KENNY\DESKTOP\INF2990-04\CADRICIEL\SOURCES\C++\X64\DEBUG\ELEMENTJEUABSTRAIT.OBJ
C:\USERS\KENNY\DESKTOP\INF2990-04\CADRICIEL\SOURCES\C++\X64\DEBUG\PORTAIL.OBJ
C:\USERS\KENNY\DESKTOP\INF2990-04\CADRICIEL\SOURCES\C++\X64\DEBUG\POSITIONDEPART.OBJ
C:\USERS\KENNY\DESKTOP\INF2990-04\CADRICIEL\SOURCES\C++\X64\DEBUG\PROJECTILE.OBJ
C:\USERS\KENNY\DESKTOP\INF2990-04\CADRICIEL\SOURCES\C++\X64\DEBUG\STATION.OBJ
C:\USERS\KENNY\DESKTOP\INF2990-04\CADRICIEL\SOURCES\C++\X64\DEBUG\VAISSEAU.OBJ
C:\USERS\KENNY\DESKTOP\INF2990-04\CADRICIEL\SOURCES\C++\X64\DEBUG\VAISSEAUJOUEUR.OBJ
C:\USERS\KENNY\DESKTOP\INF2990-04\CADRICIEL\SOURCES\C++\X64\DEBUG\GESTIONNAIREXML.OBJ
C:\USERS\KENNY\DESKTOP\INF2990-04\CADRICIEL\SOURCES\C++\X64\DEBUG\JEUABSTRAIT.OBJ
C:\USERS\KENNY\DESKTOP\INF2990-04\CADRICIEL\SOURCES\C++\X64\DEBUG\COMMANDEAJOUTACCELERATEUR.OBJ
C:\USERS\KENNY\DESKTOP\INF2990-04\CADRICIEL\SOURCES\C++\X64\DEBUG\COMMANDEAJOUTBARRIERE.OBJ
C:\USERS\KENNY\DESKTOP\INF2990-04\CADRICIEL\SOURCES\C++\X64\DEBUG\COMMANDEAJOUTPORTAIL.OBJ
C:\USERS\KENNY\DESKTOP\INF2990-04\CADRICIEL\SOURCES\C++\X64\DEBUG\COMMANDEAJOUTSTATIONSPATIAL.OBJ
C:\USERS\KENNY\DESKTOP\INF2990-04\CADRICIEL\SOURCES\C++\X64\DEBUG\COMMANDEDEPLACEMENT.OBJ
C:\USERS\KENNY\DESKTOP\INF2990-04\CADRICIEL\SOURCES\C++\X64\DEBUG\COMMANDEDUPLICATION.OBJ
C:\USERS\KENNY\DESKTOP\INF2990-04\CADRICIEL\SOURCES\C++\X64\DEBUG\COMMANDEMISEAECHELLE.OBJ
C:\USERS\KENNY\DESKTOP\INF2990-04\CADRICIEL\SOURCES\C++\X64\DEBUG\COMMANDEROTATION.OBJ
C:\USERS\KENNY\DESKTOP\INF2990-04\CADRICIEL\SOURCES\C++\X64\DEBUG\COMMANDESELECTION.OBJ
C:\USERS\KENNY\DESKTOP\INF2990-04\CADRICIEL\SOURCES\C++\X64\DEBUG\COMMANDESUPPRESSION.OBJ
C:\USERS\KENNY\DESKTOP\INF2990-04\CADRICIEL\SOURCES\C++\X64\DEBUG\COMMANDEZOOMLOUPE.OBJ
C:\USERS\KENNY\DESKTOP\INF2990-04\CADRICIEL\SOURCES\C++\X64\DEBUG\MODEEDITION.OBJ
C:\USERS\KENNY\DESKTOP\INF2990-04\CADRICIEL\SOURCES\C++\X64\DEBUG\MODECAMPAGNE.OBJ
C:\USERS\KENNY\DESKTOP\INF2990-04\CADRICIEL\SOURCES\C++\X64\DEBUG\MODEJEU.OBJ
C:\USERS\KENNY\DESKTOP\INF2990-04\CADRICIEL\SOURCES\C++\X64\DEBUG\MODEPARTIERAPIDE.OBJ
C:\USERS\KENNY\DESKTOP\INF2990-04\CADRICIEL\SOURCES\C++\X64\DEBUG\MODETEST.OBJ
C:\USERS\KENNY\DESKTOP\INF2990-04\CADRICIEL\SOURCES\C++\X64\DEBUG\QUADTREE.OBJ
C:\USERS\KENNY\DESKTOP\INF2990-04\CADRICIEL\SOURCES\C++\X64\DEBUG\GESTIONNAIREASTEROIDE.OBJ
C:\USERS\KENNY\DESKTOP\INF2990-04\CADRICIEL\SOURCES\C++\X64\DEBUG\AFFICHAGEDEBOGAGE.OBJ
C:\USERS\KENNY\DESKTOP\INF2990-04\CADRICIEL\SOURCES\C++\X64\DEBUG\CARTE.OBJ
C:\USERS\KENNY\DESKTOP\INF2990-04\CADRICIEL\SOURCES\C++\X64\DEBUG\FACADEMODELE.OBJ
C:\USERS\KENNY\DESKTOP\INF2990-04\CADRICIEL\SOURCES\C++\X64\DEBUG\GESTIONNAIRECOLLISION.OBJ
C:\USERS\KENNY\DESKTOP\INF2990-04\CADRICIEL\SOURCES\C++\X64\DEBUG\VC100.PDB
C:\USERS\KENNY\DESKTOP\INF2990-04\CADRICIEL\SOURCES\C++\X64\DEBUG\GESTIONNAIRESON.OBJ
C:\USERS\KENNY\DESKTOP\INF2990-04\CADRICIEL\SOURCES\C++\X64\DEBUG\FREETYPE.OBJ
C:\USERS\KENNY\DESKTOP\INF2990-04\CADRICIEL\SOURCES\C++\X64\DEBUG\GESTIONNAIREANIMATION.OBJ
C:\USERS\KENNY\DESKTOP\INF2990-04\CADRICIEL\SOURCES\C++\X64\DEBUG\PHONT.OBJ
C:\Users\Kenny\Desktop\inf2990-04\Cadriciel\Exe\DLL\INF2990.lib
C:\Users\Kenny\Desktop\inf2990-04\Cadriciel\Exe\DLL\INF2990.exp
C:\USERS\KENNY\DESKTOP\INF2990-04\CADRICIEL\EXE\DLL\INF2990.DLL
C:\USERS\KENNY\DESKTOP\INF2990-04\CADRICIEL\SOURCES\C++\X64\DEBUG\INF2990.DLL.INTERMEDIATE.MANIFEST
C:\USERS\KENNY\DESKTOP\INF2990-04\CADRICIEL\EXE\DLL\INF2990.PDB
C:\Users\Kenny\Desktop\inf2990-04\Cadriciel\Sources\C++\x64\Debug\INF2990.vcxprojResolveAssemblyReference.cache
C:\Users\Kenny\Desktop\inf2990-04\Cadriciel\Sources\C++\x64\Debug\Accelerateur.obj
C:\Users\Kenny\Desktop\inf2990-04\Cadriciel\Sources\C++\x64\Debug\AffichageDebogage.obj
C:\Users\Kenny\Desktop\inf2990-04\Cadriciel\Sources\C++\x64\Debug\ArbreRendu.obj
C:\Users\Kenny\Desktop\inf2990-04\Cadriciel\Sources\C++\x64\Debug\ArbreRenduINF2990.obj
C:\Users\Kenny\Desktop\inf2990-04\Cadriciel\Sources\C++\x64\Debug\Asteroide.obj
C:\Users\Kenny\Desktop\inf2990-04\Cadriciel\Sources\C++\x64\Debug\BancTests.obj
C:\Users\Kenny\Desktop\inf2990-04\Cadriciel\Sources\C++\x64\Debug\Barriere.obj
C:\Users\Kenny\Desktop\inf2990-04\Cadriciel\Sources\C++\x64\Debug\BoiteEnglobanteOrienteeTest.obj
C:\Users\Kenny\Desktop\inf2990-04\Cadriciel\Sources\C++\x64\Debug\Carte.obj
C:\Users\Kenny\Desktop\inf2990-04\Cadriciel\Sources\C++\x64\Debug\CommandeAjoutAccelerateur.obj
C:\Users\Kenny\Desktop\inf2990-04\Cadriciel\Sources\C++\x64\Debug\CommandeAjoutBarriere.obj
C:\Users\Kenny\Desktop\inf2990-04\Cadriciel\Sources\C++\x64\Debug\CommandeAjoutPortail.obj
C:\Users\Kenny\Desktop\inf2990-04\Cadriciel\Sources\C++\x64\Debug\CommandeAjoutStationSpatial.obj
C:\Users\Kenny\Desktop\inf2990-04\Cadriciel\Sources\C++\x64\Debug\CommandeDeplacement.obj
C:\Users\Kenny\Desktop\inf2990-04\Cadriciel\Sources\C++\x64\Debug\CommandeDuplication.obj
C:\Users\Kenny\Desktop\inf2990-04\Cadriciel\Sources\C++\x64\Debug\CommandeMiseAEchelle.obj
C:\Users\Kenny\Desktop\inf2990-04\Cadriciel\Sources\C++\x64\Debug\CommandeRotation.obj
C:\Users\Kenny\Desktop\inf2990-04\Cadriciel\Sources\C++\x64\Debug\CommandeSelection.obj
C:\Users\Kenny\Desktop\inf2990-04\Cadriciel\Sources\C++\x64\Debug\CommandeSuppression.obj
C:\Users\Kenny\Desktop\inf2990-04\Cadriciel\Sources\C++\x64\Debug\CommandeZoomLoupe.obj
C:\Users\Kenny\Desktop\inf2990-04\Cadriciel\Sources\C++\x64\Debug\ConfigScene.obj
C:\Users\Kenny\Desktop\inf2990-04\Cadriciel\Sources\C++\x64\Debug\ConfigSceneTest.obj
C:\Users\Kenny\Desktop\inf2990-04\Cadriciel\Sources\C++\x64\Debug\ElementJeuAbstrait.obj
C:\Users\Kenny\Desktop\inf2990-04\Cadriciel\Sources\C++\x64\Debug\EtatJoueurVirtuel.obj
C:\Users\Kenny\Desktop\inf2990-04\Cadriciel\Sources\C++\x64\Debug\FacadeJNI.obj
C:\Users\Kenny\Desktop\inf2990-04\Cadriciel\Sources\C++\x64\Debug\FacadeModele.obj
C:\Users\Kenny\Desktop\inf2990-04\Cadriciel\Sources\C++\x64\Debug\FreeType.obj
C:\Users\Kenny\Desktop\inf2990-04\Cadriciel\Sources\C++\x64\Debug\GestionnaireAnimation.obj
C:\Users\Kenny\Desktop\inf2990-04\Cadriciel\Sources\C++\x64\Debug\GestionnaireAsteroide.obj
C:\Users\Kenny\Desktop\inf2990-04\Cadriciel\Sources\C++\x64\Debug\GestionnaireCollision.obj
C:\Users\Kenny\Desktop\inf2990-04\Cadriciel\Sources\C++\x64\Debug\GestionnaireRessources.obj
C:\Users\Kenny\Desktop\inf2990-04\Cadriciel\Sources\C++\x64\Debug\GestionnaireSon.obj
C:\Users\Kenny\Desktop\inf2990-04\Cadriciel\Sources\C++\x64\Debug\GestionnaireXML.obj
C:\Users\Kenny\Desktop\inf2990-04\Cadriciel\Sources\C++\x64\Debug\JeuAbstrait.obj
C:\Users\Kenny\Desktop\inf2990-04\Cadriciel\Sources\C++\x64\Debug\ModeApproche.obj
C:\Users\Kenny\Desktop\inf2990-04\Cadriciel\Sources\C++\x64\Debug\ModeAttaque.obj
C:\Users\Kenny\Desktop\inf2990-04\Cadriciel\Sources\C++\x64\Debug\ModeCampagne.obj
C:\Users\Kenny\Desktop\inf2990-04\Cadriciel\Sources\C++\x64\Debug\ModeEdition.obj
C:\Users\Kenny\Desktop\inf2990-04\Cadriciel\Sources\C++\x64\Debug\ModeJeu.obj
C:\Users\Kenny\Desktop\inf2990-04\Cadriciel\Sources\C++\x64\Debug\Modele3D.obj
C:\Users\Kenny\Desktop\inf2990-04\Cadriciel\Sources\C++\x64\Debug\ModePartieRapide.obj
C:\Users\Kenny\Desktop\inf2990-04\Cadriciel\Sources\C++\x64\Debug\ModeRecherche.obj
C:\Users\Kenny\Desktop\inf2990-04\Cadriciel\Sources\C++\x64\Debug\ModeTest.obj
C:\Users\Kenny\Desktop\inf2990-04\Cadriciel\Sources\C++\x64\Debug\NoeudAbstrait.obj
C:\Users\Kenny\Desktop\inf2990-04\Cadriciel\Sources\C++\x64\Debug\NoeudAbstraitTest.obj
C:\Users\Kenny\Desktop\inf2990-04\Cadriciel\Sources\C++\x64\Debug\NoeudAccelerateur.obj
C:\Users\Kenny\Desktop\inf2990-04\Cadriciel\Sources\C++\x64\Debug\NoeudAsteroide.obj
C:\Users\Kenny\Desktop\inf2990-04\Cadriciel\Sources\C++\x64\Debug\NoeudBarriere.obj
C:\Users\Kenny\Desktop\inf2990-04\Cadriciel\Sources\C++\x64\Debug\NoeudComposite.obj
C:\Users\Kenny\Desktop\inf2990-04\Cadriciel\Sources\C++\x64\Debug\NoeudCompositeTest.obj
C:\Users\Kenny\Desktop\inf2990-04\Cadriciel\Sources\C++\x64\Debug\NoeudPortail.obj
C:\Users\Kenny\Desktop\inf2990-04\Cadriciel\Sources\C++\x64\Debug\NoeudPositionDepart.obj
C:\Users\Kenny\Desktop\inf2990-04\Cadriciel\Sources\C++\x64\Debug\NoeudProjectile.obj
C:\Users\Kenny\Desktop\inf2990-04\Cadriciel\Sources\C++\x64\Debug\NoeudStation.obj
C:\Users\Kenny\Desktop\inf2990-04\Cadriciel\Sources\C++\x64\Debug\NoeudVaisseau.obj
C:\Users\Kenny\Desktop\inf2990-04\Cadriciel\Sources\C++\x64\Debug\Phont.obj
C:\Users\Kenny\Desktop\inf2990-04\Cadriciel\Sources\C++\x64\Debug\Portail.obj
C:\Users\Kenny\Desktop\inf2990-04\Cadriciel\Sources\C++\x64\Debug\PositionDepart.obj
C:\Users\Kenny\Desktop\inf2990-04\Cadriciel\Sources\C++\x64\Debug\Projectile.obj
C:\Users\Kenny\Desktop\inf2990-04\Cadriciel\Sources\C++\x64\Debug\ProjectionOrthoTest.obj
C:\Users\Kenny\Desktop\inf2990-04\Cadriciel\Sources\C++\x64\Debug\QuadTree.obj
C:\Users\Kenny\Desktop\inf2990-04\Cadriciel\Sources\C++\x64\Debug\Station.obj
C:\Users\Kenny\Desktop\inf2990-04\Cadriciel\Sources\C++\x64\Debug\TestVaisseau.obj
C:\Users\Kenny\Desktop\inf2990-04\Cadriciel\Sources\C++\x64\Debug\UtilitaireINF2990.obj
C:\Users\Kenny\Desktop\inf2990-04\Cadriciel\Sources\C++\x64\Debug\Vaisseau.obj
C:\Users\Kenny\Desktop\inf2990-04\Cadriciel\Sources\C++\x64\Debug\VaisseauJoueur.obj
C:\Users\Kenny\Desktop\inf2990-04\Cadriciel\Sources\C++\x64\Debug\VaisseauVirtuel.obj
C:\Users\Kenny\Desktop\inf2990-04\Cadriciel\Sources\C++\x64\Debug\Vecteur3fTest.obj
C:\Users\Kenny\Desktop\inf2990-04\Cadriciel\Sources\C++\x64\Debug\cl.command.1.tlog
C:\Users\Kenny\Desktop\inf2990-04\Cadriciel\Sources\C++\x64\Debug\CL.read.1.tlog
C:\Users\Kenny\Desktop\inf2990-04\Cadriciel\Sources\C++\x64\Debug\CL.write.1.tlog
C:\Users\Kenny\Desktop\inf2990-04\Cadriciel\Sources\C++\x64\Debug\INF2990.write.1.tlog
C:\Users\Kenny\Desktop\inf2990-04\Cadriciel\Sources\C++\x64\Debug\link.command.1.tlog
C:\Users\Kenny\Desktop\inf2990-04\Cadriciel\Sources\C++\x64\Debug\link.read.1.tlog
C:\Users\Kenny\Desktop\inf2990-04\Cadriciel\Sources\C++\x64\Debug\link.write.1.tlog
C:\Users\Kenny\Desktop\inf2990-04\Cadriciel\Sources\C++\x64\Debug\mt.command.1.tlog
C:\Users\Kenny\Desktop\inf2990-04\Cadriciel\Sources\C++\x64\Debug\mt.read.1.tlog
C:\Users\Kenny\Desktop\inf2990-04\Cadriciel\Sources\C++\x64\Debug\mt.write.1.tlog
C:\Users\Kenny\Desktop\inf2990-04\Cadriciel\Sources\C++\x64\Debug\INF2990.dll.intermediate.manifest
C:\Users\Kenny\Desktop\inf2990-04\Cadriciel\Sources\C++\x64\Debug\vc100.idb
C:\Users\Kenny\Desktop\inf2990-04\Cadriciel\Sources\C++\x64\Debug\vc100.pdb
C:\Users\Kenny\Desktop\inf2990-04\Cadriciel\Sources\C++\../../Exe/DLL/INF2990.dll
