#
# A fatal error has been detected by the Java Runtime Environment:
#
#  EXCEPTION_ACCESS_VIOLATION (0xc0000005) at pc=0x0000000180019de9, pid=4924, tid=3364
#
# JRE version: Java(TM) SE Runtime Environment (7.0_51-b13) (build 1.7.0_51-b13)
# Java VM: Java HotSpot(TM) 64-Bit Server VM (24.51-b03 mixed mode windows-amd64 compressed oops)
# Problematic frame:
# C  [INF2990.dll+0x19de9]
#
# Failed to write core dump. Minidumps are not enabled by default on client versions of Windows
#
# If you would like to submit a bug report, please visit:
#   http://bugreport.sun.com/bugreport/crash.jsp
# The crash happened outside the Java Virtual Machine in native code.
# See problematic frame for where to report the bug.
#

---------------  T H R E A D  ---------------

Current thread (0x000000000c058800):  JavaThread "AWT-EventQueue-0" [_thread_in_native, id=3364, stack(0x000000000cf00000,0x000000000d000000)]

siginfo: ExceptionCode=0xc0000005, reading address 0x0000000000000008

Registers:
RAX=0x000000000e783990, RBX=0x000000018009f250, RCX=0x0000000000000000, RDX=0x0000000000000000
RSP=0x000000000cffbfb0, RBP=0x000000018009f298, RSI=0x000000000000001a, RDI=0x0000000000000000
R8 =0x0000000000000080, R9 =0x0000000000000000, R10=0x00007ffc957b0000, R11=0x000000000ef7a1c8
R12=0x000000000cffc440, R13=0x0000000000000001, R14=0x0000000000000001, R15=0x0000000000000001
RIP=0x0000000180019de9, EFLAGS=0x0000000000010206

Top of Stack: (sp=0x000000000cffbfb0)
0x000000000cffbfb0:   0000000000000000 000000000c2dca60
0x000000000cffbfc0:   0000000000000001 0000000000000001
0x000000000cffbfd0:   0000000000000001 000000000cffc440
0x000000000cffbfe0:   0000000000000000 000000000cffc0a9
0x000000000cffbff0:   000000000c2ddc10 000000018001ec67
0x000000000cffc000:   000000000bfb1910 000000000c2dca60
0x000000000cffc010:   000000000bfb1910 000000000c2ddc10
0x000000000cffc020:   000000000c2b04f0 00000001800783f0
0x000000000cffc030:   000000000000001c 0000000051558d17
0x000000000cffc040:   000000000c2dcaf0 0000000000000002
0x000000000cffc050:   0000000000000001 0000000000000001
0x000000000cffc060:   000000000cffc440 0000000000000001
0x000000000cffc070:   000000000c2dca60 000000000c2dca60
0x000000000cffc080:   0000000000000198 0000000051558d17
0x000000000cffc090:   0000000000000001 000000000c2ddc10
0x000000000cffc0a0:   fffffffffffffffe 000000000dea5120 

Instructions: (pc=0x0000000180019de9)
0x0000000180019dc9:   00 b9 01 00 00 00 48 89 74 24 58 ff 15 b6 b8 04
0x0000000180019dd9:   00 ba 00 13 00 00 8b c8 8b f0 ff 15 af b8 04 00
0x0000000180019de9:   4c 8b 47 08 48 8b d7 48 8b cb e8 b8 0a 00 00 ff
0x0000000180019df9:   15 a2 b8 04 00 48 8b 5d 08 48 8b 4b 08 80 79 29 


Register to memory mapping:

RAX=0x000000000e783990 is an unknown value
RBX=0x000000018009f250 is an unknown value
RCX=0x0000000000000000 is an unknown value
RDX=0x0000000000000000 is an unknown value
RSP=0x000000000cffbfb0 is pointing into the stack for thread: 0x000000000c058800
RBP=0x000000018009f298 is an unknown value
RSI=0x000000000000001a is an unknown value
RDI=0x0000000000000000 is an unknown value
R8 =0x0000000000000080 is an unknown value
R9 =0x0000000000000000 is an unknown value
R10=0x00007ffc957b0000 is an unknown value
R11=0x000000000ef7a1c8 is an unknown value
R12=0x000000000cffc440 is pointing into the stack for thread: 0x000000000c058800
R13=0x0000000000000001 is an unknown value
R14=0x0000000000000001 is an unknown value
R15=0x0000000000000001 is an unknown value


Stack: [0x000000000cf00000,0x000000000d000000],  sp=0x000000000cffbfb0,  free space=1007k
Native frames: (J=compiled Java code, j=interpreted, Vv=VM code, C=native code)
C  [INF2990.dll+0x19de9]

Java frames: (J=compiled Java code, j=interpreted, Vv=VM code)
j  InterfaceGraphique.Demarrage.fctC_initialiserModeCampagne(II[Ljava/lang/Object;)V+0
j  InterfaceGraphique.InputManager.ConfigurationCampagne()V+68
v  ~StubRoutines::call_stub
j  sun.reflect.NativeMethodAccessorImpl.invoke0(Ljava/lang/reflect/Method;Ljava/lang/Object;[Ljava/lang/Object;)Ljava/lang/Object;+0
j  sun.reflect.NativeMethodAccessorImpl.invoke(Ljava/lang/Object;[Ljava/lang/Object;)Ljava/lang/Object;+87
j  sun.reflect.DelegatingMethodAccessorImpl.invoke(Ljava/lang/Object;[Ljava/lang/Object;)Ljava/lang/Object;+6
j  java.lang.reflect.Method.invoke(Ljava/lang/Object;[Ljava/lang/Object;)Ljava/lang/Object;+57
j  InterfaceGraphique.GestionnaireBoutons.actionPerformed(Ljava/awt/event/ActionEvent;)V+100
j  javax.swing.AbstractButton.fireActionPerformed(Ljava/awt/event/ActionEvent;)V+84
j  javax.swing.AbstractButton$Handler.actionPerformed(Ljava/awt/event/ActionEvent;)V+5
j  javax.swing.DefaultButtonModel.fireActionPerformed(Ljava/awt/event/ActionEvent;)V+35
j  javax.swing.DefaultButtonModel.setPressed(Z)V+117
j  javax.swing.plaf.basic.BasicButtonListener.mouseReleased(Ljava/awt/event/MouseEvent;)V+35
j  java.awt.Component.processMouseEvent(Ljava/awt/event/MouseEvent;)V+64
j  javax.swing.JComponent.processMouseEvent(Ljava/awt/event/MouseEvent;)V+23
j  java.awt.Component.processEvent(Ljava/awt/AWTEvent;)V+81
j  java.awt.Container.processEvent(Ljava/awt/AWTEvent;)V+18
j  java.awt.Component.dispatchEventImpl(Ljava/awt/AWTEvent;)V+581
j  java.awt.Container.dispatchEventImpl(Ljava/awt/AWTEvent;)V+42
j  java.awt.Component.dispatchEvent(Ljava/awt/AWTEvent;)V+2
j  java.awt.LightweightDispatcher.retargetMouseEvent(Ljava/awt/Component;ILjava/awt/event/MouseEvent;)V+327
j  java.awt.LightweightDispatcher.processMouseEvent(Ljava/awt/event/MouseEvent;)Z+139
j  java.awt.LightweightDispatcher.dispatchEvent(Ljava/awt/AWTEvent;)Z+50
j  java.awt.Container.dispatchEventImpl(Ljava/awt/AWTEvent;)V+12
j  java.awt.Window.dispatchEventImpl(Ljava/awt/AWTEvent;)V+19
j  java.awt.Component.dispatchEvent(Ljava/awt/AWTEvent;)V+2
j  java.awt.EventQueue.dispatchEventImpl(Ljava/awt/AWTEvent;Ljava/lang/Object;)V+41
j  java.awt.EventQueue.access$200(Ljava/awt/EventQueue;Ljava/awt/AWTEvent;Ljava/lang/Object;)V+3
j  java.awt.EventQueue$3.run()Ljava/lang/Void;+12
j  java.awt.EventQueue$3.run()Ljava/lang/Object;+1
v  ~StubRoutines::call_stub
j  java.security.AccessController.doPrivileged(Ljava/security/PrivilegedAction;Ljava/security/AccessControlContext;)Ljava/lang/Object;+0
j  java.security.ProtectionDomain$1.doIntersectionPrivilege(Ljava/security/PrivilegedAction;Ljava/security/AccessControlContext;Ljava/security/AccessControlContext;)Ljava/lang/Object;+28
j  java.security.ProtectionDomain$1.doIntersectionPrivilege(Ljava/security/PrivilegedAction;Ljava/security/AccessControlContext;)Ljava/lang/Object;+6
j  java.awt.EventQueue$4.run()Ljava/lang/Void;+11
j  java.awt.EventQueue$4.run()Ljava/lang/Object;+1
v  ~StubRoutines::call_stub
j  java.security.AccessController.doPrivileged(Ljava/security/PrivilegedAction;Ljava/security/AccessControlContext;)Ljava/lang/Object;+0
j  java.security.ProtectionDomain$1.doIntersectionPrivilege(Ljava/security/PrivilegedAction;Ljava/security/AccessControlContext;Ljava/security/AccessControlContext;)Ljava/lang/Object;+28
j  java.awt.EventQueue.dispatchEvent(Ljava/awt/AWTEvent;)V+73
j  java.awt.EventDispatchThread.pumpOneEventForFilters(I)V+245
j  java.awt.EventDispatchThread.pumpEventsForFilter(ILjava/awt/Conditional;Ljava/awt/EventFilter;)V+35
j  java.awt.EventDispatchThread.pumpEventsForHierarchy(ILjava/awt/Conditional;Ljava/awt/Component;)V+11
j  java.awt.EventDispatchThread.pumpEvents(ILjava/awt/Conditional;)V+4
j  java.awt.EventDispatchThread.pumpEvents(Ljava/awt/Conditional;)V+3
j  java.awt.EventDispatchThread.run()V+9
v  ~StubRoutines::call_stub

---------------  P R O C E S S  ---------------

Java Threads: ( => current thread )
  0x000000000e085800 JavaThread "Timer-0" [_thread_blocked, id=3512, stack(0x0000000010da0000,0x0000000010ea0000)]
  0x000000000c113800 JavaThread "TimerQueue" daemon [_thread_blocked, id=4788, stack(0x000000000dc50000,0x000000000dd50000)]
  0x0000000002340800 JavaThread "DestroyJavaVM" [_thread_blocked, id=5100, stack(0x0000000002240000,0x0000000002340000)]
=>0x000000000c058800 JavaThread "AWT-EventQueue-0" [_thread_in_native, id=3364, stack(0x000000000cf00000,0x000000000d000000)]
  0x000000000c056000 JavaThread "AWT-Windows" daemon [_thread_in_native, id=4948, stack(0x000000000cc90000,0x000000000cd90000)]
  0x000000000c055000 JavaThread "AWT-Shutdown" [_thread_blocked, id=716, stack(0x000000000cb90000,0x000000000cc90000)]
  0x000000000c054800 JavaThread "Java2D Disposer" daemon [_thread_blocked, id=3472, stack(0x000000000ca90000,0x000000000cb90000)]
  0x000000000a558000 JavaThread "Service Thread" daemon [_thread_blocked, id=5312, stack(0x000000000bce0000,0x000000000bde0000)]
  0x000000000a546000 JavaThread "C2 CompilerThread1" daemon [_thread_blocked, id=6496, stack(0x000000000bbe0000,0x000000000bce0000)]
  0x000000000a544000 JavaThread "C2 CompilerThread0" daemon [_thread_blocked, id=3024, stack(0x000000000bae0000,0x000000000bbe0000)]
  0x000000000a543000 JavaThread "Attach Listener" daemon [_thread_blocked, id=4780, stack(0x000000000b9e0000,0x000000000bae0000)]
  0x000000000a540000 JavaThread "Signal Dispatcher" daemon [_thread_blocked, id=2984, stack(0x000000000b8e0000,0x000000000b9e0000)]
  0x000000000a50e000 JavaThread "Finalizer" daemon [_thread_blocked, id=6732, stack(0x000000000b7e0000,0x000000000b8e0000)]
  0x000000000a502800 JavaThread "Reference Handler" daemon [_thread_blocked, id=5844, stack(0x000000000b6e0000,0x000000000b7e0000)]

Other Threads:
  0x000000000a501000 VMThread [stack: 0x000000000b5e0000,0x000000000b6e0000] [id=5116]
  0x000000000a572800 WatcherThread [stack: 0x000000000bde0000,0x000000000bee0000] [id=7004]

VM state:not at safepoint (normal execution)

VM Mutex/Monitor currently owned by a thread: None

Heap
 PSYoungGen      total 36864K, used 20262K [0x00000007d7000000, 0x00000007d9900000, 0x0000000800000000)
  eden space 31744K, 63% used [0x00000007d7000000,0x00000007d83c99e0,0x00000007d8f00000)
  from space 5120K, 0% used [0x00000007d9400000,0x00000007d9400000,0x00000007d9900000)
  to   space 5120K, 0% used [0x00000007d8f00000,0x00000007d8f00000,0x00000007d9400000)
 ParOldGen       total 83968K, used 0K [0x0000000785000000, 0x000000078a200000, 0x00000007d7000000)
  object space 83968K, 0% used [0x0000000785000000,0x0000000785000000,0x000000078a200000)
 PSPermGen       total 21504K, used 12036K [0x000000077fe00000, 0x0000000781300000, 0x0000000785000000)
  object space 21504K, 55% used [0x000000077fe00000,0x00000007809c11c8,0x0000000781300000)

Card table byte_map: [0x0000000005500000,0x0000000005910000] byte_map_base: 0x0000000001901000

Polling page: 0x0000000002070000

Code Cache  [0x0000000002440000, 0x00000000026b0000, 0x0000000005440000)
 total_blobs=522 nmethods=85 adapters=389 free_code_cache=48467Kb largest_free_block=49607744

Compilation events (10 events):
Event: 14.189 Thread 0x000000000a546000   81             java.awt.EventQueue::getNextEventPrivate (76 bytes)
Event: 14.197 Thread 0x000000000a546000 nmethod 81 0x00000000024dcdd0 code [0x00000000024dcf20, 0x00000000024dd108]
Event: 14.659 Thread 0x000000000a544000   82             sun.awt.AWTAutoShutdown::getInstance (4 bytes)
Event: 14.659 Thread 0x000000000a544000 nmethod 82 0x00000000024dcbd0 code [0x00000000024dcd00, 0x00000000024dcd58]
Event: 16.346 Thread 0x000000000a546000   83             java.util.EventObject::getSource (5 bytes)
Event: 16.347 Thread 0x000000000a546000 nmethod 83 0x00000000024dc9d0 code [0x00000000024dcb00, 0x00000000024dcb78]
Event: 17.845 Thread 0x000000000a544000   84             java.awt.Component::getParent_NoClientCode (5 bytes)
Event: 17.845 Thread 0x000000000a544000 nmethod 84 0x00000000024dc7d0 code [0x00000000024dc900, 0x00000000024dc978]
Event: 17.964 Thread 0x000000000a546000   85             java.awt.Component::getParent (5 bytes)
Event: 17.965 Thread 0x000000000a546000 nmethod 85 0x00000000024dc350 code [0x00000000024dc480, 0x00000000024dc4f8]

GC Heap History (0 events):
No events

Deoptimization events (10 events):
Event: 0.424 Thread 0x000000000c058800 Uncommon trap: reason=class_check action=maybe_recompile pc=0x00000000024b0564 method=java.lang.String.equals(Ljava/lang/Object;)Z @ 8
Event: 0.424 Thread 0x000000000c058800 Uncommon trap: reason=class_check action=maybe_recompile pc=0x00000000024b0564 method=java.lang.String.equals(Ljava/lang/Object;)Z @ 8
Event: 0.424 Thread 0x000000000c058800 Uncommon trap: reason=class_check action=maybe_recompile pc=0x00000000024b0564 method=java.lang.String.equals(Ljava/lang/Object;)Z @ 8
Event: 0.424 Thread 0x000000000c058800 Uncommon trap: reason=class_check action=maybe_recompile pc=0x00000000024b0564 method=java.lang.String.equals(Ljava/lang/Object;)Z @ 8
Event: 1.169 Thread 0x000000000c058800 Uncommon trap: reason=predicate action=maybe_recompile pc=0x00000000024d12bc method=java.util.ArrayList.indexOf(Ljava/lang/Object;)I @ 44
Event: 4.208 Thread 0x000000000c058800 Uncommon trap: reason=bimorphic action=maybe_recompile pc=0x00000000024d2f00 method=java.util.ArrayList.indexOf(Ljava/lang/Object;)I @ 51
Event: 4.260 Thread 0x000000000c058800 Uncommon trap: reason=bimorphic action=maybe_recompile pc=0x00000000024d2f00 method=java.util.ArrayList.indexOf(Ljava/lang/Object;)I @ 51
Event: 4.260 Thread 0x000000000c058800 Uncommon trap: reason=bimorphic action=maybe_recompile pc=0x00000000024d2f00 method=java.util.ArrayList.indexOf(Ljava/lang/Object;)I @ 51
Event: 4.260 Thread 0x000000000c058800 Uncommon trap: reason=bimorphic action=maybe_recompile pc=0x00000000024d2f00 method=java.util.ArrayList.indexOf(Ljava/lang/Object;)I @ 51
Event: 17.990 Thread 0x000000000c058800 Uncommon trap: reason=class_check action=maybe_recompile pc=0x00000000024ee3a8 method=java.awt.Container.findComponentAtImpl(IIZ)Ljava/awt/Component; @ 76

Internal exceptions (10 events):
Event: 0.212 Thread 0x0000000002340800 Threw 0x00000007d7148048 at C:\re\jdk7u51\527\hotspot\src\share\vm\prims\jvm.cpp:1244
Event: 0.213 Thread 0x0000000002340800 Threw 0x00000007d7149420 at C:\re\jdk7u51\527\hotspot\src\share\vm\prims\jvm.cpp:1244
Event: 0.214 Thread 0x0000000002340800 Threw 0x00000007d714b8f8 at C:\re\jdk7u51\527\hotspot\src\share\vm\prims\jni.cpp:717
Event: 0.254 Thread 0x000000000c058800 Threw 0x00000007d7332fa0 at C:\re\jdk7u51\527\hotspot\src\share\vm\prims\jni.cpp:717
Event: 0.276 Thread 0x000000000c058800 Threw 0x00000007d73787c8 at C:\re\jdk7u51\527\hotspot\src\share\vm\prims\jvm.cpp:1244
Event: 0.276 Thread 0x000000000c058800 Threw 0x00000007d7379a50 at C:\re\jdk7u51\527\hotspot\src\share\vm\prims\jvm.cpp:1244
Event: 0.277 Thread 0x000000000c058800 Threw 0x00000007d737df88 at C:\re\jdk7u51\527\hotspot\src\share\vm\prims\jvm.cpp:1244
Event: 0.277 Thread 0x000000000c058800 Threw 0x00000007d737f210 at C:\re\jdk7u51\527\hotspot\src\share\vm\prims\jvm.cpp:1244
Event: 4.201 Thread 0x000000000c058800 Threw 0x00000007d81f3270 at C:\re\jdk7u51\527\hotspot\src\share\vm\interpreter\interpreterRuntime.cpp:362
Event: 17.939 Thread 0x000000000c058800 Threw 0x00000007d831cd88 at C:\re\jdk7u51\527\hotspot\src\share\vm\interpreter\interpreterRuntime.cpp:362

Events (10 events):
Event: 17.990 Thread 0x000000000c058800 DEOPT PACKING pc=0x00000000024ee3a8 sp=0x000000000cffba20
Event: 17.990 Thread 0x000000000c058800 DEOPT UNPACKING pc=0x00000000024775a4 sp=0x000000000cffb958 mode 2
Event: 17.991 loading class 0x00000000023d7c80
Event: 17.991 loading class 0x00000000023d7c80 done
Event: 17.991 loading class 0x00000000023dac20
Event: 17.991 loading class 0x00000000023dac20 done
Event: 17.991 loading class 0x00000000023c1830
Event: 17.991 loading class 0x00000000023c1830 done
Event: 17.991 loading class 0x00000000023c1810
Event: 17.991 loading class 0x00000000023c1810 done


Dynamic libraries:
0x00007ff6ad750000 - 0x00007ff6ad783000 	C:\Program Files\Java\jdk1.7.0_51\jre\bin\java.exe
0x00007ffc957b0000 - 0x00007ffc95959000 	C:\WINDOWS\SYSTEM32\ntdll.dll
0x00007ffc93ce0000 - 0x00007ffc93e19000 	C:\WINDOWS\system32\KERNEL32.DLL
0x00007ffc92d00000 - 0x00007ffc92e0f000 	C:\WINDOWS\system32\KERNELBASE.dll
0x00007ffc91760000 - 0x00007ffc917eb000 	C:\WINDOWS\system32\apphelp.dll
0x00007ffc76420000 - 0x00007ffc7646f000 	C:\WINDOWS\AppPatch\AppPatch64\AcGenral.DLL
0x00007ffc93100000 - 0x00007ffc931a7000 	C:\WINDOWS\system32\msvcrt.dll
0x00007ffc92970000 - 0x00007ffc9299b000 	C:\WINDOWS\SYSTEM32\SspiCli.dll
0x00007ffc937d0000 - 0x00007ffc93821000 	C:\WINDOWS\system32\SHLWAPI.dll
0x00007ffc93e20000 - 0x00007ffc93f91000 	C:\WINDOWS\system32\USER32.dll
0x00007ffc954f0000 - 0x00007ffc95666000 	C:\WINDOWS\system32\ole32.dll
0x00007ffc940e0000 - 0x00007ffc954f0000 	C:\WINDOWS\system32\SHELL32.dll
0x00007ffc921a0000 - 0x00007ffc921bf000 	C:\WINDOWS\SYSTEM32\USERENV.dll
0x00007ffc93390000 - 0x00007ffc93435000 	C:\WINDOWS\system32\ADVAPI32.dll
0x00007ffc87100000 - 0x00007ffc8711b000 	C:\WINDOWS\SYSTEM32\MPR.dll
0x00007ffc95670000 - 0x00007ffc957a6000 	C:\WINDOWS\system32\RPCRT4.dll
0x00007ffc939a0000 - 0x00007ffc939f7000 	C:\WINDOWS\SYSTEM32\sechost.dll
0x00007ffc931b0000 - 0x00007ffc93387000 	C:\WINDOWS\SYSTEM32\combase.dll
0x00007ffc934a0000 - 0x00007ffc935e5000 	C:\WINDOWS\system32\GDI32.dll
0x00007ffc92b30000 - 0x00007ffc92b44000 	C:\WINDOWS\SYSTEM32\profapi.dll
0x00007ffc90fe0000 - 0x00007ffc91081000 	C:\WINDOWS\SYSTEM32\SHCORE.dll
0x00007ffc94090000 - 0x00007ffc940c4000 	C:\WINDOWS\system32\IMM32.DLL
0x00007ffc93a00000 - 0x00007ffc93b38000 	C:\WINDOWS\system32\MSCTF.dll
0x00007ffc906f0000 - 0x00007ffc9094a000 	C:\WINDOWS\WinSxS\amd64_microsoft.windows.common-controls_6595b64144ccf1df_6.0.9600.16384_none_62475f7becb72503\COMCTL32.dll
0x00000000514f0000 - 0x00000000515c2000 	C:\Program Files\Java\jdk1.7.0_51\jre\bin\msvcr100.dll
0x0000000050210000 - 0x00000000509d9000 	C:\Program Files\Java\jdk1.7.0_51\jre\bin\server\jvm.dll
0x00007ffc89e60000 - 0x00007ffc89e69000 	C:\WINDOWS\SYSTEM32\WSOCK32.dll
0x00007ffc8baa0000 - 0x00007ffc8babf000 	C:\WINDOWS\SYSTEM32\WINMM.dll
0x00007ffc93fa0000 - 0x00007ffc93fa7000 	C:\WINDOWS\system32\PSAPI.DLL
0x00007ffc93890000 - 0x00007ffc938e8000 	C:\WINDOWS\system32\WS2_32.dll
0x00007ffc8ba70000 - 0x00007ffc8ba9a000 	C:\WINDOWS\SYSTEM32\WINMMBASE.dll
0x00007ffc94080000 - 0x00007ffc94089000 	C:\WINDOWS\system32\NSI.dll
0x00007ffc92e10000 - 0x00007ffc92e5a000 	C:\WINDOWS\SYSTEM32\cfgmgr32.dll
0x00007ffc919b0000 - 0x00007ffc919d6000 	C:\WINDOWS\SYSTEM32\DEVOBJ.dll
0x00000000514e0000 - 0x00000000514ef000 	C:\Program Files\Java\jdk1.7.0_51\jre\bin\verify.dll
0x00000000514b0000 - 0x00000000514d8000 	C:\Program Files\Java\jdk1.7.0_51\jre\bin\java.dll
0x0000000051490000 - 0x00000000514a5000 	C:\Program Files\Java\jdk1.7.0_51\jre\bin\zip.dll
0x0000000051470000 - 0x0000000051489000 	C:\Program Files\Java\jdk1.7.0_51\jre\bin\net.dll
0x00007ffc923f0000 - 0x00007ffc92448000 	C:\WINDOWS\system32\mswsock.dll
0x0000000180000000 - 0x00000001800a9000 	C:\Users\Kenny\Desktop\inf2990-04\Remise\Livrable2\DLL\INF2990.dll
0x00007ffc7ddd0000 - 0x00007ffc7def1000 	C:\WINDOWS\SYSTEM32\OPENGL32.dll
0x0000000051460000 - 0x0000000051467000 	C:\Program Files\Java\jdk1.7.0_51\jre\bin\jawt.dll
0x00007ffc7e230000 - 0x00007ffc7e450000 	C:\Users\Kenny\Desktop\inf2990-04\Remise\Livrable2\assimp_R_x64.dll
0x000000000c2e0000 - 0x000000000c66e000 	C:\Users\Kenny\Desktop\inf2990-04\Remise\Livrable2\FreeImage.dll
0x00000000521d0000 - 0x0000000052268000 	C:\WINDOWS\SYSTEM32\MSVCP100.dll
0x00007ffc82300000 - 0x00007ffc8232c000 	C:\WINDOWS\SYSTEM32\GLU32.dll
0x00007ffc7dcd0000 - 0x00007ffc7ddc4000 	C:\WINDOWS\SYSTEM32\DDRAW.dll
0x0000000050070000 - 0x0000000050205000 	C:\Program Files\Java\jdk1.7.0_51\jre\bin\awt.dll
0x00007ffc8e950000 - 0x00007ffc8e959000 	C:\WINDOWS\SYSTEM32\DCIMAN32.dll
0x00007ffc93fb0000 - 0x00007ffc94067000 	C:\WINDOWS\system32\OLEAUT32.dll
0x00007ffc91830000 - 0x00007ffc91952000 	C:\WINDOWS\system32\uxtheme.dll
0x00007ffc8c7f0000 - 0x00007ffc8c888000 	C:\Program Files\Common Files\microsoft shared\ink\tiptsf.dll
0x00007ffc90e00000 - 0x00007ffc90e21000 	C:\WINDOWS\system32\dwmapi.dll
0x00007ffc91a00000 - 0x00007ffc91a0a000 	C:\WINDOWS\SYSTEM32\kernel.appcore.dll
0x00007ffc92a00000 - 0x00007ffc92a0a000 	C:\WINDOWS\SYSTEM32\CRYPTBASE.dll
0x00007ffc929a0000 - 0x00007ffc929fe000 	C:\WINDOWS\SYSTEM32\bcryptPrimitives.dll
0x00007ffc76470000 - 0x00007ffc7669f000 	C:\Program Files\Acer\Acer Power Management\SysHook.dll
0x00007ffc8c3d0000 - 0x00007ffc8c3d7000 	C:\WINDOWS\SYSTEM32\MSIMG32.dll
0x00007ffc93060000 - 0x00007ffc930fa000 	C:\WINDOWS\system32\COMDLG32.dll
0x00007ffc8bac0000 - 0x00007ffc8bb3b000 	C:\WINDOWS\SYSTEM32\WINSPOOL.DRV
0x00007ffc93b40000 - 0x00007ffc93cd8000 	C:\WINDOWS\WinSxS\amd64_microsoft.windows.gdiplus_6595b64144ccf1df_1.1.9600.16384_none_9332526147499ed1\gdiplus.dll
0x00007ffc8ebe0000 - 0x00007ffc8ec43000 	C:\WINDOWS\SYSTEM32\OLEACC.dll
0x0000000051410000 - 0x0000000051457000 	C:\Program Files\Java\jdk1.7.0_51\jre\bin\fontmanager.dll
0x00000000513f0000 - 0x0000000051401000 	C:\Program Files\Java\jdk1.7.0_51\jre\bin\nio.dll
0x00000000513a0000 - 0x00000000513e1000 	C:\Program Files\Java\jdk1.7.0_51\jre\bin\t2k.dll
0x00007ffc938f0000 - 0x00007ffc93994000 	C:\WINDOWS\SYSTEM32\clbcatq.dll
0x000000000e780000 - 0x000000000ef0e000 	C:\WINDOWS\SYSTEM32\ig75icd64.dll
0x00007ffc8f440000 - 0x00007ffc8f880000 	C:\WINDOWS\SYSTEM32\igdusc64.dll
0x00007ffc92ad0000 - 0x00007ffc92b15000 	C:\WINDOWS\SYSTEM32\powrprof.dll
0x0000000051370000 - 0x00000000513a0000 	C:\Program Files\Java\jdk1.7.0_51\jre\bin\jpeg.dll
0x0000000051340000 - 0x000000005136a000 	C:\Program Files\Java\jdk1.7.0_51\jre\bin\dcpr.dll
0x00007ffc80040000 - 0x00007ffc801c8000 	C:\WINDOWS\SYSTEM32\dbghelp.dll

VM Arguments:
java_command: InterfaceGraphique.jar
Launcher Type: SUN_STANDARD

Environment Variables:
JAVA_HOME=C:\Program Files\Java\jdk1.7.0_51
PATH=C:\Program Files (x86)\Intel\iCLS Client\;C:\Program Files\Intel\iCLS Client\;C:\WINDOWS\system32;C:\WINDOWS;C:\WINDOWS\System32\Wbem;C:\WINDOWS\System32\WindowsPowerShell\v1.0\;C:\Program Files (x86)\Intel\OpenCL SDK\3.0\bin\x86;C:\Program Files (x86)\Intel\OpenCL SDK\3.0\bin\x64;C:\Program Files\Intel\WiFi\bin\;C:\Program Files\Common Files\Intel\WirelessCommon\;C:\Program Files\Intel\Intel(R) Management Engine Components\DAL;C:\Program Files\Intel\Intel(R) Management Engine Components\IPT;C:\Program Files (x86)\Intel\Intel(R) Management Engine Components\DAL;C:\Program Files (x86)\Intel\Intel(R) Management Engine Components\IPT;C:\Program Files\Microsoft\Web Platform Installer\;C:\Program Files (x86)\Microsoft ASP.NET\ASP.NET Web Pages\v1.0\;C:\Program Files (x86)\Windows Kits\8.0\Windows Performance Toolkit\;C:\Program Files\Microsoft SQL Server\110\Tools\Binn\;c:\Program Files (x86)\Microsoft SQL Server\100\Tools\Binn\;c:\Program Files\Microsoft SQL Server\100\Tools\Binn\;c:\Program Files\Microsoft SQL Server\100\DTS\Binn\;C:\Program Files\Acer\Remote Files\;C:\Program Files\TortoiseGit\bin;JAVA_HOME\bin\;JAVA_HOME\jre\bin\;C:\Program Files\Java\jdk1.7.0_51\bin\;C:\Program Files\Java\jdk1.7.0_51\jre\bin\
USERNAME=Kenny
OS=Windows_NT
PROCESSOR_IDENTIFIER=Intel64 Family 6 Model 69 Stepping 1, GenuineIntel



---------------  S Y S T E M  ---------------

OS: Windows 8 , 64 bit Build 9200 

CPU:total 4 (2 cores per cpu, 2 threads per core) family 6 model 69 stepping 1, cmov, cx8, fxsr, mmx, sse, sse2, sse3, ssse3, sse4.1, sse4.2, popcnt, avx, avx2, aes, erms, ht, tsc, tscinvbit

Memory: 4k page, physical 8057108k(4571084k free), swap 9302292k(4927884k free)

vm_info: Java HotSpot(TM) 64-Bit Server VM (24.51-b03) for windows-amd64 JRE (1.7.0_51-b13), built on Dec 18 2013 18:40:56 by "java_re" with unknown MS VC++:1600

time: Mon Mar 24 23:58:15 2014
elapsed time: 27 seconds

