#
# A fatal error has been detected by the Java Runtime Environment:
#
#  EXCEPTION_UNCAUGHT_CXX_EXCEPTION (0xe06d7363) at pc=0x00007ffa71695a88, pid=4296, tid=7696
#
# JRE version: Java(TM) SE Runtime Environment (7.0_51-b13) (build 1.7.0_51-b13)
# Java VM: Java HotSpot(TM) 64-Bit Server VM (24.51-b03 mixed mode windows-amd64 compressed oops)
# Problematic frame:
# C  [KERNELBASE.dll+0x5a88]
#
# Failed to write core dump. Minidumps are not enabled by default on client versions of Windows
#
# If you would like to submit a bug report, please visit:
#   http://bugreport.sun.com/bugreport/crash.jsp
# The crash happened outside the Java Virtual Machine in native code.
# See problematic frame for where to report the bug.
#

---------------  T H R E A D  ---------------

Current thread (0x000000000a356000):  JavaThread "AWT-EventQueue-0" [_thread_in_native, id=7696, stack(0x000000000cde0000,0x000000000cee0000)]

siginfo: ExceptionCode=0xe06d7363, ExceptionInformation=0x0000000019930520 0x000000000cede028 0x00000001802a55a8 0x0000000180000000 

Registers:
RAX=0x0000000000000003, RBX=0x0000000780071360, RCX=0x0000000000000065, RDX=0x0000000000000000
RSP=0x000000000cedde30, RBP=0x000000000cede410, RSI=0x00000000628a8830, RDI=0x000000000ceddf80
R8 =0x0000000000000000, R9 =0x0000000000000000, R10=0x0000000000000000, R11=0x0000000000000000
R12=0x0000000000000000, R13=0x0000000780071360, R14=0x000000000cede430, R15=0x000000000a356000
RIP=0x00007ffa71695a88, EFLAGS=0x0000000000000206

Top of Stack: (sp=0x000000000cedde30)
0x000000000cedde30:   000000000cedde90 0000000780071360
0x000000000cedde40:   00000000628a8830 000000000ceddf80
0x000000000cedde50:   00000001e06d7363 0000000000000000
0x000000000cedde60:   00007ffa71695a88 cccccccc00000004
0x000000000cedde70:   0000000019930520 000000000cede028
0x000000000cedde80:   00000001802a55a8 0000000180000000
0x000000000cedde90:   cccccccc00000000 000000000d7dc130
0x000000000ceddea0:   000000000d7dc175 0000000000000001
0x000000000ceddeb0:   0000000000000001 0000000100000000
0x000000000ceddec0:   cccccccc00000001 0000000000000000
0x000000000cedded0:   cccccccc00000000 cccccccccccccccc
0x000000000ceddee0:   000000000a356000 000000000cede430
0x000000000ceddef0:   0000404af020357f 00000000628a8830
0x000000000ceddf00:   0000000780071360 0000000062820da2
0x000000000ceddf10:   00000001801e5fd5 000000000ceddf30
0x000000000ceddf20:   0000000000000001 0000000000000000 

Instructions: (pc=0x00007ffa71695a88)
0x00007ffa71695a68:   44 3b c0 44 0f 47 c0 44 89 44 24 38 49 c1 e0 03
0x00007ffa71695a78:   e8 83 bb ff ff 48 8d 4c 24 20 ff 15 e0 eb 0f 00
0x00007ffa71695a88:   48 8b 8c 24 c0 00 00 00 48 33 cc e8 78 b9 ff ff
0x00007ffa71695a98:   48 81 c4 d8 00 00 00 c3 90 90 90 90 90 90 90 90 


Register to memory mapping:

RAX=0x0000000000000003 is an unknown value
RBX=0x0000000780071360 is an oop
{method} 
 - klass: {other class}
RCX=0x0000000000000065 is an unknown value
RDX=0x0000000000000000 is an unknown value
RSP=0x000000000cedde30 is pointing into the stack for thread: 0x000000000a356000
RBP=0x000000000cede410 is pointing into the stack for thread: 0x000000000a356000
RSI=0x00000000628a8830 is an unknown value
RDI=0x000000000ceddf80 is pointing into the stack for thread: 0x000000000a356000
R8 =0x0000000000000000 is an unknown value
R9 =0x0000000000000000 is an unknown value
R10=0x0000000000000000 is an unknown value
R11=0x0000000000000000 is an unknown value
R12=0x0000000000000000 is an unknown value
R13=0x0000000780071360 is an oop
{method} 
 - klass: {other class}
R14=0x000000000cede430 is pointing into the stack for thread: 0x000000000a356000
R15=0x000000000a356000 is a thread


Stack: [0x000000000cde0000,0x000000000cee0000],  sp=0x000000000cedde30,  free space=1015k
Native frames: (J=compiled Java code, j=interpreted, Vv=VM code, C=native code)
C  [KERNELBASE.dll+0x5a88]
j  InterfaceGraphique.Demarrage.configurationOpenGL()V+7
j  InterfaceGraphique.Demarrage.constructionFenetres()V+84
j  InterfaceGraphique.Demarrage.run()V+8
j  java.awt.event.InvocationEvent.dispatch()V+47
j  java.awt.EventQueue.dispatchEventImpl(Ljava/awt/AWTEvent;Ljava/lang/Object;)V+21
j  java.awt.EventQueue.access$200(Ljava/awt/EventQueue;Ljava/awt/AWTEvent;Ljava/lang/Object;)V+3
j  java.awt.EventQueue$3.run()Ljava/lang/Void;+12
j  java.awt.EventQueue$3.run()Ljava/lang/Object;+1
v  ~StubRoutines::call_stub

Java frames: (J=compiled Java code, j=interpreted, Vv=VM code)
j  InterfaceGraphique.Demarrage.fctC_initialiserOpenGL(Ljava/awt/Canvas;)V+0
j  InterfaceGraphique.Demarrage.configurationOpenGL()V+7
j  InterfaceGraphique.Demarrage.constructionFenetres()V+84
j  InterfaceGraphique.Demarrage.run()V+8
j  java.awt.event.InvocationEvent.dispatch()V+47
j  java.awt.EventQueue.dispatchEventImpl(Ljava/awt/AWTEvent;Ljava/lang/Object;)V+21
j  java.awt.EventQueue.access$200(Ljava/awt/EventQueue;Ljava/awt/AWTEvent;Ljava/lang/Object;)V+3
j  java.awt.EventQueue$3.run()Ljava/lang/Void;+12
j  java.awt.EventQueue$3.run()Ljava/lang/Object;+1
v  ~StubRoutines::call_stub
j  java.security.AccessController.doPrivileged(Ljava/security/PrivilegedAction;Ljava/security/AccessControlContext;)Ljava/lang/Object;+0
j  java.security.ProtectionDomain$1.doIntersectionPrivilege(Ljava/security/PrivilegedAction;Ljava/security/AccessControlContext;Ljava/security/AccessControlContext;)Ljava/lang/Object;+28
j  java.awt.EventQueue.dispatchEvent(Ljava/awt/AWTEvent;)V+46
j  java.awt.EventDispatchThread.pumpOneEventForFilters(I)V+245
j  java.awt.EventDispatchThread.pumpEventsForFilter(ILjava/awt/Conditional;Ljava/awt/EventFilter;)V+35
j  java.awt.EventDispatchThread.pumpEventsForHierarchy(ILjava/awt/Conditional;Ljava/awt/Component;)V+11
j  java.awt.EventDispatchThread.pumpEvents(ILjava/awt/Conditional;)V+4
j  java.awt.EventDispatchThread.pumpEvents(Ljava/awt/Conditional;)V+3
j  java.awt.EventDispatchThread.run()V+9
v  ~StubRoutines::call_stub

---------------  P R O C E S S  ---------------

Java Threads: ( => current thread )
  0x000000000be18000 JavaThread "Image Fetcher 0" daemon [_thread_blocked, id=9728, stack(0x000000000dcb0000,0x000000000ddb0000)]
  0x000000000be17000 JavaThread "TimerQueue" daemon [_thread_blocked, id=10212, stack(0x000000000dbb0000,0x000000000dcb0000)]
  0x00000000020e0800 JavaThread "DestroyJavaVM" [_thread_blocked, id=9924, stack(0x0000000001f90000,0x0000000002090000)]
=>0x000000000a356000 JavaThread "AWT-EventQueue-0" [_thread_in_native, id=7696, stack(0x000000000cde0000,0x000000000cee0000)]
  0x000000000a353800 JavaThread "AWT-Windows" daemon [_thread_in_native, id=11132, stack(0x000000000cad0000,0x000000000cbd0000)]
  0x000000000a353000 JavaThread "AWT-Shutdown" [_thread_blocked, id=6308, stack(0x000000000c9d0000,0x000000000cad0000)]
  0x000000000a352000 JavaThread "Java2D Disposer" daemon [_thread_blocked, id=5584, stack(0x000000000c470000,0x000000000c570000)]
  0x000000000a322000 JavaThread "Service Thread" daemon [_thread_blocked, id=10332, stack(0x000000000ba90000,0x000000000bb90000)]
  0x000000000a317000 JavaThread "C2 CompilerThread1" daemon [_thread_blocked, id=7320, stack(0x000000000b990000,0x000000000ba90000)]
  0x000000000a315800 JavaThread "C2 CompilerThread0" daemon [_thread_blocked, id=4008, stack(0x000000000b890000,0x000000000b990000)]
  0x000000000a312800 JavaThread "Attach Listener" daemon [_thread_blocked, id=3380, stack(0x000000000b790000,0x000000000b890000)]
  0x000000000a30f800 JavaThread "Signal Dispatcher" daemon [_thread_blocked, id=11020, stack(0x000000000b690000,0x000000000b790000)]
  0x000000000a2db000 JavaThread "Finalizer" daemon [_thread_blocked, id=8456, stack(0x000000000b590000,0x000000000b690000)]
  0x000000000a2d2000 JavaThread "Reference Handler" daemon [_thread_blocked, id=10064, stack(0x000000000b490000,0x000000000b590000)]

Other Threads:
  0x000000000a2d0000 VMThread [stack: 0x000000000b390000,0x000000000b490000] [id=1364]
  0x000000000a33c000 WatcherThread [stack: 0x000000000bb90000,0x000000000bc90000] [id=4528]

VM state:not at safepoint (normal execution)

VM Mutex/Monitor currently owned by a thread: None

Heap
 PSYoungGen      total 36864K, used 7624K [0x00000007d7000000, 0x00000007d9900000, 0x0000000800000000)
  eden space 31744K, 24% used [0x00000007d7000000,0x00000007d7772168,0x00000007d8f00000)
  from space 5120K, 0% used [0x00000007d9400000,0x00000007d9400000,0x00000007d9900000)
  to   space 5120K, 0% used [0x00000007d8f00000,0x00000007d8f00000,0x00000007d9400000)
 ParOldGen       total 83968K, used 0K [0x0000000785000000, 0x000000078a200000, 0x00000007d7000000)
  object space 83968K, 0% used [0x0000000785000000,0x0000000785000000,0x000000078a200000)
 PSPermGen       total 21504K, used 11172K [0x000000077fe00000, 0x0000000781300000, 0x0000000785000000)
  object space 21504K, 51% used [0x000000077fe00000,0x00000007808e9318,0x0000000781300000)

Card table byte_map: [0x00000000052a0000,0x00000000056b0000] byte_map_base: 0x00000000016a1000

Polling page: 0x0000000000730000

Code Cache  [0x00000000021e0000, 0x0000000002450000, 0x00000000051e0000)
 total_blobs=474 nmethods=26 adapters=400 free_code_cache=48566Kb largest_free_block=49691008

Compilation events (10 events):
Event: 0.552 Thread 0x000000000a315800 nmethod 22 0x000000000226a890 code [0x000000000226a9e0, 0x000000000226ac98]
Event: 0.562 Thread 0x000000000a315800   23             java.io.Win32FileSystem::normalize (143 bytes)
Event: 0.566 Thread 0x000000000a315800 nmethod 23 0x000000000226c0d0 code [0x000000000226c240, 0x000000000226c570]
Event: 0.567 Thread 0x000000000a315800   24             java.lang.String::lastIndexOf (52 bytes)
Event: 0.569 Thread 0x000000000a315800 nmethod 24 0x000000000226bd10 code [0x000000000226be60, 0x000000000226bfc8]
Event: 0.574 Thread 0x000000000a315800   25             java.util.HashMap::hash (55 bytes)
Event: 0.576 Thread 0x000000000a315800 nmethod 25 0x000000000226b950 code [0x000000000226baa0, 0x000000000226bbe8]
Event: 0.586 Thread 0x000000000a315800   26             java.nio.HeapByteBuffer::_get (7 bytes)
Event: 0.587 Thread 0x000000000a315800 nmethod 26 0x000000000226b210 code [0x000000000226b340, 0x000000000226b3d8]
Event: 0.599 Thread 0x000000000a317000 nmethod 16 0x0000000002275cd0 code [0x0000000002276040, 0x0000000002279930]

GC Heap History (0 events):
No events

Deoptimization events (4 events):
Event: 0.368 Thread 0x000000000a356000 Uncommon trap: reason=class_check action=maybe_recompile pc=0x000000000225cc90 method=java.lang.String.equals(Ljava/lang/Object;)Z @ 8
Event: 0.368 Thread 0x000000000a356000 Uncommon trap: reason=class_check action=maybe_recompile pc=0x000000000225cc90 method=java.lang.String.equals(Ljava/lang/Object;)Z @ 8
Event: 0.368 Thread 0x000000000a356000 Uncommon trap: reason=class_check action=maybe_recompile pc=0x000000000225cc90 method=java.lang.String.equals(Ljava/lang/Object;)Z @ 8
Event: 0.368 Thread 0x000000000a356000 Uncommon trap: reason=class_check action=maybe_recompile pc=0x000000000225cc90 method=java.lang.String.equals(Ljava/lang/Object;)Z @ 8

Internal exceptions (10 events):
Event: 0.576 Thread 0x000000000a356000 Threw 0x00000007d76e12a0 at C:\re\jdk7u51\527\hotspot\src\share\vm\prims\jvm.cpp:1244
Event: 0.577 Thread 0x000000000a356000 Threw 0x00000007d76e4138 at C:\re\jdk7u51\527\hotspot\src\share\vm\prims\jvm.cpp:1244
Event: 0.578 Thread 0x000000000a356000 Threw 0x00000007d76e6fd0 at C:\re\jdk7u51\527\hotspot\src\share\vm\prims\jvm.cpp:1244
Event: 0.579 Thread 0x000000000a356000 Threw 0x00000007d76e9e68 at C:\re\jdk7u51\527\hotspot\src\share\vm\prims\jvm.cpp:1244
Event: 0.592 Thread 0x000000000a356000 Threw 0x00000007d76fd090 at C:\re\jdk7u51\527\hotspot\src\share\vm\prims\jvm.cpp:1244
Event: 0.594 Thread 0x000000000a356000 Threw 0x00000007d7702670 at C:\re\jdk7u51\527\hotspot\src\share\vm\prims\jvm.cpp:1244
Event: 0.599 Thread 0x000000000a356000 Threw 0x00000007d770ed70 at C:\re\jdk7u51\527\hotspot\src\share\vm\prims\jvm.cpp:1244
Event: 0.600 Thread 0x000000000a356000 Threw 0x00000007d77123e0 at C:\re\jdk7u51\527\hotspot\src\share\vm\prims\jvm.cpp:1244
Event: 0.603 Thread 0x000000000a356000 Threw 0x00000007d771ba88 at C:\re\jdk7u51\527\hotspot\src\share\vm\prims\jvm.cpp:1244
Event: 0.605 Thread 0x000000000a356000 Threw 0x00000007d77208e0 at C:\re\jdk7u51\527\hotspot\src\share\vm\prims\jvm.cpp:1244

Events (10 events):
Event: 0.602 loading class 0x000000000bebffc0
Event: 0.602 loading class 0x000000000bebffc0 done
Event: 0.602 loading class 0x000000000bebe1c0
Event: 0.602 loading class 0x000000000bebe1c0 done
Event: 0.602 loading class 0x000000000bec4c50
Event: 0.602 loading class 0x000000000bec4c50 done
Event: 0.603 loading class 0x000000000a340560
Event: 0.603 loading class 0x000000000a340560 done
Event: 0.605 loading class 0x000000000a340520
Event: 0.605 loading class 0x000000000a340520 done


Dynamic libraries:
0x00007ff608340000 - 0x00007ff608373000 	C:\Program Files\Java\jre7\bin\javaw.exe
0x00007ffa73f60000 - 0x00007ffa74109000 	C:\WINDOWS\SYSTEM32\ntdll.dll
0x00007ffa72950000 - 0x00007ffa72a89000 	C:\WINDOWS\system32\KERNEL32.DLL
0x00007ffa71690000 - 0x00007ffa7179f000 	C:\WINDOWS\system32\KERNELBASE.dll
0x00007ffa6ff10000 - 0x00007ffa6ff9b000 	C:\WINDOWS\system32\apphelp.dll
0x00007ffa62d90000 - 0x00007ffa62ddf000 	C:\WINDOWS\AppPatch\AppPatch64\AcGenral.DLL
0x00007ffa728a0000 - 0x00007ffa72947000 	C:\WINDOWS\system32\msvcrt.dll
0x00007ffa71120000 - 0x00007ffa7114b000 	C:\WINDOWS\SYSTEM32\SspiCli.dll
0x00007ffa718b0000 - 0x00007ffa71901000 	C:\WINDOWS\system32\SHLWAPI.dll
0x00007ffa71ff0000 - 0x00007ffa72161000 	C:\WINDOWS\system32\USER32.dll
0x00007ffa72570000 - 0x00007ffa726e6000 	C:\WINDOWS\system32\ole32.dll
0x00007ffa72a90000 - 0x00007ffa73ea0000 	C:\WINDOWS\system32\SHELL32.dll
0x00007ffa70950000 - 0x00007ffa7096f000 	C:\WINDOWS\SYSTEM32\USERENV.dll
0x00007ffa71da0000 - 0x00007ffa71e45000 	C:\WINDOWS\system32\ADVAPI32.dll
0x00007ffa65ad0000 - 0x00007ffa65aeb000 	C:\WINDOWS\SYSTEM32\MPR.dll
0x00007ffa71910000 - 0x00007ffa71a46000 	C:\WINDOWS\system32\RPCRT4.dll
0x00007ffa72510000 - 0x00007ffa72567000 	C:\WINDOWS\SYSTEM32\sechost.dll
0x00007ffa72330000 - 0x00007ffa72507000 	C:\WINDOWS\SYSTEM32\combase.dll
0x00007ffa721e0000 - 0x00007ffa72325000 	C:\WINDOWS\system32\GDI32.dll
0x00007ffa712e0000 - 0x00007ffa712f4000 	C:\WINDOWS\SYSTEM32\profapi.dll
0x00007ffa6f930000 - 0x00007ffa6f9d1000 	C:\WINDOWS\SYSTEM32\SHCORE.dll
0x00007ffa71ac0000 - 0x00007ffa71af4000 	C:\WINDOWS\system32\IMM32.DLL
0x00007ffa72760000 - 0x00007ffa72898000 	C:\WINDOWS\system32\MSCTF.dll
0x00007ffa6e1c0000 - 0x00007ffa6e41a000 	C:\WINDOWS\WinSxS\amd64_microsoft.windows.common-controls_6595b64144ccf1df_6.0.9600.16384_none_62475f7becb72503\COMCTL32.dll
0x00000000631e0000 - 0x00000000632b2000 	C:\Program Files\Java\jre7\bin\msvcr100.dll
0x0000000062a10000 - 0x00000000631d9000 	C:\Program Files\Java\jre7\bin\server\jvm.dll
0x00007ffa685a0000 - 0x00007ffa685a9000 	C:\WINDOWS\SYSTEM32\WSOCK32.dll
0x00007ffa6a250000 - 0x00007ffa6a26f000 	C:\WINDOWS\SYSTEM32\WINMM.dll
0x00007ffa726f0000 - 0x00007ffa726f7000 	C:\WINDOWS\system32\PSAPI.DLL
0x00007ffa72180000 - 0x00007ffa721d8000 	C:\WINDOWS\system32\WS2_32.dll
0x00007ffa6a220000 - 0x00007ffa6a24a000 	C:\WINDOWS\SYSTEM32\WINMMBASE.dll
0x00007ffa717f0000 - 0x00007ffa717f9000 	C:\WINDOWS\system32\NSI.dll
0x00007ffa717a0000 - 0x00007ffa717ea000 	C:\WINDOWS\SYSTEM32\cfgmgr32.dll
0x00007ffa70160000 - 0x00007ffa70186000 	C:\WINDOWS\SYSTEM32\DEVOBJ.dll
0x00000000639a0000 - 0x00000000639af000 	C:\Program Files\Java\jre7\bin\verify.dll
0x0000000063970000 - 0x0000000063998000 	C:\Program Files\Java\jre7\bin\java.dll
0x0000000063950000 - 0x0000000063965000 	C:\Program Files\Java\jre7\bin\zip.dll
0x0000000180000000 - 0x00000001802e6000 	C:\Users\Kenny\Desktop\inf2990-04\Cadriciel\Exe\DLL\INF2990.dll
0x00007ffa5b120000 - 0x00007ffa5b241000 	C:\WINDOWS\SYSTEM32\OPENGL32.dll
0x0000000062a00000 - 0x0000000062a07000 	C:\Program Files\Java\jre7\bin\jawt.dll
0x00007ffa62ac0000 - 0x00007ffa62aec000 	C:\WINDOWS\SYSTEM32\GLU32.dll
0x00007ffa4b050000 - 0x00007ffa4b5a4000 	C:\Users\Kenny\Desktop\inf2990-04\Cadriciel\Exe\assimp_D_x64.dll
0x0000000010000000 - 0x0000000010131000 	C:\Users\Kenny\Desktop\inf2990-04\Cadriciel\Exe\fmodex64.dll
0x000000000c090000 - 0x000000000c41e000 	C:\Users\Kenny\Desktop\inf2990-04\Cadriciel\Exe\FreeImage.dll
0x0000000062900000 - 0x00000000629fc000 	C:\WINDOWS\SYSTEM32\MSVCP100D.dll
0x0000000062730000 - 0x00000000628fd000 	C:\WINDOWS\SYSTEM32\MSVCR100D.dll
0x00007ffa5bbc0000 - 0x00007ffa5bcb4000 	C:\WINDOWS\SYSTEM32\DDRAW.dll
0x0000000062590000 - 0x0000000062725000 	C:\Program Files\Java\jre7\bin\awt.dll
0x00007ffa6c6f0000 - 0x00007ffa6c70b000 	C:\WINDOWS\SYSTEM32\MSACM32.dll
0x00007ffa6dea0000 - 0x00007ffa6dea9000 	C:\WINDOWS\SYSTEM32\DCIMAN32.dll
0x00007ffa71b00000 - 0x00007ffa71bb7000 	C:\WINDOWS\system32\OLEAUT32.dll
0x00007ffa6ffe0000 - 0x00007ffa70102000 	C:\WINDOWS\system32\uxtheme.dll
0x00007ffa6dfc0000 - 0x00007ffa6e058000 	C:\Program Files\Common Files\microsoft shared\ink\tiptsf.dll
0x00007ffa6f750000 - 0x00007ffa6f771000 	C:\WINDOWS\system32\dwmapi.dll
0x00007ffa701b0000 - 0x00007ffa701ba000 	C:\WINDOWS\SYSTEM32\kernel.appcore.dll
0x00007ffa711b0000 - 0x00007ffa711ba000 	C:\WINDOWS\SYSTEM32\CRYPTBASE.dll
0x00007ffa71150000 - 0x00007ffa711ae000 	C:\WINDOWS\SYSTEM32\bcryptPrimitives.dll
0x00007ffa5a090000 - 0x00007ffa5a2bf000 	C:\Program Files\Acer\Acer Power Management\SysHook.dll
0x00007ffa6ab80000 - 0x00007ffa6ab87000 	C:\WINDOWS\SYSTEM32\MSIMG32.dll
0x00007ffa73ec0000 - 0x00007ffa73f5a000 	C:\WINDOWS\system32\COMDLG32.dll
0x00007ffa6a270000 - 0x00007ffa6a2eb000 	C:\WINDOWS\SYSTEM32\WINSPOOL.DRV
0x00007ffa71e50000 - 0x00007ffa71fe8000 	C:\WINDOWS\WinSxS\amd64_microsoft.windows.gdiplus_6595b64144ccf1df_1.1.9600.16384_none_9332526147499ed1\gdiplus.dll
0x00007ffa6d3e0000 - 0x00007ffa6d443000 	C:\WINDOWS\SYSTEM32\OLEACC.dll
0x0000000062540000 - 0x0000000062587000 	C:\Program Files\Java\jre7\bin\fontmanager.dll
0x0000000063930000 - 0x0000000063949000 	C:\Program Files\Java\jre7\bin\net.dll
0x00007ffa70ba0000 - 0x00007ffa70bf8000 	C:\WINDOWS\system32\mswsock.dll
0x0000000063910000 - 0x0000000063921000 	C:\Program Files\Java\jre7\bin\nio.dll
0x00000000624f0000 - 0x0000000062531000 	C:\Program Files\Java\jre7\bin\t2k.dll
0x00007ffa71800000 - 0x00007ffa718a4000 	C:\WINDOWS\SYSTEM32\clbcatq.dll
0x000000000e6b0000 - 0x000000000ee3e000 	C:\WINDOWS\SYSTEM32\ig75icd64.dll
0x00007ffa62de0000 - 0x00007ffa63220000 	C:\WINDOWS\SYSTEM32\igdusc64.dll
0x00007ffa71280000 - 0x00007ffa712c5000 	C:\WINDOWS\SYSTEM32\powrprof.dll
0x00007ffa5e260000 - 0x00007ffa5e3e8000 	C:\WINDOWS\SYSTEM32\dbghelp.dll

VM Arguments:
jvm_args: -Dfile.encoding=Cp1252 
java_command: InterfaceGraphique.Demarrage testsC++a
Launcher Type: SUN_STANDARD

Environment Variables:
JAVA_HOME=C:\Program Files\Java\jdk1.7.0_51
PATH=C:\Program Files (x86)\Intel\iCLS Client\;C:\Program Files\Intel\iCLS Client\;C:\WINDOWS\system32;C:\WINDOWS;C:\WINDOWS\System32\Wbem;C:\WINDOWS\System32\WindowsPowerShell\v1.0\;C:\Program Files (x86)\Intel\OpenCL SDK\3.0\bin\x86;C:\Program Files (x86)\Intel\OpenCL SDK\3.0\bin\x64;C:\Program Files\Intel\WiFi\bin\;C:\Program Files\Common Files\Intel\WirelessCommon\;C:\Program Files\Intel\Intel(R) Management Engine Components\DAL;C:\Program Files\Intel\Intel(R) Management Engine Components\IPT;C:\Program Files (x86)\Intel\Intel(R) Management Engine Components\DAL;C:\Program Files (x86)\Intel\Intel(R) Management Engine Components\IPT;C:\Program Files\Microsoft\Web Platform Installer\;C:\Program Files (x86)\Microsoft ASP.NET\ASP.NET Web Pages\v1.0\;C:\Program Files (x86)\Windows Kits\8.0\Windows Performance Toolkit\;C:\Program Files\Microsoft SQL Server\110\Tools\Binn\;c:\Program Files (x86)\Microsoft SQL Server\100\Tools\Binn\;c:\Program Files\Microsoft SQL Server\100\Tools\Binn\;c:\Program Files\Microsoft SQL Server\100\DTS\Binn\;C:\Program Files\Acer\Remote Files\;C:\Program Files\TortoiseGit\bin;JAVA_HOME\bin\;JAVA_HOME\jre\bin\;C:\Program Files\Java\jdk1.7.0_51\bin\;C:\Program Files\Java\jdk1.7.0_51\jre\bin\
USERNAME=Kenny
OS=Windows_NT
PROCESSOR_IDENTIFIER=Intel64 Family 6 Model 69 Stepping 1, GenuineIntel



---------------  S Y S T E M  ---------------

OS: Windows 8 , 64 bit Build 9200 

CPU:total 4 (2 cores per cpu, 2 threads per core) family 6 model 69 stepping 1, cmov, cx8, fxsr, mmx, sse, sse2, sse3, ssse3, sse4.1, sse4.2, popcnt, avx, avx2, aes, erms, ht, tsc, tscinvbit

Memory: 4k page, physical 8057108k(3069052k free), swap 9302292k(2856612k free)

vm_info: Java HotSpot(TM) 64-Bit Server VM (24.51-b03) for windows-amd64 JRE (1.7.0_51-b13), built on Dec 18 2013 18:40:56 by "java_re" with unknown MS VC++:1600

time: Tue Apr 01 13:19:53 2014
elapsed time: 2 seconds

