#
# A fatal error has been detected by the Java Runtime Environment:
#
#  EXCEPTION_ACCESS_VIOLATION (0xc0000005) at pc=0x00000001800a5f83, pid=2524, tid=12616
#
# JRE version: Java(TM) SE Runtime Environment (7.0_51-b13) (build 1.7.0_51-b13)
# Java VM: Java HotSpot(TM) 64-Bit Server VM (24.51-b03 mixed mode windows-amd64 compressed oops)
# Problematic frame:
# C  [INF2990.dll+0xa5f83]  NoeudAbstrait::estSelectionne+0x23
#
# Failed to write core dump. Minidumps are not enabled by default on client versions of Windows
#
# If you would like to submit a bug report, please visit:
#   http://bugreport.sun.com/bugreport/crash.jsp
# The crash happened outside the Java Virtual Machine in native code.
# See problematic frame for where to report the bug.
#

---------------  T H R E A D  ---------------

Current thread (0x000000000bd97800):  JavaThread "AWT-EventQueue-0" [_thread_in_native, id=12616, stack(0x000000000caf0000,0x000000000cbf0000)]

siginfo: ExceptionCode=0xc0000005, reading address 0xffffffffffffffff

Registers:
RAX=0xdddddddddddddddd, RBX=0x000000078005bc60, RCX=0xdddddddddddddddd, RDX=0x0000000000000000
RSP=0x000000000cbeca10, RBP=0x000000000cbecef8, RSI=0x0000000000000000, RDI=0x000000000cbeca20
R8 =0x0000000000000000, R9 =0x000000000d4eed10, R10=0x00007ffa73f60000, R11=0x000000000d53e780
R12=0x0000000000000000, R13=0x000000078005bc60, R14=0x000000000cbecf28, R15=0x000000000bd97800
RIP=0x00000001800a5f83, EFLAGS=0x0000000000010202

Top of Stack: (sp=0x000000000cbeca10)
0x000000000cbeca10:   cccccccccccccccc cccccccccccccccc
0x000000000cbeca20:   000000000cbeca50 000000018008d610
0x000000000cbeca30:   dddddddddddddddd cccccccccccccccc
0x000000000cbeca40:   cccccccccccccccc cccccccccccccccc
0x000000000cbeca50:   000000000cbecab0 0000000180048330
0x000000000cbeca60:   000000000d55c480 0000000000000000
0x000000000cbeca70:   cccccccccccccccc cccccccccccccccc
0x000000000cbeca80:   cccccccc00000000 000000000d4eed50
0x000000000cbeca90:   000000000d4eed50 fffffffffffffffe
0x000000000cbecaa0:   000000000d4eed50 0000000000000000
0x000000000cbecab0:   000000000cbecae0 0000000180048dbc
0x000000000cbecac0:   000000000d54a9e0 cccccccccccccccc
0x000000000cbecad0:   cccccccccccccccc cccccccccccccccc
0x000000000cbecae0:   000000000cbecd70 000000018001c39f
0x000000000cbecaf0:   000000000d54a9e0 0000000000000001
0x000000000cbecb00:   0000000000000000 0000000000000780 

Instructions: (pc=0x00000001800a5f83)
0x00000001800a5f63:   24 08 57 48 83 ec 10 48 8b fc b9 04 00 00 00 b8
0x00000001800a5f73:   cc cc cc cc f3 ab 48 8b 4c 24 20 48 8b 44 24 20
0x00000001800a5f83:   0f b6 40 59 85 c0 74 16 48 8b 44 24 20 0f b6 40
0x00000001800a5f93:   5a 85 c0 74 09 c7 04 24 01 00 00 00 eb 07 c7 04 


Register to memory mapping:

RAX=0xdddddddddddddddd is an unknown value
RBX=0x000000078005bc60 is an oop
{method} 
 - klass: {other class}
RCX=0xdddddddddddddddd is an unknown value
RDX=0x0000000000000000 is an unknown value
RSP=0x000000000cbeca10 is pointing into the stack for thread: 0x000000000bd97800
RBP=0x000000000cbecef8 is pointing into the stack for thread: 0x000000000bd97800
RSI=0x0000000000000000 is an unknown value
RDI=0x000000000cbeca20 is pointing into the stack for thread: 0x000000000bd97800
R8 =0x0000000000000000 is an unknown value
R9 =0x000000000d4eed10 is an unknown value
R10=0x00007ffa73f60000 is an unknown value
R11=0x000000000d53e780 is an unknown value
R12=0x0000000000000000 is an unknown value
R13=0x000000078005bc60 is an oop
{method} 
 - klass: {other class}
R14=0x000000000cbecf28 is pointing into the stack for thread: 0x000000000bd97800
R15=0x000000000bd97800 is a thread


Stack: [0x000000000caf0000,0x000000000cbf0000],  sp=0x000000000cbeca10,  free space=1010k
Native frames: (J=compiled Java code, j=interpreted, Vv=VM code, C=native code)
C  [INF2990.dll+0xa5f83]  NoeudAbstrait::estSelectionne+0x23
j  InterfaceGraphique.InputManager.ConfigurationCampagne()V+68
v  ~StubRoutines::call_stub
V  [jvm.dll+0x1cb2b3]

Java frames: (J=compiled Java code, j=interpreted, Vv=VM code)
j  InterfaceGraphique.Demarrage.fctC_initialiserModeCampagne(II[Ljava/lang/Object;)V+0
j  InterfaceGraphique.InputManager.ConfigurationCampagne()V+68
v  ~StubRoutines::call_stub
j  sun.reflect.NativeMethodAccessorImpl.invoke0(Ljava/lang/reflect/Method;Ljava/lang/Object;[Ljava/lang/Object;)Ljava/lang/Object;+0
j  sun.reflect.NativeMethodAccessorImpl.invoke(Ljava/lang/Object;[Ljava/lang/Object;)Ljava/lang/Object;+87
j  sun.reflect.DelegatingMethodAccessorImpl.invoke(Ljava/lang/Object;[Ljava/lang/Object;)Ljava/lang/Object;+6
j  java.lang.reflect.Method.invoke(Ljava/lang/Object;[Ljava/lang/Object;)Ljava/lang/Object;+57
j  InterfaceGraphique.GestionnaireBoutons.actionPerformed(Ljava/awt/event/ActionEvent;)V+100
j  javax.swing.AbstractButton.fireActionPerformed(Ljava/awt/event/ActionEvent;)V+84
j  javax.swing.AbstractButton$Handler.actionPerformed(Ljava/awt/event/ActionEvent;)V+5
j  javax.swing.DefaultButtonModel.fireActionPerformed(Ljava/awt/event/ActionEvent;)V+35
j  javax.swing.DefaultButtonModel.setPressed(Z)V+117
j  javax.swing.plaf.basic.BasicButtonListener.mouseReleased(Ljava/awt/event/MouseEvent;)V+35
j  java.awt.Component.processMouseEvent(Ljava/awt/event/MouseEvent;)V+64
j  javax.swing.JComponent.processMouseEvent(Ljava/awt/event/MouseEvent;)V+23
j  java.awt.Component.processEvent(Ljava/awt/AWTEvent;)V+81
j  java.awt.Container.processEvent(Ljava/awt/AWTEvent;)V+18
j  java.awt.Component.dispatchEventImpl(Ljava/awt/AWTEvent;)V+581
j  java.awt.Container.dispatchEventImpl(Ljava/awt/AWTEvent;)V+42
J  java.awt.LightweightDispatcher.retargetMouseEvent(Ljava/awt/Component;ILjava/awt/event/MouseEvent;)V
j  java.awt.LightweightDispatcher.processMouseEvent(Ljava/awt/event/MouseEvent;)Z+139
j  java.awt.LightweightDispatcher.dispatchEvent(Ljava/awt/AWTEvent;)Z+50
j  java.awt.Container.dispatchEventImpl(Ljava/awt/AWTEvent;)V+12
j  java.awt.Window.dispatchEventImpl(Ljava/awt/AWTEvent;)V+19
J  java.awt.EventQueue$3.run()Ljava/lang/Void;
J  java.awt.EventQueue$3.run()Ljava/lang/Object;
v  ~StubRoutines::call_stub
J  java.security.AccessController.doPrivileged(Ljava/security/PrivilegedAction;Ljava/security/AccessControlContext;)Ljava/lang/Object;
J  java.awt.EventQueue$4.run()Ljava/lang/Object;
v  ~StubRoutines::call_stub
J  java.security.AccessController.doPrivileged(Ljava/security/PrivilegedAction;Ljava/security/AccessControlContext;)Ljava/lang/Object;
J  java.awt.EventDispatchThread.pumpOneEventForFilters(I)V
J  java.awt.EventDispatchThread.pumpEventsForFilter(ILjava/awt/Conditional;Ljava/awt/EventFilter;)V
j  java.awt.EventDispatchThread.pumpEventsForHierarchy(ILjava/awt/Conditional;Ljava/awt/Component;)V+11
j  java.awt.EventDispatchThread.pumpEvents(ILjava/awt/Conditional;)V+4
j  java.awt.EventDispatchThread.pumpEvents(Ljava/awt/Conditional;)V+3
j  java.awt.EventDispatchThread.run()V+9
v  ~StubRoutines::call_stub

---------------  P R O C E S S  ---------------

Java Threads: ( => current thread )
  0x000000000e7a3800 JavaThread "Swing-Shell" daemon [_thread_blocked, id=9056, stack(0x00000000126f0000,0x00000000127f0000)]
  0x000000000c053800 JavaThread "Timer-0" [_thread_blocked, id=9540, stack(0x0000000011540000,0x0000000011640000)]
  0x000000000bee8000 JavaThread "TimerQueue" daemon [_thread_blocked, id=4296, stack(0x000000000e2c0000,0x000000000e3c0000)]
  0x000000000bdb6000 JavaThread "Direct Clip" daemon [_thread_blocked, id=10504, stack(0x000000000e1c0000,0x000000000e2c0000)]
  0x000000000bdaf800 JavaThread "Java Sound Event Dispatcher" daemon [_thread_blocked, id=11088, stack(0x000000000dcc0000,0x000000000ddc0000)]
  0x0000000002161000 JavaThread "DestroyJavaVM" [_thread_blocked, id=32, stack(0x0000000002020000,0x0000000002120000)]
=>0x000000000bd97800 JavaThread "AWT-EventQueue-0" [_thread_in_native, id=12616, stack(0x000000000caf0000,0x000000000cbf0000)]
  0x000000000bd94800 JavaThread "AWT-Windows" daemon [_thread_in_native, id=4556, stack(0x000000000c8e0000,0x000000000c9e0000)]
  0x000000000bd94000 JavaThread "AWT-Shutdown" [_thread_blocked, id=10268, stack(0x000000000c7e0000,0x000000000c8e0000)]
  0x000000000bd93000 JavaThread "Java2D Disposer" daemon [_thread_blocked, id=5444, stack(0x000000000c6e0000,0x000000000c7e0000)]
  0x000000000a373000 JavaThread "Service Thread" daemon [_thread_blocked, id=6432, stack(0x000000000bad0000,0x000000000bbd0000)]
  0x000000000a366800 JavaThread "C2 CompilerThread1" daemon [_thread_blocked, id=7764, stack(0x000000000b9d0000,0x000000000bad0000)]
  0x000000000a365000 JavaThread "C2 CompilerThread0" daemon [_thread_blocked, id=8904, stack(0x000000000b8d0000,0x000000000b9d0000)]
  0x000000000a364000 JavaThread "Attach Listener" daemon [_thread_blocked, id=7740, stack(0x000000000b7d0000,0x000000000b8d0000)]
  0x000000000a360800 JavaThread "Signal Dispatcher" daemon [_thread_blocked, id=12840, stack(0x000000000b6d0000,0x000000000b7d0000)]
  0x000000000a32f000 JavaThread "Finalizer" daemon [_thread_blocked, id=728, stack(0x000000000b5d0000,0x000000000b6d0000)]
  0x000000000a323800 JavaThread "Reference Handler" daemon [_thread_blocked, id=11744, stack(0x000000000b4d0000,0x000000000b5d0000)]

Other Threads:
  0x000000000a322000 VMThread [stack: 0x000000000b3d0000,0x000000000b4d0000] [id=13188]
  0x000000000a38d800 WatcherThread [stack: 0x000000000bbd0000,0x000000000bcd0000] [id=7904]

VM state:not at safepoint (normal execution)

VM Mutex/Monitor currently owned by a thread: None

Heap
 PSYoungGen      total 36864K, used 6258K [0x00000007d7000000, 0x00000007d9900000, 0x0000000800000000)
  eden space 31744K, 16% used [0x00000007d7000000,0x00000007d7500b58,0x00000007d8f00000)
  from space 5120K, 22% used [0x00000007d9400000,0x00000007d951c010,0x00000007d9900000)
  to   space 5120K, 0% used [0x00000007d8f00000,0x00000007d8f00000,0x00000007d9400000)
 ParOldGen       total 127488K, used 41377K [0x0000000785000000, 0x000000078cc80000, 0x00000007d7000000)
  object space 127488K, 32% used [0x0000000785000000,0x0000000787868490,0x000000078cc80000)
 PSPermGen       total 32256K, used 16149K [0x000000077fe00000, 0x0000000781d80000, 0x0000000785000000)
  object space 32256K, 50% used [0x000000077fe00000,0x0000000780dc55b8,0x0000000781d80000)

Card table byte_map: [0x0000000005320000,0x0000000005730000] byte_map_base: 0x0000000001721000

Polling page: 0x0000000000850000

Code Cache  [0x0000000002260000, 0x00000000024d0000, 0x0000000005260000)
 total_blobs=976 nmethods=482 adapters=446 free_code_cache=47578Kb largest_free_block=48648512

Compilation events (10 events):
Event: 870.936 Thread 0x000000000a365000  496   !         javax.swing.JComponent::paintChildren (669 bytes)
Event: 871.018 Thread 0x000000000a365000 nmethod 496 0x00000000023e2c90 code [0x00000000023e3320, 0x00000000023e6d68]
Event: 871.452 Thread 0x000000000a366800  497             sun.awt.im.InputMethodContext::dispatchEvent (62 bytes)
Event: 871.485 Thread 0x000000000a366800 nmethod 497 0x00000000023df250 code [0x00000000023df460, 0x00000000023e0000]
Event: 878.822 Thread 0x000000000a365000  499             sun.java2d.pipe.Region::getIntersectionXYXY (108 bytes)
Event: 878.822 Thread 0x000000000a366800  500             sun.java2d.pipe.Region::isInsideXYXY (39 bytes)
Event: 878.823 Thread 0x000000000a366800 nmethod 500 0x00000000023db910 code [0x00000000023dba40, 0x00000000023dbad8]
Event: 878.824 Thread 0x000000000a365000 nmethod 499 0x00000000023db550 code [0x00000000023db6a0, 0x00000000023db858]
Event: 884.909 Thread 0x000000000a366800  501   !         java.awt.DefaultKeyboardFocusManager::dispatchEvent (1556 bytes)
Event: 885.076 Thread 0x000000000a366800 nmethod 501 0x00000000023f1490 code [0x00000000023f1d60, 0x00000000023f6530]

GC Heap History (10 events):
Event: 14.376 GC heap before
{Heap before GC invocations=1 (full 0):
 PSYoungGen      total 36864K, used 31744K [0x00000007d7000000, 0x00000007d9900000, 0x0000000800000000)
  eden space 31744K, 100% used [0x00000007d7000000,0x00000007d8f00000,0x00000007d8f00000)
  from space 5120K, 0% used [0x00000007d9400000,0x00000007d9400000,0x00000007d9900000)
  to   space 5120K, 0% used [0x00000007d8f00000,0x00000007d8f00000,0x00000007d9400000)
 ParOldGen       total 83968K, used 19200K [0x0000000785000000, 0x000000078a200000, 0x00000007d7000000)
  object space 83968K, 22% used [0x0000000785000000,0x00000007862c0010,0x000000078a200000)
 PSPermGen       total 21504K, used 14337K [0x000000077fe00000, 0x0000000781300000, 0x0000000785000000)
  object space 21504K, 66% used [0x000000077fe00000,0x0000000780c005b8,0x0000000781300000)
Event: 14.395 GC heap after
Heap after GC invocations=1 (full 0):
 PSYoungGen      total 36864K, used 3428K [0x00000007d7000000, 0x00000007d9900000, 0x0000000800000000)
  eden space 31744K, 0% used [0x00000007d7000000,0x00000007d7000000,0x00000007d8f00000)
  from space 5120K, 66% used [0x00000007d8f00000,0x00000007d9259150,0x00000007d9400000)
  to   space 5120K, 0% used [0x00000007d9400000,0x00000007d9400000,0x00000007d9900000)
 ParOldGen       total 83968K, used 33035K [0x0000000785000000, 0x000000078a200000, 0x00000007d7000000)
  object space 83968K, 39% used [0x0000000785000000,0x0000000787042d10,0x000000078a200000)
 PSPermGen       total 21504K, used 14337K [0x000000077fe00000, 0x0000000781300000, 0x0000000785000000)
  object space 21504K, 66% used [0x000000077fe00000,0x0000000780c005b8,0x0000000781300000)
}
Event: 406.294 GC heap before
{Heap before GC invocations=2 (full 0):
 PSYoungGen      total 36864K, used 32912K [0x00000007d7000000, 0x00000007d9900000, 0x0000000800000000)
  eden space 31744K, 92% used [0x00000007d7000000,0x00000007d8ccb088,0x00000007d8f00000)
  from space 5120K, 66% used [0x00000007d8f00000,0x00000007d9259150,0x00000007d9400000)
  to   space 5120K, 0% used [0x00000007d9400000,0x00000007d9400000,0x00000007d9900000)
 ParOldGen       total 83968K, used 33035K [0x0000000785000000, 0x000000078a200000, 0x00000007d7000000)
  object space 83968K, 39% used [0x0000000785000000,0x0000000787042d10,0x000000078a200000)
 PSPermGen       total 21504K, used 15702K [0x000000077fe00000, 0x0000000781300000, 0x0000000785000000)
  object space 21504K, 73% used [0x000000077fe00000,0x0000000780d55920,0x0000000781300000)
Event: 406.303 GC heap after
Heap after GC invocations=2 (full 0):
 PSYoungGen      total 36864K, used 3988K [0x00000007d7000000, 0x00000007d9900000, 0x0000000800000000)
  eden space 31744K, 0% used [0x00000007d7000000,0x00000007d7000000,0x00000007d8f00000)
  from space 5120K, 77% used [0x00000007d9400000,0x00000007d97e5160,0x00000007d9900000)
  to   space 5120K, 0% used [0x00000007d8f00000,0x00000007d8f00000,0x00000007d9400000)
 ParOldGen       total 83968K, used 33043K [0x0000000785000000, 0x000000078a200000, 0x00000007d7000000)
  object space 83968K, 39% used [0x0000000785000000,0x0000000787044d10,0x000000078a200000)
 PSPermGen       total 21504K, used 15702K [0x000000077fe00000, 0x0000000781300000, 0x0000000785000000)
  object space 21504K, 73% used [0x000000077fe00000,0x0000000780d55920,0x0000000781300000)
}
Event: 550.914 GC heap before
{Heap before GC invocations=3 (full 0):
 PSYoungGen      total 36864K, used 35732K [0x00000007d7000000, 0x00000007d9900000, 0x0000000800000000)
  eden space 31744K, 100% used [0x00000007d7000000,0x00000007d8f00000,0x00000007d8f00000)
  from space 5120K, 77% used [0x00000007d9400000,0x00000007d97e5160,0x00000007d9900000)
  to   space 5120K, 0% used [0x00000007d8f00000,0x00000007d8f00000,0x00000007d9400000)
 ParOldGen       total 83968K, used 33043K [0x0000000785000000, 0x000000078a200000, 0x00000007d7000000)
  object space 83968K, 39% used [0x0000000785000000,0x0000000787044d10,0x000000078a200000)
 PSPermGen       total 21504K, used 15983K [0x000000077fe00000, 0x0000000781300000, 0x0000000785000000)
  object space 21504K, 74% used [0x000000077fe00000,0x0000000780d9bf98,0x0000000781300000)
Event: 550.989 GC heap after
Heap after GC invocations=3 (full 0):
 PSYoungGen      total 36864K, used 4334K [0x00000007d7000000, 0x00000007d9900000, 0x0000000800000000)
  eden space 31744K, 0% used [0x00000007d7000000,0x00000007d7000000,0x00000007d8f00000)
  from space 5120K, 84% used [0x00000007d8f00000,0x00000007d933b980,0x00000007d9400000)
  to   space 5120K, 0% used [0x00000007d9400000,0x00000007d9400000,0x00000007d9900000)
 ParOldGen       total 83968K, used 77871K [0x0000000785000000, 0x000000078a200000, 0x00000007d7000000)
  object space 83968K, 92% used [0x0000000785000000,0x0000000789c0bd70,0x000000078a200000)
 PSPermGen       total 21504K, used 15983K [0x000000077fe00000, 0x0000000781300000, 0x0000000785000000)
  object space 21504K, 74% used [0x000000077fe00000,0x0000000780d9bf98,0x0000000781300000)
}
Event: 550.989 GC heap before
{Heap before GC invocations=4 (full 1):
 PSYoungGen      total 36864K, used 4334K [0x00000007d7000000, 0x00000007d9900000, 0x0000000800000000)
  eden space 31744K, 0% used [0x00000007d7000000,0x00000007d7000000,0x00000007d8f00000)
  from space 5120K, 84% used [0x00000007d8f00000,0x00000007d933b980,0x00000007d9400000)
  to   space 5120K, 0% used [0x00000007d9400000,0x00000007d9400000,0x00000007d9900000)
 ParOldGen       total 83968K, used 77871K [0x0000000785000000, 0x000000078a200000, 0x00000007d7000000)
  object space 83968K, 92% used [0x0000000785000000,0x0000000789c0bd70,0x000000078a200000)
 PSPermGen       total 21504K, used 15983K [0x000000077fe00000, 0x0000000781300000, 0x0000000785000000)
  object space 21504K, 74% used [0x000000077fe00000,0x0000000780d9bf98,0x0000000781300000)
Event: 551.070 GC heap after
Heap after GC invocations=4 (full 1):
 PSYoungGen      total 36864K, used 0K [0x00000007d7000000, 0x00000007d9900000, 0x0000000800000000)
  eden space 31744K, 0% used [0x00000007d7000000,0x00000007d7000000,0x00000007d8f00000)
  from space 5120K, 0% used [0x00000007d8f00000,0x00000007d8f00000,0x00000007d9400000)
  to   space 5120K, 0% used [0x00000007d9400000,0x00000007d9400000,0x00000007d9900000)
 ParOldGen       total 127488K, used 41377K [0x0000000785000000, 0x000000078cc80000, 0x00000007d7000000)
  object space 127488K, 32% used [0x0000000785000000,0x0000000787868490,0x000000078cc80000)
 PSPermGen       total 32256K, used 15977K [0x000000077fe00000, 0x0000000781d80000, 0x0000000785000000)
  object space 32256K, 49% used [0x000000077fe00000,0x0000000780d9a578,0x0000000781d80000)
}
Event: 819.971 GC heap before
{Heap before GC invocations=5 (full 1):
 PSYoungGen      total 36864K, used 31744K [0x00000007d7000000, 0x00000007d9900000, 0x0000000800000000)
  eden space 31744K, 100% used [0x00000007d7000000,0x00000007d8f00000,0x00000007d8f00000)
  from space 5120K, 0% used [0x00000007d8f00000,0x00000007d8f00000,0x00000007d9400000)
  to   space 5120K, 0% used [0x00000007d9400000,0x00000007d9400000,0x00000007d9900000)
 ParOldGen       total 127488K, used 41377K [0x0000000785000000, 0x000000078cc80000, 0x00000007d7000000)
  object space 127488K, 32% used [0x0000000785000000,0x0000000787868490,0x000000078cc80000)
 PSPermGen       total 32256K, used 16125K [0x000000077fe00000, 0x0000000781d80000, 0x0000000785000000)
  object space 32256K, 49% used [0x000000077fe00000,0x0000000780dbf630,0x0000000781d80000)
Event: 819.981 GC heap after
Heap after GC invocations=5 (full 1):
 PSYoungGen      total 36864K, used 1136K [0x00000007d7000000, 0x00000007d9900000, 0x0000000800000000)
  eden space 31744K, 0% used [0x00000007d7000000,0x00000007d7000000,0x00000007d8f00000)
  from space 5120K, 22% used [0x00000007d9400000,0x00000007d951c010,0x00000007d9900000)
  to   space 5120K, 0% used [0x00000007d8f00000,0x00000007d8f00000,0x00000007d9400000)
 ParOldGen       total 127488K, used 41377K [0x0000000785000000, 0x000000078cc80000, 0x00000007d7000000)
  object space 127488K, 32% used [0x0000000785000000,0x0000000787868490,0x000000078cc80000)
 PSPermGen       total 32256K, used 16125K [0x000000077fe00000, 0x0000000781d80000, 0x0000000785000000)
  object space 32256K, 49% used [0x000000077fe00000,0x0000000780dbf630,0x0000000781d80000)
}

Deoptimization events (10 events):
Event: 613.532 Thread 0x000000000bd97800 Uncommon trap: reason=unreached action=reinterpret pc=0x0000000002399a84 method=javax.swing.text.PlainView.updateMetrics()V @ 15
Event: 629.031 Thread 0x000000000bd97800 Uncommon trap: reason=unreached action=reinterpret pc=0x0000000002385244 method=java.util.HashMap.removeEntryForKey(Ljava/lang/Object;)Ljava/util/HashMap$Entry; @ 47
Event: 739.358 Thread 0x000000000bd97800 Uncommon trap: reason=unreached action=reinterpret pc=0x0000000002387d60 method=java.util.HashMap.removeEntryForKey(Ljava/lang/Object;)Ljava/util/HashMap$Entry; @ 75
Event: 869.053 Thread 0x000000000bd97800 Uncommon trap: reason=class_check action=maybe_recompile pc=0x00000000023996a4 method=sun.java2d.SunGraphics2D.validateCompClip()V @ 32
Event: 869.054 Thread 0x000000000bd97800 Uncommon trap: reason=class_check action=maybe_recompile pc=0x00000000023934f4 method=sun.java2d.loops.SurfaceType.pixelFor(ILjava/awt/image/ColorModel;)I @ 6
Event: 870.667 Thread 0x000000000bd97800 Uncommon trap: reason=class_check action=maybe_recompile pc=0x00000000023996a4 method=sun.java2d.SunGraphics2D.validateCompClip()V @ 32
Event: 870.668 Thread 0x000000000bd97800 Uncommon trap: reason=class_check action=maybe_recompile pc=0x00000000023934f4 method=sun.java2d.loops.SurfaceType.pixelFor(ILjava/awt/image/ColorModel;)I @ 6
Event: 870.668 Thread 0x000000000bd97800 Uncommon trap: reason=class_check action=maybe_recompile pc=0x00000000023934f4 method=sun.java2d.loops.SurfaceType.pixelFor(ILjava/awt/image/ColorModel;)I @ 6
Event: 872.890 Thread 0x000000000bd97800 Uncommon trap: reason=class_check action=maybe_recompile pc=0x00000000023a9cbc method=javax.swing.AbstractButton.setEnabled(Z)V @ 8
Event: 872.890 Thread 0x000000000bd97800 Uncommon trap: reason=class_check action=maybe_recompile pc=0x00000000023a9cbc method=javax.swing.AbstractButton.setEnabled(Z)V @ 8

Internal exceptions (10 events):
Event: 784.188 Thread 0x000000000bd97800 Threw 0x00000007d8c8bf30 at C:\re\jdk7u51\527\hotspot\src\share\vm\interpreter\interpreterRuntime.cpp:362
Event: 857.895 Thread 0x000000000bd97800 Threw 0x00000007d72090b0 at C:\re\jdk7u51\527\hotspot\src\share\vm\interpreter\interpreterRuntime.cpp:362
Event: 858.095 Thread 0x000000000bd97800 Threw 0x00000007d720b5a8 at C:\re\jdk7u51\527\hotspot\src\share\vm\interpreter\interpreterRuntime.cpp:362
Event: 858.239 Thread 0x000000000bd97800 Threw 0x00000007d720d758 at C:\re\jdk7u51\527\hotspot\src\share\vm\interpreter\interpreterRuntime.cpp:362
Event: 862.654 Thread 0x000000000bd97800 Threw 0x00000007d728b668 at C:\re\jdk7u51\527\hotspot\src\share\vm\interpreter\interpreterRuntime.cpp:362
Event: 869.029 Thread 0x000000000bd97800 Threw 0x00000007d72dcda8 at C:\re\jdk7u51\527\hotspot\src\share\vm\interpreter\interpreterRuntime.cpp:362
Event: 871.910 Thread 0x000000000bd97800 Threw 0x00000007d735dde0 at C:\re\jdk7u51\527\hotspot\src\share\vm\interpreter\interpreterRuntime.cpp:362
Event: 872.884 Thread 0x000000000bd97800 Threw 0x00000007d73714e8 at C:\re\jdk7u51\527\hotspot\src\share\vm\interpreter\interpreterRuntime.cpp:362
Event: 885.410 Thread 0x000000000bd97800 Threw 0x00000007d7481c50 at C:\re\jdk7u51\527\hotspot\src\share\vm\interpreter\interpreterRuntime.cpp:362
Event: 885.422 Thread 0x000000000bd97800 Threw 0x00000007d74aeb30 at C:\re\jdk7u51\527\hotspot\src\share\vm\prims\jvm.cpp:1244

Events (10 events):
Event: 872.897 Executing VM operation: RevokeBias done
Event: 872.913 Executing VM operation: RevokeBias
Event: 872.914 Executing VM operation: RevokeBias done
Event: 872.914 Executing VM operation: RevokeBias
Event: 872.914 Executing VM operation: RevokeBias done
Event: 876.306 loading class 0x000000000e61c2c0
Event: 876.306 loading class 0x000000000e61c2c0 done
Event: 885.076 Thread 0x000000000a366800 flushing nmethod 0x0000000002384e50
Event: 885.422 loading class 0x000000000a392990
Event: 885.422 loading class 0x000000000a392990 done


Dynamic libraries:
0x00007ff79e300000 - 0x00007ff79e333000 	C:\Program Files\Java\jdk1.7.0_51\jre\bin\java.exe
0x00007ffa73f60000 - 0x00007ffa74109000 	C:\WINDOWS\SYSTEM32\ntdll.dll
0x00007ffa72950000 - 0x00007ffa72a89000 	C:\WINDOWS\system32\KERNEL32.DLL
0x00007ffa71690000 - 0x00007ffa7179f000 	C:\WINDOWS\system32\KERNELBASE.dll
0x00007ffa6ff10000 - 0x00007ffa6ff9b000 	C:\WINDOWS\system32\apphelp.dll
0x00007ffa513c0000 - 0x00007ffa5140f000 	C:\WINDOWS\AppPatch\AppPatch64\AcGenral.DLL
0x00007ffa728a0000 - 0x00007ffa72947000 	C:\WINDOWS\system32\msvcrt.dll
0x00007ffa71120000 - 0x00007ffa7114b000 	C:\WINDOWS\SYSTEM32\SspiCli.dll
0x00007ffa718b0000 - 0x00007ffa71901000 	C:\WINDOWS\system32\SHLWAPI.dll
0x00007ffa71ff0000 - 0x00007ffa72161000 	C:\WINDOWS\system32\USER32.dll
0x00007ffa72570000 - 0x00007ffa726e6000 	C:\WINDOWS\system32\ole32.dll
0x00007ffa72a90000 - 0x00007ffa73ea0000 	C:\WINDOWS\system32\SHELL32.dll
0x00007ffa70950000 - 0x00007ffa7096f000 	C:\WINDOWS\SYSTEM32\USERENV.dll
0x00007ffa71da0000 - 0x00007ffa71e45000 	C:\WINDOWS\system32\ADVAPI32.dll
0x00007ffa65ad0000 - 0x00007ffa65aeb000 	C:\WINDOWS\SYSTEM32\MPR.dll
0x00007ffa71910000 - 0x00007ffa71a46000 	C:\WINDOWS\system32\RPCRT4.dll
0x00007ffa72510000 - 0x00007ffa72567000 	C:\WINDOWS\SYSTEM32\sechost.dll
0x00007ffa72330000 - 0x00007ffa72507000 	C:\WINDOWS\SYSTEM32\combase.dll
0x00007ffa721e0000 - 0x00007ffa72325000 	C:\WINDOWS\system32\GDI32.dll
0x00007ffa712e0000 - 0x00007ffa712f4000 	C:\WINDOWS\SYSTEM32\profapi.dll
0x00007ffa6f930000 - 0x00007ffa6f9d1000 	C:\WINDOWS\SYSTEM32\SHCORE.dll
0x00007ffa71ac0000 - 0x00007ffa71af4000 	C:\WINDOWS\system32\IMM32.DLL
0x00007ffa72760000 - 0x00007ffa72898000 	C:\WINDOWS\system32\MSCTF.dll
0x00007ffa6e1c0000 - 0x00007ffa6e41a000 	C:\WINDOWS\WinSxS\amd64_microsoft.windows.common-controls_6595b64144ccf1df_6.0.9600.16384_none_62475f7becb72503\COMCTL32.dll
0x0000000062930000 - 0x0000000062a02000 	C:\Program Files\Java\jdk1.7.0_51\jre\bin\msvcr100.dll
0x0000000062160000 - 0x0000000062929000 	C:\Program Files\Java\jdk1.7.0_51\jre\bin\server\jvm.dll
0x00007ffa685a0000 - 0x00007ffa685a9000 	C:\WINDOWS\SYSTEM32\WSOCK32.dll
0x00007ffa6a250000 - 0x00007ffa6a26f000 	C:\WINDOWS\SYSTEM32\WINMM.dll
0x00007ffa726f0000 - 0x00007ffa726f7000 	C:\WINDOWS\system32\PSAPI.DLL
0x00007ffa72180000 - 0x00007ffa721d8000 	C:\WINDOWS\system32\WS2_32.dll
0x00007ffa6a220000 - 0x00007ffa6a24a000 	C:\WINDOWS\SYSTEM32\WINMMBASE.dll
0x00007ffa717f0000 - 0x00007ffa717f9000 	C:\WINDOWS\system32\NSI.dll
0x00007ffa717a0000 - 0x00007ffa717ea000 	C:\WINDOWS\SYSTEM32\cfgmgr32.dll
0x00007ffa70160000 - 0x00007ffa70186000 	C:\WINDOWS\SYSTEM32\DEVOBJ.dll
0x0000000063930000 - 0x000000006393f000 	C:\Program Files\Java\jdk1.7.0_51\jre\bin\verify.dll
0x0000000062130000 - 0x0000000062158000 	C:\Program Files\Java\jdk1.7.0_51\jre\bin\java.dll
0x0000000063910000 - 0x0000000063925000 	C:\Program Files\Java\jdk1.7.0_51\jre\bin\zip.dll
0x0000000180000000 - 0x000000018021a000 	C:\Users\Kenny\Desktop\inf2990-04\Cadriciel\Exe\DLL\INF2990.dll
0x00007ffa548f0000 - 0x00007ffa54a11000 	C:\WINDOWS\SYSTEM32\OPENGL32.dll
0x0000000062120000 - 0x0000000062127000 	C:\Program Files\Java\jdk1.7.0_51\jre\bin\jawt.dll
0x00007ffa63710000 - 0x00007ffa6373c000 	C:\WINDOWS\SYSTEM32\GLU32.dll
0x00007ffa44320000 - 0x00007ffa44874000 	C:\Users\Kenny\Desktop\inf2990-04\Cadriciel\Exe\assimp_D_x64.dll
0x0000000010000000 - 0x0000000010131000 	C:\Users\Kenny\Desktop\inf2990-04\Cadriciel\Exe\fmodex64.dll
0x000000000c0d0000 - 0x000000000c45e000 	C:\Users\Kenny\Desktop\inf2990-04\Cadriciel\Exe\FreeImage.dll
0x0000000062020000 - 0x000000006211c000 	C:\WINDOWS\SYSTEM32\MSVCP100D.dll
0x0000000061e50000 - 0x000000006201d000 	C:\WINDOWS\SYSTEM32\MSVCR100D.dll
0x00007ffa547f0000 - 0x00007ffa548e4000 	C:\WINDOWS\SYSTEM32\DDRAW.dll
0x0000000061cb0000 - 0x0000000061e45000 	C:\Program Files\Java\jdk1.7.0_51\jre\bin\awt.dll
0x00007ffa66ed0000 - 0x00007ffa66eeb000 	C:\WINDOWS\SYSTEM32\MSACM32.dll
0x00007ffa6c010000 - 0x00007ffa6c019000 	C:\WINDOWS\SYSTEM32\DCIMAN32.dll
0x00007ffa71b00000 - 0x00007ffa71bb7000 	C:\WINDOWS\system32\OLEAUT32.dll
0x00007ffa6ffe0000 - 0x00007ffa70102000 	C:\WINDOWS\system32\uxtheme.dll
0x00007ffa6e910000 - 0x00007ffa6e9a8000 	C:\Program Files\Common Files\microsoft shared\ink\tiptsf.dll
0x00007ffa6f750000 - 0x00007ffa6f771000 	C:\WINDOWS\system32\dwmapi.dll
0x00007ffa701b0000 - 0x00007ffa701ba000 	C:\WINDOWS\SYSTEM32\kernel.appcore.dll
0x00007ffa711b0000 - 0x00007ffa711ba000 	C:\WINDOWS\SYSTEM32\CRYPTBASE.dll
0x00007ffa71150000 - 0x00007ffa711ae000 	C:\WINDOWS\SYSTEM32\bcryptPrimitives.dll
0x00007ffa50f40000 - 0x00007ffa5116f000 	C:\Program Files\Acer\Acer Power Management\SysHook.dll
0x00007ffa6ab80000 - 0x00007ffa6ab87000 	C:\WINDOWS\SYSTEM32\MSIMG32.dll
0x00007ffa73ec0000 - 0x00007ffa73f5a000 	C:\WINDOWS\system32\COMDLG32.dll
0x00007ffa6a270000 - 0x00007ffa6a2eb000 	C:\WINDOWS\SYSTEM32\WINSPOOL.DRV
0x00007ffa71e50000 - 0x00007ffa71fe8000 	C:\WINDOWS\WinSxS\amd64_microsoft.windows.gdiplus_6595b64144ccf1df_1.1.9600.16384_none_9332526147499ed1\gdiplus.dll
0x00007ffa6d3e0000 - 0x00007ffa6d443000 	C:\WINDOWS\SYSTEM32\OLEACC.dll
0x0000000061ca0000 - 0x0000000061cac000 	C:\Program Files\Java\jdk1.7.0_51\jre\bin\jsound.dll
0x0000000061c90000 - 0x0000000061c9b000 	C:\Program Files\Java\jdk1.7.0_51\jre\bin\jsoundds.dll
0x00007ffa61240000 - 0x00007ffa612c7000 	C:\WINDOWS\SYSTEM32\DSOUND.dll
0x00007ffa71280000 - 0x00007ffa712c5000 	C:\WINDOWS\SYSTEM32\POWRPROF.dll
0x00007ffa6dbb0000 - 0x00007ffa6dc11000 	C:\WINDOWS\SYSTEM32\MMDevAPI.DLL
0x00007ffa62680000 - 0x00007ffa626bc000 	C:\WINDOWS\SYSTEM32\wdmaud.drv
0x00007ffa6ed90000 - 0x00007ffa6ed98000 	C:\WINDOWS\SYSTEM32\ksuser.dll
0x00007ffa6f5a0000 - 0x00007ffa6f5ab000 	C:\WINDOWS\SYSTEM32\AVRT.dll
0x00007ffa684c0000 - 0x00007ffa68536000 	C:\WINDOWS\SYSTEM32\AUDIOSES.DLL
0x00007ffa6dd40000 - 0x00007ffa6dd4b000 	C:\WINDOWS\SYSTEM32\msacm32.drv
0x00007ffa6c800000 - 0x00007ffa6c80a000 	C:\WINDOWS\SYSTEM32\midimap.dll
0x00007ffa71800000 - 0x00007ffa718a4000 	C:\WINDOWS\SYSTEM32\clbcatq.dll
0x0000000061c40000 - 0x0000000061c87000 	C:\Program Files\Java\jdk1.7.0_51\jre\bin\fontmanager.dll
0x0000000061c20000 - 0x0000000061c39000 	C:\Program Files\Java\jdk1.7.0_51\jre\bin\net.dll
0x00007ffa70ba0000 - 0x00007ffa70bf8000 	C:\WINDOWS\system32\mswsock.dll
0x0000000061c00000 - 0x0000000061c11000 	C:\Program Files\Java\jdk1.7.0_51\jre\bin\nio.dll
0x0000000061bb0000 - 0x0000000061bf1000 	C:\Program Files\Java\jdk1.7.0_51\jre\bin\t2k.dll
0x000000000ecc0000 - 0x000000000f44e000 	C:\WINDOWS\SYSTEM32\ig75icd64.dll
0x00007ffa62de0000 - 0x00007ffa63220000 	C:\WINDOWS\SYSTEM32\igdusc64.dll
0x0000000061b80000 - 0x0000000061bb0000 	C:\Program Files\Java\jdk1.7.0_51\jre\bin\jpeg.dll
0x0000000061b50000 - 0x0000000061b7a000 	C:\Program Files\Java\jdk1.7.0_51\jre\bin\dcpr.dll
0x00007ffa6ebe0000 - 0x00007ffa6ed73000 	C:\WINDOWS\SYSTEM32\WindowsCodecs.dll
0x00007ffa70c00000 - 0x00007ffa70c1e000 	C:\WINDOWS\SYSTEM32\CRYPTSP.dll
0x00007ffa70840000 - 0x00007ffa70875000 	C:\WINDOWS\system32\rsaenh.dll
0x00007ffa70e30000 - 0x00007ffa70e56000 	C:\WINDOWS\SYSTEM32\bcrypt.dll
0x00007ffa6d900000 - 0x00007ffa6d914000 	C:\WINDOWS\system32\napinsp.dll
0x00007ffa6d8e0000 - 0x00007ffa6d8f9000 	C:\WINDOWS\system32\pnrpnsp.dll
0x00007ffa6d950000 - 0x00007ffa6d969000 	C:\WINDOWS\system32\NLAapi.dll
0x00007ffa709b0000 - 0x00007ffa70a53000 	C:\WINDOWS\SYSTEM32\DNSAPI.dll
0x00007ffa6d920000 - 0x00007ffa6d92c000 	C:\WINDOWS\System32\winrnr.dll
0x00007ffa6d930000 - 0x00007ffa6d943000 	C:\WINDOWS\system32\wshbth.dll
0x00007ffa67310000 - 0x00007ffa67319000 	C:\Windows\System32\rasadhlp.dll
0x00007ffa6c270000 - 0x00007ffa6c299000 	C:\WINDOWS\SYSTEM32\IPHLPAPI.DLL
0x00007ffa6c240000 - 0x00007ffa6c24a000 	C:\WINDOWS\SYSTEM32\WINNSI.DLL
0x00007ffa6bab0000 - 0x00007ffa6bb17000 	C:\WINDOWS\System32\fwpuclnt.dll
0x00007ffa71400000 - 0x00007ffa714a1000 	C:\WINDOWS\WinSxS\amd64_microsoft.windows.common-controls_6595b64144ccf1df_5.82.9600.16384_none_34a8918f959016ea\comctl32.dll
0x00007ffa71bc0000 - 0x00007ffa71d96000 	C:\WINDOWS\system32\SETUPAPI.dll
0x00007ffa6c9b0000 - 0x00007ffa6cb14000 	C:\WINDOWS\system32\propsys.dll
0x00007ffa62310000 - 0x00007ffa624ac000 	C:\WINDOWS\system32\NetworkExplorer.dll
0x00007ffa6dd60000 - 0x00007ffa6dd6b000 	C:\WINDOWS\System32\drprov.dll
0x00007ffa70680000 - 0x00007ffa706d7000 	C:\WINDOWS\System32\WINSTA.dll
0x00007ffa5e100000 - 0x00007ffa5e115000 	C:\WINDOWS\System32\ntlanman.dll
0x00007ffa5e050000 - 0x00007ffa5e06f000 	C:\WINDOWS\System32\davclnt.dll
0x00007ffa6dd50000 - 0x00007ffa6dd5b000 	C:\WINDOWS\System32\DAVHLPR.dll
0x00007ffa6d030000 - 0x00007ffa6d046000 	C:\WINDOWS\System32\wkscli.dll
0x00007ffa68340000 - 0x00007ffa68350000 	C:\WINDOWS\SYSTEM32\cscapi.dll
0x00007ffa70590000 - 0x00007ffa7059c000 	C:\WINDOWS\System32\netutils.dll
0x00007ffa62510000 - 0x00007ffa62585000 	C:\Windows\System32\dlnashext.dll
0x00007ffa5e0a0000 - 0x00007ffa5e0e7000 	C:\Windows\System32\PlayToDevice.dll
0x00007ffa661e0000 - 0x00007ffa661fc000 	C:\Windows\System32\DevDispItemProvider.dll
0x00007ffa6b040000 - 0x00007ffa6b054000 	C:\WINDOWS\SYSTEM32\dhcpcsvc6.DLL
0x00007ffa6b750000 - 0x00007ffa6b769000 	C:\WINDOWS\SYSTEM32\dhcpcsvc.DLL
0x00007ffa637f0000 - 0x00007ffa63aa0000 	C:\Windows\System32\actxprxy.dll
0x00007ffa676e0000 - 0x00007ffa6771d000 	C:\WINDOWS\System32\netprofm.dll
0x00007ffa66030000 - 0x00007ffa6603e000 	C:\WINDOWS\System32\npmproxy.dll
0x00007ffa44b30000 - 0x00007ffa44d1f000 	C:\WINDOWS\system32\wpdshext.dll
0x00007ffa66130000 - 0x00007ffa661d6000 	C:\Windows\System32\PortableDeviceApi.dll
0x00007ffa713b0000 - 0x00007ffa713fe000 	C:\WINDOWS\system32\WINTRUST.dll
0x00007ffa714b0000 - 0x00007ffa71687000 	C:\WINDOWS\system32\CRYPT32.dll
0x00007ffa71390000 - 0x00007ffa713a2000 	C:\WINDOWS\system32\MSASN1.dll
0x00007ffa67100000 - 0x00007ffa67136000 	C:\Windows\System32\EhStorShell.dll
0x00007ffa5e070000 - 0x00007ffa5e095000 	C:\Windows\System32\EhStorAPI.dll
0x00007ffa6d230000 - 0x00007ffa6d241000 	C:\Windows\System32\WTSAPI32.dll
0x00007ffa6d860000 - 0x00007ffa6d86c000 	C:\WINDOWS\SYSTEM32\LINKINFO.dll
0x00007ffa5e260000 - 0x00007ffa5e3e8000 	C:\WINDOWS\SYSTEM32\dbghelp.dll

VM Arguments:
java_command: InterfaceGraphique.Demarrage
Launcher Type: SUN_STANDARD

Environment Variables:
JAVA_HOME=C:\Program Files\Java\jdk1.7.0_51
PATH=C:\Program Files (x86)\Intel\iCLS Client\;C:\Program Files\Intel\iCLS Client\;C:\WINDOWS\system32;C:\WINDOWS;C:\WINDOWS\System32\Wbem;C:\WINDOWS\System32\WindowsPowerShell\v1.0\;C:\Program Files (x86)\Intel\OpenCL SDK\3.0\bin\x86;C:\Program Files (x86)\Intel\OpenCL SDK\3.0\bin\x64;C:\Program Files\Intel\WiFi\bin\;C:\Program Files\Common Files\Intel\WirelessCommon\;C:\Program Files\Intel\Intel(R) Management Engine Components\DAL;C:\Program Files\Intel\Intel(R) Management Engine Components\IPT;C:\Program Files (x86)\Intel\Intel(R) Management Engine Components\DAL;C:\Program Files (x86)\Intel\Intel(R) Management Engine Components\IPT;C:\Program Files\Microsoft\Web Platform Installer\;C:\Program Files (x86)\Microsoft ASP.NET\ASP.NET Web Pages\v1.0\;C:\Program Files (x86)\Windows Kits\8.0\Windows Performance Toolkit\;C:\Program Files\Microsoft SQL Server\110\Tools\Binn\;c:\Program Files (x86)\Microsoft SQL Server\100\Tools\Binn\;c:\Program Files\Microsoft SQL Server\100\Tools\Binn\;c:\Program Files\Microsoft SQL Server\100\DTS\Binn\;C:\Program Files\Acer\Remote Files\;C:\Program Files\TortoiseGit\bin;C:\Program Files\Java\jdk1.7.0_51\bin\;C:\Program Files\Java\jdk1.7.0_51\jre\bin\;C:\Program Files\Java\jdk1.7.0_51\bin\;C:\Program Files\Java\jdk1.7.0_51\jre\bin\;C:\Program Files (x86)\Microsoft Visual Studio 11.0\Common7\IDE\Extensions\Microsoft\VsGraphics;C:\Program Files (x86)\Microsoft Visual Studio 10.0\;c:\Program Files (x86)\Microsoft Visual Studio 10.0\VC\bin\amd64
USERNAME=Kenny
OS=Windows_NT
PROCESSOR_IDENTIFIER=Intel64 Family 6 Model 69 Stepping 1, GenuineIntel



---------------  S Y S T E M  ---------------

OS: Windows 8 , 64 bit Build 9200 

CPU:total 4 (2 cores per cpu, 2 threads per core) family 6 model 69 stepping 1, cmov, cx8, fxsr, mmx, sse, sse2, sse3, ssse3, sse4.1, sse4.2, popcnt, avx, avx2, aes, erms, ht, tsc, tscinvbit

Memory: 4k page, physical 8057108k(3025796k free), swap 11498396k(4309944k free)

vm_info: Java HotSpot(TM) 64-Bit Server VM (24.51-b03) for windows-amd64 JRE (1.7.0_51-b13), built on Dec 18 2013 18:40:56 by "java_re" with unknown MS VC++:1600

time: Sun Apr 06 13:06:21 2014
elapsed time: 885 seconds

