#
# A fatal error has been detected by the Java Runtime Environment:
#
#  EXCEPTION_ACCESS_VIOLATION (0xc0000005) at pc=0x0000000180009cf7, pid=11900, tid=6292
#
# JRE version: Java(TM) SE Runtime Environment (7.0_51-b13) (build 1.7.0_51-b13)
# Java VM: Java HotSpot(TM) 64-Bit Server VM (24.51-b03 mixed mode windows-amd64 compressed oops)
# Problematic frame:
# C  [INF2990.dll+0x9cf7]  Carte::changerVisibilitePositionDepart+0x77
#
# Failed to write core dump. Minidumps are not enabled by default on client versions of Windows
#
# If you would like to submit a bug report, please visit:
#   http://bugreport.sun.com/bugreport/crash.jsp
# The crash happened outside the Java Virtual Machine in native code.
# See problematic frame for where to report the bug.
#

---------------  T H R E A D  ---------------

Current thread (0x000000000ab61800):  JavaThread "AWT-EventQueue-0" [_thread_in_native, id=6292, stack(0x000000000d320000,0x000000000d420000)]

siginfo: ExceptionCode=0xc0000005, reading address 0xffffffffffffffff

Registers:
RAX=0xee00000000000000, RBX=0x000000078005bef0, RCX=0x0000000015359a01, RDX=0x000000000000000b
RSP=0x000000000d41df60, RBP=0x000000000d41e468, RSI=0x00000000f00451fd, RDI=0x000000000d41dfa0
R8 =0x000000000ddd29f8, R9 =0x00000000000001c9, R10=0x0000000000000000, R11=0x0000000015299320
R12=0x0000000000000000, R13=0x000000078005bef0, R14=0x000000000d41e498, R15=0x000000000ab61800
RIP=0x0000000180009cf7, EFLAGS=0x0000000000010206

Top of Stack: (sp=0x000000000d41df60)
0x000000000d41df60:   000000000ddd29f8 000000000000000b
0x000000000d41df70:   cccccccccccccccc cccccccccccccccc
0x000000000d41df80:   cccccccccccccccc cccccccccccccccc
0x000000000d41df90:   cccccccc0000000b 0000000015359a01
0x000000000d41dfa0:   000000000d41e010 000000018004c325
0x000000000d41dfb0:   000000000ddd2980 000000000d41df00
0x000000000d41dfc0:   cccccccc00000001 cccccccccccccccc
0x000000000d41dfd0:   c08a295fc3b553f8 cccccccc00000000
0x000000000d41dfe0:   000000000d41dfd0 cccccccccccccccc
0x000000000d41dff0:   cccccccccccccccc cccccccccccccccc
0x000000000d41e000:   cccccccccccccccc cccccccccccccccc
0x000000000d41e010:   000000000d41e050 000000018004b91f
0x000000000d41e020:   000000000dd99150 000000000ddd2980
0x000000000d41e030:   0000000015353ec0 cccccccccccccccc
0x000000000d41e040:   fffffffffffffffe cccccccccccccccc
0x000000000d41e050:   000000000d41e080 000000018004c56c 

Instructions: (pc=0x0000000180009cf7)
0x0000000180009cd7:   83 c1 78 48 8b d0 e8 8e 54 00 00 48 8b 00 48 89
0x0000000180009ce7:   44 24 38 48 8b 44 24 38 48 8b 00 48 8b 4c 24 38
0x0000000180009cf7:   ff 50 08 83 f8 07 75 43 48 63 44 24 30 48 8b 4c
0x0000000180009d07:   24 50 48 83 c1 78 48 8b d0 e8 5b 54 00 00 c7 44 


Register to memory mapping:

RAX=0xee00000000000000 is an unknown value
RBX=0x000000078005bef0 is an oop
{method} 
 - klass: {other class}
RCX=0x0000000015359a01 is an unknown value
RDX=0x000000000000000b is an unknown value
RSP=0x000000000d41df60 is pointing into the stack for thread: 0x000000000ab61800
RBP=0x000000000d41e468 is pointing into the stack for thread: 0x000000000ab61800
RSI=0x00000000f00451fd is an unknown value
RDI=0x000000000d41dfa0 is pointing into the stack for thread: 0x000000000ab61800
R8 =0x000000000ddd29f8 is an unknown value
R9 =0x00000000000001c9 is an unknown value
R10=0x0000000000000000 is an unknown value
R11=0x0000000015299320 is an unknown value
R12=0x0000000000000000 is an unknown value
R13=0x000000078005bef0 is an oop
{method} 
 - klass: {other class}
R14=0x000000000d41e498 is pointing into the stack for thread: 0x000000000ab61800
R15=0x000000000ab61800 is a thread


Stack: [0x000000000d320000,0x000000000d420000],  sp=0x000000000d41df60,  free space=1015k
Native frames: (J=compiled Java code, j=interpreted, Vv=VM code, C=native code)
C  [INF2990.dll+0x9cf7]  Carte::changerVisibilitePositionDepart+0x77
j  InterfaceGraphique.InterfacePartieRapide.rejouer(Z)V+53
j  InterfaceGraphique.InterfacePartieRapide.run(F)V+199
j  InterfaceGraphique.Demarrage$2$1.run()V+30
j  java.awt.event.InvocationEvent.dispatch()V+11
j  java.awt.EventQueue.dispatchEventImpl(Ljava/awt/AWTEvent;Ljava/lang/Object;)V+21
j  java.awt.EventQueue.access$200(Ljava/awt/EventQueue;Ljava/awt/AWTEvent;Ljava/lang/Object;)V+3
j  java.awt.EventQueue$3.run()Ljava/lang/Void;+12
j  java.awt.EventQueue$3.run()Ljava/lang/Object;+1
v  ~StubRoutines::call_stub

Java frames: (J=compiled Java code, j=interpreted, Vv=VM code)
j  InterfaceGraphique.Demarrage.fctC_initialiserModePartieRapide(IILjava/lang/String;)V+0
j  InterfaceGraphique.InterfacePartieRapide.rejouer(Z)V+53
j  InterfaceGraphique.InterfacePartieRapide.run(F)V+199
j  InterfaceGraphique.Demarrage$2$1.run()V+30
j  java.awt.event.InvocationEvent.dispatch()V+11
j  java.awt.EventQueue.dispatchEventImpl(Ljava/awt/AWTEvent;Ljava/lang/Object;)V+21
j  java.awt.EventQueue.access$200(Ljava/awt/EventQueue;Ljava/awt/AWTEvent;Ljava/lang/Object;)V+3
j  java.awt.EventQueue$3.run()Ljava/lang/Void;+12
j  java.awt.EventQueue$3.run()Ljava/lang/Object;+1
v  ~StubRoutines::call_stub
j  java.security.AccessController.doPrivileged(Ljava/security/PrivilegedAction;Ljava/security/AccessControlContext;)Ljava/lang/Object;+0
j  java.security.ProtectionDomain$1.doIntersectionPrivilege(Ljava/security/PrivilegedAction;Ljava/security/AccessControlContext;Ljava/security/AccessControlContext;)Ljava/lang/Object;+28
j  java.awt.EventQueue.dispatchEvent(Ljava/awt/AWTEvent;)V+46
j  java.awt.EventDispatchThread.pumpOneEventForFilters(I)V+245
j  java.awt.EventDispatchThread.pumpEventsForFilter(ILjava/awt/Conditional;Ljava/awt/EventFilter;)V+35
j  java.awt.EventDispatchThread.pumpEventsForHierarchy(ILjava/awt/Conditional;Ljava/awt/Component;)V+11
j  java.awt.EventDispatchThread.pumpEvents(ILjava/awt/Conditional;)V+4
j  java.awt.EventDispatchThread.pumpEvents(Ljava/awt/Conditional;)V+3
j  java.awt.EventDispatchThread.run()V+9
v  ~StubRoutines::call_stub

---------------  P R O C E S S  ---------------

Java Threads: ( => current thread )
  0x000000000efce000 JavaThread "Swing-Shell" daemon [_thread_blocked, id=11084, stack(0x0000000012cf0000,0x0000000012df0000)]
  0x000000000c87d000 JavaThread "Timer-0" [_thread_blocked, id=7828, stack(0x0000000011d50000,0x0000000011e50000)]
  0x000000000c6c0000 JavaThread "TimerQueue" daemon [_thread_blocked, id=13276, stack(0x000000000eb60000,0x000000000ec60000)]
  0x000000000c58d000 JavaThread "Direct Clip" daemon [_thread_blocked, id=1544, stack(0x000000000ea60000,0x000000000eb60000)]
  0x000000000c624800 JavaThread "Java Sound Event Dispatcher" daemon [_thread_blocked, id=11328, stack(0x000000000e560000,0x000000000e660000)]
  0x0000000002921000 JavaThread "DestroyJavaVM" [_thread_blocked, id=10712, stack(0x00000000027f0000,0x00000000028f0000)]
=>0x000000000ab61800 JavaThread "AWT-EventQueue-0" [_thread_in_native, id=6292, stack(0x000000000d320000,0x000000000d420000)]
  0x000000000ab61000 JavaThread "AWT-Windows" daemon [_thread_in_native, id=7980, stack(0x000000000d020000,0x000000000d120000)]
  0x000000000ab60000 JavaThread "AWT-Shutdown" [_thread_blocked, id=8008, stack(0x000000000cf20000,0x000000000d020000)]
  0x000000000ab5f800 JavaThread "Java2D Disposer" daemon [_thread_blocked, id=4596, stack(0x000000000ce20000,0x000000000cf20000)]
  0x000000000ab32800 JavaThread "Service Thread" daemon [_thread_blocked, id=4664, stack(0x000000000c2a0000,0x000000000c3a0000)]
  0x000000000ab26800 JavaThread "C2 CompilerThread1" daemon [_thread_blocked, id=4104, stack(0x000000000c1a0000,0x000000000c2a0000)]
  0x000000000ab25000 JavaThread "C2 CompilerThread0" daemon [_thread_blocked, id=12788, stack(0x000000000c0a0000,0x000000000c1a0000)]
  0x000000000ab24000 JavaThread "Attach Listener" daemon [_thread_blocked, id=7756, stack(0x000000000bfa0000,0x000000000c0a0000)]
  0x000000000ab21000 JavaThread "Signal Dispatcher" daemon [_thread_blocked, id=10848, stack(0x000000000bea0000,0x000000000bfa0000)]
  0x000000000aaef800 JavaThread "Finalizer" daemon [_thread_blocked, id=3984, stack(0x000000000bda0000,0x000000000bea0000)]
  0x000000000aae4800 JavaThread "Reference Handler" daemon [_thread_blocked, id=9832, stack(0x000000000bca0000,0x000000000bda0000)]

Other Threads:
  0x000000000aae3000 VMThread [stack: 0x000000000bba0000,0x000000000bca0000] [id=7788]
  0x000000000ab52000 WatcherThread [stack: 0x000000000c3a0000,0x000000000c4a0000] [id=6984]

VM state:not at safepoint (normal execution)

VM Mutex/Monitor currently owned by a thread: None

Heap
 PSYoungGen      total 36864K, used 33993K [0x00000007d7000000, 0x00000007d9900000, 0x0000000800000000)
  eden space 31744K, 91% used [0x00000007d7000000,0x00000007d8c37908,0x00000007d8f00000)
  from space 5120K, 99% used [0x00000007d8f00000,0x00000007d93fad20,0x00000007d9400000)
  to   space 5120K, 0% used [0x00000007d9400000,0x00000007d9400000,0x00000007d9900000)
 ParOldGen       total 83968K, used 28844K [0x0000000785000000, 0x000000078a200000, 0x00000007d7000000)
  object space 83968K, 34% used [0x0000000785000000,0x0000000786c2b390,0x000000078a200000)
 PSPermGen       total 21504K, used 14782K [0x000000077fe00000, 0x0000000781300000, 0x0000000785000000)
  object space 21504K, 68% used [0x000000077fe00000,0x0000000780c6f8d8,0x0000000781300000)

Card table byte_map: [0x0000000005ae0000,0x0000000005ef0000] byte_map_base: 0x0000000001ee1000

Polling page: 0x0000000000f90000

Code Cache  [0x0000000002a20000, 0x0000000002c90000, 0x0000000005a20000)
 total_blobs=635 nmethods=149 adapters=438 free_code_cache=48379Kb largest_free_block=49505792

Compilation events (10 events):
Event: 49.792 Thread 0x000000000ab25000  149             java.util.concurrent.locks.ReentrantLock$Sync::nonfairTryAcquire (67 bytes)
Event: 49.794 Thread 0x000000000ab25000 nmethod 149 0x0000000002ad5150 code [0x0000000002ad5280, 0x0000000002ad5358]
Event: 50.430 Thread 0x000000000ab26800  150             java.lang.Math::max (11 bytes)
Event: 50.431 Thread 0x000000000ab26800 nmethod 150 0x0000000002ae8110 code [0x0000000002ae8240, 0x0000000002ae8298]
Event: 50.432 Thread 0x000000000ab25000  151             java.awt.Component::getFont (5 bytes)
Event: 50.433 Thread 0x000000000ab25000 nmethod 151 0x0000000002abc910 code [0x0000000002abca60, 0x0000000002abcb28]
Event: 53.725 Thread 0x000000000ab26800  152   !         sun.awt.AWTAutoShutdown::setToolkitBusy (124 bytes)
Event: 53.742 Thread 0x000000000ab26800 nmethod 152 0x0000000002abd390 code [0x0000000002abd520, 0x0000000002abde90]
Event: 54.856 Thread 0x000000000ab25000  153             java.awt.Component::getCursor_NoClientCode (30 bytes)
Event: 54.858 Thread 0x000000000ab25000 nmethod 153 0x0000000002abd090 code [0x0000000002abd1e0, 0x0000000002abd2a8]

GC Heap History (2 events):
Event: 13.065 GC heap before
{Heap before GC invocations=1 (full 0):
 PSYoungGen      total 36864K, used 31744K [0x00000007d7000000, 0x00000007d9900000, 0x0000000800000000)
  eden space 31744K, 100% used [0x00000007d7000000,0x00000007d8f00000,0x00000007d8f00000)
  from space 5120K, 0% used [0x00000007d9400000,0x00000007d9400000,0x00000007d9900000)
  to   space 5120K, 0% used [0x00000007d8f00000,0x00000007d8f00000,0x00000007d9400000)
 ParOldGen       total 83968K, used 19200K [0x0000000785000000, 0x000000078a200000, 0x00000007d7000000)
  object space 83968K, 22% used [0x0000000785000000,0x00000007862c0010,0x000000078a200000)
 PSPermGen       total 21504K, used 14601K [0x000000077fe00000, 0x0000000781300000, 0x0000000785000000)
  object space 21504K, 67% used [0x000000077fe00000,0x0000000780c42430,0x0000000781300000)
Event: 13.076 GC heap after
Heap after GC invocations=1 (full 0):
 PSYoungGen      total 36864K, used 5099K [0x00000007d7000000, 0x00000007d9900000, 0x0000000800000000)
  eden space 31744K, 0% used [0x00000007d7000000,0x00000007d7000000,0x00000007d8f00000)
  from space 5120K, 99% used [0x00000007d8f00000,0x00000007d93fad20,0x00000007d9400000)
  to   space 5120K, 0% used [0x00000007d9400000,0x00000007d9400000,0x00000007d9900000)
 ParOldGen       total 83968K, used 28844K [0x0000000785000000, 0x000000078a200000, 0x00000007d7000000)
  object space 83968K, 34% used [0x0000000785000000,0x0000000786c2b390,0x000000078a200000)
 PSPermGen       total 21504K, used 14601K [0x000000077fe00000, 0x0000000781300000, 0x0000000785000000)
  object space 21504K, 67% used [0x000000077fe00000,0x0000000780c42430,0x0000000781300000)
}

Deoptimization events (10 events):
Event: 0.528 Thread 0x000000000ab61800 Uncommon trap: reason=class_check action=maybe_recompile pc=0x0000000002a9db50 method=java.lang.String.equals(Ljava/lang/Object;)Z @ 8
Event: 3.381 Thread 0x000000000ab61800 Uncommon trap: reason=predicate action=maybe_recompile pc=0x0000000002ab02bc method=java.util.ArrayList.indexOf(Ljava/lang/Object;)I @ 44
Event: 3.390 Thread 0x000000000ab61800 Uncommon trap: reason=bimorphic action=maybe_recompile pc=0x0000000002ab1040 method=java.util.ArrayList.indexOf(Ljava/lang/Object;)I @ 51
Event: 4.501 Thread 0x000000000ab61800 Uncommon trap: reason=bimorphic action=maybe_recompile pc=0x0000000002ab1040 method=java.util.ArrayList.indexOf(Ljava/lang/Object;)I @ 51
Event: 4.543 Thread 0x000000000ab61800 Uncommon trap: reason=bimorphic action=maybe_recompile pc=0x0000000002ab1040 method=java.util.ArrayList.indexOf(Ljava/lang/Object;)I @ 51
Event: 4.543 Thread 0x000000000ab61800 Uncommon trap: reason=bimorphic action=maybe_recompile pc=0x0000000002ab1040 method=java.util.ArrayList.indexOf(Ljava/lang/Object;)I @ 51
Event: 14.857 Thread 0x000000000ab61800 Uncommon trap: reason=class_check action=maybe_recompile pc=0x0000000002accee0 method=java.awt.Container.findComponentAtImpl(IIZ)Ljava/awt/Component; @ 76
Event: 14.864 Thread 0x000000000ab61800 Uncommon trap: reason=class_check action=maybe_recompile pc=0x0000000002accee0 method=java.awt.Container.findComponentAtImpl(IIZ)Ljava/awt/Component; @ 76
Event: 14.865 Thread 0x000000000ab61800 Uncommon trap: reason=class_check action=maybe_recompile pc=0x0000000002accee0 method=java.awt.Container.findComponentAtImpl(IIZ)Ljava/awt/Component; @ 76
Event: 14.866 Thread 0x000000000ab61800 Uncommon trap: reason=class_check action=maybe_recompile pc=0x0000000002accee0 method=java.awt.Container.findComponentAtImpl(IIZ)Ljava/awt/Component; @ 76

Internal exceptions (10 events):
Event: 9.982 Thread 0x000000000ab61800 Threw 0x00000007d81e3aa8 at C:\re\jdk7u51\527\hotspot\src\share\vm\interpreter\interpreterRuntime.cpp:362
Event: 12.721 Thread 0x000000000ab61800 Threw 0x00000007d8444c78 at C:\re\jdk7u51\527\hotspot\src\share\vm\prims\jvm.cpp:1244
Event: 16.487 Thread 0x000000000ab61800 Threw 0x00000007d820da18 at C:\re\jdk7u51\527\hotspot\src\share\vm\interpreter\interpreterRuntime.cpp:362
Event: 17.593 Thread 0x000000000ab61800 Threw 0x00000007d8221d30 at C:\re\jdk7u51\527\hotspot\src\share\vm\interpreter\interpreterRuntime.cpp:362
Event: 22.622 Thread 0x000000000ab61800 Threw 0x00000007d83824d8 at C:\re\jdk7u51\527\hotspot\src\share\vm\interpreter\interpreterRuntime.cpp:362
Event: 22.622 Thread 0x000000000ab61800 Threw 0x00000007d83826f8 at C:\re\jdk7u51\527\hotspot\src\share\vm\runtime\reflection.cpp:1030
Event: 26.891 Thread 0x000000000ab61800 Threw 0x00000007d83f26a8 at C:\re\jdk7u51\527\hotspot\src\share\vm\interpreter\interpreterRuntime.cpp:362
Event: 26.891 Thread 0x000000000ab61800 Threw 0x00000007d83f28c8 at C:\re\jdk7u51\527\hotspot\src\share\vm\runtime\reflection.cpp:1030
Event: 44.874 Thread 0x000000000ab61800 Threw 0x00000007d8bd9ed8 at C:\re\jdk7u51\527\hotspot\src\share\vm\interpreter\interpreterRuntime.cpp:362
Event: 44.875 Thread 0x000000000ab61800 Threw 0x00000007d8bda0f8 at C:\re\jdk7u51\527\hotspot\src\share\vm\runtime\reflection.cpp:1030

Events (10 events):
Event: 24.990 Thread 0x000000000ab26800 flushing nmethod 0x0000000002ab7e10
Event: 50.365 loading class 0x000000000c71bf60
Event: 50.365 loading class 0x000000000c71bf60 done
Event: 50.396 Executing VM operation: RevokeBias
Event: 50.396 Executing VM operation: RevokeBias done
Event: 50.397 Executing VM operation: RevokeBias
Event: 50.397 Executing VM operation: RevokeBias done
Event: 54.224 loading class 0x000000000ab6fe70
Event: 54.225 loading class 0x000000000ab6fe70 done
Event: 54.858 Thread 0x000000000ab25000 flushing nmethod 0x0000000002ab0890


Dynamic libraries:
0x00007ff79e300000 - 0x00007ff79e333000 	C:\Program Files\Java\jdk1.7.0_51\jre\bin\java.exe
0x00007ffa73f60000 - 0x00007ffa74109000 	C:\WINDOWS\SYSTEM32\ntdll.dll
0x00007ffa72950000 - 0x00007ffa72a89000 	C:\WINDOWS\system32\KERNEL32.DLL
0x00007ffa71690000 - 0x00007ffa7179f000 	C:\WINDOWS\system32\KERNELBASE.dll
0x00007ffa6ff10000 - 0x00007ffa6ff9b000 	C:\WINDOWS\system32\apphelp.dll
0x00007ffa513c0000 - 0x00007ffa5140f000 	C:\WINDOWS\AppPatch\AppPatch64\AcGenral.DLL
0x00007ffa728a0000 - 0x00007ffa72947000 	C:\WINDOWS\system32\msvcrt.dll
0x00007ffa71120000 - 0x00007ffa7114b000 	C:\WINDOWS\SYSTEM32\SspiCli.dll
0x00007ffa718b0000 - 0x00007ffa71901000 	C:\WINDOWS\system32\SHLWAPI.dll
0x00007ffa71ff0000 - 0x00007ffa72161000 	C:\WINDOWS\system32\USER32.dll
0x00007ffa72570000 - 0x00007ffa726e6000 	C:\WINDOWS\system32\ole32.dll
0x00007ffa72a90000 - 0x00007ffa73ea0000 	C:\WINDOWS\system32\SHELL32.dll
0x00007ffa70950000 - 0x00007ffa7096f000 	C:\WINDOWS\SYSTEM32\USERENV.dll
0x00007ffa71da0000 - 0x00007ffa71e45000 	C:\WINDOWS\system32\ADVAPI32.dll
0x00007ffa65ad0000 - 0x00007ffa65aeb000 	C:\WINDOWS\SYSTEM32\MPR.dll
0x00007ffa71910000 - 0x00007ffa71a46000 	C:\WINDOWS\system32\RPCRT4.dll
0x00007ffa72510000 - 0x00007ffa72567000 	C:\WINDOWS\SYSTEM32\sechost.dll
0x00007ffa72330000 - 0x00007ffa72507000 	C:\WINDOWS\SYSTEM32\combase.dll
0x00007ffa721e0000 - 0x00007ffa72325000 	C:\WINDOWS\system32\GDI32.dll
0x00007ffa712e0000 - 0x00007ffa712f4000 	C:\WINDOWS\SYSTEM32\profapi.dll
0x00007ffa6f930000 - 0x00007ffa6f9d1000 	C:\WINDOWS\SYSTEM32\SHCORE.dll
0x00007ffa71ac0000 - 0x00007ffa71af4000 	C:\WINDOWS\system32\IMM32.DLL
0x00007ffa72760000 - 0x00007ffa72898000 	C:\WINDOWS\system32\MSCTF.dll
0x00007ffa6e1c0000 - 0x00007ffa6e41a000 	C:\WINDOWS\WinSxS\amd64_microsoft.windows.common-controls_6595b64144ccf1df_6.0.9600.16384_none_62475f7becb72503\COMCTL32.dll
0x0000000062930000 - 0x0000000062a02000 	C:\Program Files\Java\jdk1.7.0_51\jre\bin\msvcr100.dll
0x0000000062160000 - 0x0000000062929000 	C:\Program Files\Java\jdk1.7.0_51\jre\bin\server\jvm.dll
0x00007ffa685a0000 - 0x00007ffa685a9000 	C:\WINDOWS\SYSTEM32\WSOCK32.dll
0x00007ffa6a250000 - 0x00007ffa6a26f000 	C:\WINDOWS\SYSTEM32\WINMM.dll
0x00007ffa726f0000 - 0x00007ffa726f7000 	C:\WINDOWS\system32\PSAPI.DLL
0x00007ffa72180000 - 0x00007ffa721d8000 	C:\WINDOWS\system32\WS2_32.dll
0x00007ffa6a220000 - 0x00007ffa6a24a000 	C:\WINDOWS\SYSTEM32\WINMMBASE.dll
0x00007ffa717f0000 - 0x00007ffa717f9000 	C:\WINDOWS\system32\NSI.dll
0x00007ffa717a0000 - 0x00007ffa717ea000 	C:\WINDOWS\SYSTEM32\cfgmgr32.dll
0x00007ffa70160000 - 0x00007ffa70186000 	C:\WINDOWS\SYSTEM32\DEVOBJ.dll
0x0000000063930000 - 0x000000006393f000 	C:\Program Files\Java\jdk1.7.0_51\jre\bin\verify.dll
0x0000000062130000 - 0x0000000062158000 	C:\Program Files\Java\jdk1.7.0_51\jre\bin\java.dll
0x0000000063910000 - 0x0000000063925000 	C:\Program Files\Java\jdk1.7.0_51\jre\bin\zip.dll
0x0000000180000000 - 0x000000018021a000 	C:\Users\Kenny\Desktop\inf2990-04\Cadriciel\Exe\DLL\INF2990.dll
0x00007ffa548f0000 - 0x00007ffa54a11000 	C:\WINDOWS\SYSTEM32\OPENGL32.dll
0x0000000062120000 - 0x0000000062127000 	C:\Program Files\Java\jdk1.7.0_51\jre\bin\jawt.dll
0x00007ffa63710000 - 0x00007ffa6373c000 	C:\WINDOWS\SYSTEM32\GLU32.dll
0x00007ffa44320000 - 0x00007ffa44874000 	C:\Users\Kenny\Desktop\inf2990-04\Cadriciel\Exe\assimp_D_x64.dll
0x0000000010000000 - 0x0000000010131000 	C:\Users\Kenny\Desktop\inf2990-04\Cadriciel\Exe\fmodex64.dll
0x000000000c8a0000 - 0x000000000cc2e000 	C:\Users\Kenny\Desktop\inf2990-04\Cadriciel\Exe\FreeImage.dll
0x0000000062020000 - 0x000000006211c000 	C:\WINDOWS\SYSTEM32\MSVCP100D.dll
0x0000000061e50000 - 0x000000006201d000 	C:\WINDOWS\SYSTEM32\MSVCR100D.dll
0x00007ffa547f0000 - 0x00007ffa548e4000 	C:\WINDOWS\SYSTEM32\DDRAW.dll
0x0000000061cb0000 - 0x0000000061e45000 	C:\Program Files\Java\jdk1.7.0_51\jre\bin\awt.dll
0x00007ffa66ed0000 - 0x00007ffa66eeb000 	C:\WINDOWS\SYSTEM32\MSACM32.dll
0x00007ffa6c010000 - 0x00007ffa6c019000 	C:\WINDOWS\SYSTEM32\DCIMAN32.dll
0x00007ffa71b00000 - 0x00007ffa71bb7000 	C:\WINDOWS\system32\OLEAUT32.dll
0x00007ffa6ffe0000 - 0x00007ffa70102000 	C:\WINDOWS\system32\uxtheme.dll
0x00007ffa6e910000 - 0x00007ffa6e9a8000 	C:\Program Files\Common Files\microsoft shared\ink\tiptsf.dll
0x00007ffa6f750000 - 0x00007ffa6f771000 	C:\WINDOWS\system32\dwmapi.dll
0x00007ffa701b0000 - 0x00007ffa701ba000 	C:\WINDOWS\SYSTEM32\kernel.appcore.dll
0x00007ffa711b0000 - 0x00007ffa711ba000 	C:\WINDOWS\SYSTEM32\CRYPTBASE.dll
0x00007ffa71150000 - 0x00007ffa711ae000 	C:\WINDOWS\SYSTEM32\bcryptPrimitives.dll
0x00007ffa50f40000 - 0x00007ffa5116f000 	C:\Program Files\Acer\Acer Power Management\SysHook.dll
0x00007ffa6ab80000 - 0x00007ffa6ab87000 	C:\WINDOWS\SYSTEM32\MSIMG32.dll
0x00007ffa73ec0000 - 0x00007ffa73f5a000 	C:\WINDOWS\system32\COMDLG32.dll
0x00007ffa6a270000 - 0x00007ffa6a2eb000 	C:\WINDOWS\SYSTEM32\WINSPOOL.DRV
0x00007ffa71e50000 - 0x00007ffa71fe8000 	C:\WINDOWS\WinSxS\amd64_microsoft.windows.gdiplus_6595b64144ccf1df_1.1.9600.16384_none_9332526147499ed1\gdiplus.dll
0x00007ffa6d3e0000 - 0x00007ffa6d443000 	C:\WINDOWS\SYSTEM32\OLEACC.dll
0x0000000061ca0000 - 0x0000000061cac000 	C:\Program Files\Java\jdk1.7.0_51\jre\bin\jsound.dll
0x0000000061c90000 - 0x0000000061c9b000 	C:\Program Files\Java\jdk1.7.0_51\jre\bin\jsoundds.dll
0x00007ffa61240000 - 0x00007ffa612c7000 	C:\WINDOWS\SYSTEM32\DSOUND.dll
0x00007ffa71280000 - 0x00007ffa712c5000 	C:\WINDOWS\SYSTEM32\POWRPROF.dll
0x00007ffa6dbb0000 - 0x00007ffa6dc11000 	C:\WINDOWS\SYSTEM32\MMDevAPI.DLL
0x00007ffa62680000 - 0x00007ffa626bc000 	C:\WINDOWS\SYSTEM32\wdmaud.drv
0x00007ffa6ed90000 - 0x00007ffa6ed98000 	C:\WINDOWS\SYSTEM32\ksuser.dll
0x00007ffa6f5a0000 - 0x00007ffa6f5ab000 	C:\WINDOWS\SYSTEM32\AVRT.dll
0x00007ffa684c0000 - 0x00007ffa68536000 	C:\WINDOWS\SYSTEM32\AUDIOSES.DLL
0x00007ffa6dd40000 - 0x00007ffa6dd4b000 	C:\WINDOWS\SYSTEM32\msacm32.drv
0x00007ffa6c800000 - 0x00007ffa6c80a000 	C:\WINDOWS\SYSTEM32\midimap.dll
0x00007ffa71800000 - 0x00007ffa718a4000 	C:\WINDOWS\SYSTEM32\clbcatq.dll
0x0000000061c40000 - 0x0000000061c87000 	C:\Program Files\Java\jdk1.7.0_51\jre\bin\fontmanager.dll
0x0000000061c20000 - 0x0000000061c39000 	C:\Program Files\Java\jdk1.7.0_51\jre\bin\net.dll
0x00007ffa70ba0000 - 0x00007ffa70bf8000 	C:\WINDOWS\system32\mswsock.dll
0x0000000061c00000 - 0x0000000061c11000 	C:\Program Files\Java\jdk1.7.0_51\jre\bin\nio.dll
0x0000000061bb0000 - 0x0000000061bf1000 	C:\Program Files\Java\jdk1.7.0_51\jre\bin\t2k.dll
0x000000000f560000 - 0x000000000fcee000 	C:\WINDOWS\SYSTEM32\ig75icd64.dll
0x00007ffa62de0000 - 0x00007ffa63220000 	C:\WINDOWS\SYSTEM32\igdusc64.dll
0x0000000061b80000 - 0x0000000061bb0000 	C:\Program Files\Java\jdk1.7.0_51\jre\bin\jpeg.dll
0x0000000061b50000 - 0x0000000061b7a000 	C:\Program Files\Java\jdk1.7.0_51\jre\bin\dcpr.dll
0x00007ffa71400000 - 0x00007ffa714a1000 	C:\WINDOWS\WinSxS\amd64_microsoft.windows.common-controls_6595b64144ccf1df_5.82.9600.16384_none_34a8918f959016ea\comctl32.dll
0x00007ffa71bc0000 - 0x00007ffa71d96000 	C:\WINDOWS\system32\SETUPAPI.dll
0x00007ffa6c9b0000 - 0x00007ffa6cb14000 	C:\WINDOWS\system32\propsys.dll
0x00007ffa62310000 - 0x00007ffa624ac000 	C:\WINDOWS\system32\NetworkExplorer.dll
0x00007ffa6f620000 - 0x00007ffa6f62b000 	C:\WINDOWS\System32\drprov.dll
0x00007ffa70680000 - 0x00007ffa706d7000 	C:\WINDOWS\System32\WINSTA.dll
0x00007ffa6e740000 - 0x00007ffa6e755000 	C:\WINDOWS\System32\ntlanman.dll
0x00007ffa6dd60000 - 0x00007ffa6dd7f000 	C:\WINDOWS\System32\davclnt.dll
0x00007ffa6e490000 - 0x00007ffa6e49b000 	C:\WINDOWS\System32\DAVHLPR.dll
0x00007ffa6d030000 - 0x00007ffa6d046000 	C:\WINDOWS\System32\wkscli.dll
0x00007ffa68340000 - 0x00007ffa68350000 	C:\WINDOWS\SYSTEM32\cscapi.dll
0x00007ffa70590000 - 0x00007ffa7059c000 	C:\WINDOWS\System32\netutils.dll
0x00007ffa62510000 - 0x00007ffa62585000 	C:\Windows\System32\dlnashext.dll
0x00007ffa5e210000 - 0x00007ffa5e257000 	C:\Windows\System32\PlayToDevice.dll
0x00007ffa70c00000 - 0x00007ffa70c1e000 	C:\WINDOWS\SYSTEM32\CRYPTSP.dll
0x00007ffa70840000 - 0x00007ffa70875000 	C:\WINDOWS\system32\rsaenh.dll
0x00007ffa70e30000 - 0x00007ffa70e56000 	C:\WINDOWS\SYSTEM32\bcrypt.dll
0x00007ffa661e0000 - 0x00007ffa661fc000 	C:\Windows\System32\DevDispItemProvider.dll
0x00007ffa6c270000 - 0x00007ffa6c299000 	C:\WINDOWS\SYSTEM32\IPHLPAPI.DLL
0x00007ffa6c240000 - 0x00007ffa6c24a000 	C:\WINDOWS\SYSTEM32\WINNSI.DLL
0x00007ffa6b040000 - 0x00007ffa6b054000 	C:\WINDOWS\SYSTEM32\dhcpcsvc6.DLL
0x00007ffa6b750000 - 0x00007ffa6b769000 	C:\WINDOWS\SYSTEM32\dhcpcsvc.DLL
0x00007ffa637f0000 - 0x00007ffa63aa0000 	C:\Windows\System32\actxprxy.dll
0x00007ffa676e0000 - 0x00007ffa6771d000 	C:\WINDOWS\System32\netprofm.dll
0x00007ffa66030000 - 0x00007ffa6603e000 	C:\WINDOWS\System32\npmproxy.dll
0x00007ffa4ab30000 - 0x00007ffa4ad1f000 	C:\WINDOWS\system32\wpdshext.dll
0x00007ffa66130000 - 0x00007ffa661d6000 	C:\Windows\System32\PortableDeviceApi.dll
0x00007ffa713b0000 - 0x00007ffa713fe000 	C:\WINDOWS\system32\WINTRUST.dll
0x00007ffa714b0000 - 0x00007ffa71687000 	C:\WINDOWS\system32\CRYPT32.dll
0x00007ffa71390000 - 0x00007ffa713a2000 	C:\WINDOWS\system32\MSASN1.dll
0x00007ffa67100000 - 0x00007ffa67136000 	C:\Windows\System32\EhStorShell.dll
0x00007ffa61f00000 - 0x00007ffa61f25000 	C:\Windows\System32\EhStorAPI.dll
0x00007ffa6d230000 - 0x00007ffa6d241000 	C:\Windows\System32\WTSAPI32.dll
0x00007ffa6d860000 - 0x00007ffa6d86c000 	C:\WINDOWS\SYSTEM32\LINKINFO.dll
0x00007ffa6ebe0000 - 0x00007ffa6ed73000 	C:\WINDOWS\SYSTEM32\WindowsCodecs.dll
0x00007ffa5e260000 - 0x00007ffa5e3e8000 	C:\WINDOWS\SYSTEM32\dbghelp.dll

VM Arguments:
java_command: InterfaceGraphique.Demarrage
Launcher Type: SUN_STANDARD

Environment Variables:
JAVA_HOME=C:\Program Files\Java\jdk1.7.0_51
PATH=C:\Program Files (x86)\Intel\iCLS Client\;C:\Program Files\Intel\iCLS Client\;C:\WINDOWS\system32;C:\WINDOWS;C:\WINDOWS\System32\Wbem;C:\WINDOWS\System32\WindowsPowerShell\v1.0\;C:\Program Files (x86)\Intel\OpenCL SDK\3.0\bin\x86;C:\Program Files (x86)\Intel\OpenCL SDK\3.0\bin\x64;C:\Program Files\Intel\WiFi\bin\;C:\Program Files\Common Files\Intel\WirelessCommon\;C:\Program Files\Intel\Intel(R) Management Engine Components\DAL;C:\Program Files\Intel\Intel(R) Management Engine Components\IPT;C:\Program Files (x86)\Intel\Intel(R) Management Engine Components\DAL;C:\Program Files (x86)\Intel\Intel(R) Management Engine Components\IPT;C:\Program Files\Microsoft\Web Platform Installer\;C:\Program Files (x86)\Microsoft ASP.NET\ASP.NET Web Pages\v1.0\;C:\Program Files (x86)\Windows Kits\8.0\Windows Performance Toolkit\;C:\Program Files\Microsoft SQL Server\110\Tools\Binn\;c:\Program Files (x86)\Microsoft SQL Server\100\Tools\Binn\;c:\Program Files\Microsoft SQL Server\100\Tools\Binn\;c:\Program Files\Microsoft SQL Server\100\DTS\Binn\;C:\Program Files\Acer\Remote Files\;C:\Program Files\TortoiseGit\bin;C:\Program Files\Java\jdk1.7.0_51\bin\;C:\Program Files\Java\jdk1.7.0_51\jre\bin\;C:\Program Files\Java\jdk1.7.0_51\bin\;C:\Program Files\Java\jdk1.7.0_51\jre\bin\;C:\Program Files (x86)\Microsoft Visual Studio 11.0\Common7\IDE\Extensions\Microsoft\VsGraphics;C:\Program Files (x86)\Microsoft Visual Studio 10.0\;c:\Program Files (x86)\Microsoft Visual Studio 10.0\VC\bin\amd64
USERNAME=Kenny
OS=Windows_NT
PROCESSOR_IDENTIFIER=Intel64 Family 6 Model 69 Stepping 1, GenuineIntel



---------------  S Y S T E M  ---------------

OS: Windows 8 , 64 bit Build 9200 

CPU:total 4 (2 cores per cpu, 2 threads per core) family 6 model 69 stepping 1, cmov, cx8, fxsr, mmx, sse, sse2, sse3, ssse3, sse4.1, sse4.2, popcnt, avx, avx2, aes, erms, ht, tsc, tscinvbit

Memory: 4k page, physical 8057108k(3058980k free), swap 11498396k(4361276k free)

vm_info: Java HotSpot(TM) 64-Bit Server VM (24.51-b03) for windows-amd64 JRE (1.7.0_51-b13), built on Dec 18 2013 18:40:56 by "java_re" with unknown MS VC++:1600

time: Sun Apr 06 13:07:26 2014
elapsed time: 55 seconds

