#
# A fatal error has been detected by the Java Runtime Environment:
#
#  Internal Error (os_windows_x86.cpp:143), pid=13248, tid=6148
#  guarantee(result == EXCEPTION_CONTINUE_EXECUTION) failed: Unexpected result from topLevelExceptionFilter
#
# JRE version: Java(TM) SE Runtime Environment (7.0_51-b13) (build 1.7.0_51-b13)
# Java VM: Java HotSpot(TM) 64-Bit Server VM (24.51-b03 mixed mode windows-amd64 compressed oops)
# Failed to write core dump. Minidumps are not enabled by default on client versions of Windows
#
# If you would like to submit a bug report, please visit:
#   http://bugreport.sun.com/bugreport/crash.jsp
# The crash happened outside the Java Virtual Machine in native code.
# See problematic frame for where to report the bug.
#

---------------  T H R E A D  ---------------

Current thread (0x000000000c385800):  JavaThread "AWT-EventQueue-0" [_thread_in_native, id=6148, stack(0x000000000d0d0000,0x000000000d1d0000)]

Stack: [0x000000000d0d0000,0x000000000d1d0000]
Java frames: (J=compiled Java code, j=interpreted, Vv=VM code)
j  InterfaceGraphique.Demarrage.fctC_dessinerOpenGL(Ljava/awt/Canvas;Z)V+0
j  InterfaceGraphique.InterfacePartieRapide.run(F)V+233
j  InterfaceGraphique.Demarrage$2$1.run()V+30
j  java.awt.event.InvocationEvent.dispatch()V+11
j  java.awt.EventQueue.dispatchEventImpl(Ljava/awt/AWTEvent;Ljava/lang/Object;)V+21
j  java.awt.EventQueue.access$200(Ljava/awt/EventQueue;Ljava/awt/AWTEvent;Ljava/lang/Object;)V+3
j  java.awt.EventQueue$3.run()Ljava/lang/Void;+12
j  java.awt.EventQueue$3.run()Ljava/lang/Object;+1
v  ~StubRoutines::call_stub
j  java.security.AccessController.doPrivileged(Ljava/security/PrivilegedAction;Ljava/security/AccessControlContext;)Ljava/lang/Object;+0
j  java.security.ProtectionDomain$1.doIntersectionPrivilege(Ljava/security/PrivilegedAction;Ljava/security/AccessControlContext;Ljava/security/AccessControlContext;)Ljava/lang/Object;+28
j  java.awt.EventQueue.dispatchEvent(Ljava/awt/AWTEvent;)V+46
j  java.awt.EventDispatchThread.pumpOneEventForFilters(I)V+245
j  java.awt.EventDispatchThread.pumpEventsForFilter(ILjava/awt/Conditional;Ljava/awt/EventFilter;)V+35
j  java.awt.EventDispatchThread.pumpEventsForHierarchy(ILjava/awt/Conditional;Ljava/awt/Component;)V+11
j  java.awt.EventDispatchThread.pumpEvents(ILjava/awt/Conditional;)V+4
j  java.awt.EventDispatchThread.pumpEvents(Ljava/awt/Conditional;)V+3
j  java.awt.EventDispatchThread.run()V+9
v  ~StubRoutines::call_stub

---------------  P R O C E S S  ---------------

Java Threads: ( => current thread )
  0x000000000ed25000 JavaThread "Swing-Shell" daemon [_thread_blocked, id=12172, stack(0x0000000012360000,0x0000000012460000)]
  0x000000000c387800 JavaThread "Timer-0" [_thread_blocked, id=7384, stack(0x0000000011a60000,0x0000000011b60000)]
  0x000000000c388800 JavaThread "TimerQueue" daemon [_thread_blocked, id=6044, stack(0x000000000e860000,0x000000000e960000)]
  0x000000000c38a000 JavaThread "Direct Clip" daemon [_thread_blocked, id=12516, stack(0x000000000e760000,0x000000000e860000)]
  0x000000000c384000 JavaThread "Java Sound Event Dispatcher" daemon [_thread_blocked, id=5280, stack(0x000000000e260000,0x000000000e360000)]
  0x000000000c387000 JavaThread "DestroyJavaVM" [_thread_blocked, id=11808, stack(0x0000000002620000,0x0000000002720000)]
=>0x000000000c385800 JavaThread "AWT-EventQueue-0" [_thread_in_native, id=6148, stack(0x000000000d0d0000,0x000000000d1d0000)]
  0x000000000c384800 JavaThread "AWT-Windows" daemon [_thread_in_native, id=3620, stack(0x000000000cec0000,0x000000000cfc0000)]
  0x000000000c386000 JavaThread "AWT-Shutdown" [_thread_blocked, id=11884, stack(0x000000000cdc0000,0x000000000cec0000)]
  0x000000000c383000 JavaThread "Java2D Disposer" daemon [_thread_blocked, id=6116, stack(0x000000000cbf0000,0x000000000ccf0000)]
  0x000000000a94f000 JavaThread "Service Thread" daemon [_thread_blocked, id=372, stack(0x000000000c0b0000,0x000000000c1b0000)]
  0x000000000a937000 JavaThread "C2 CompilerThread1" daemon [_thread_blocked, id=8580, stack(0x000000000bfb0000,0x000000000c0b0000)]
  0x000000000a935800 JavaThread "C2 CompilerThread0" daemon [_thread_blocked, id=11528, stack(0x000000000beb0000,0x000000000bfb0000)]
  0x000000000a934800 JavaThread "Attach Listener" daemon [_thread_blocked, id=5984, stack(0x000000000bdb0000,0x000000000beb0000)]
  0x000000000a931800 JavaThread "Signal Dispatcher" daemon [_thread_blocked, id=6192, stack(0x000000000bcb0000,0x000000000bdb0000)]
  0x000000000a8fe000 JavaThread "Finalizer" daemon [_thread_blocked, id=11336, stack(0x000000000bbb0000,0x000000000bcb0000)]
  0x000000000a8f2800 JavaThread "Reference Handler" daemon [_thread_blocked, id=11300, stack(0x000000000bab0000,0x000000000bbb0000)]

Other Threads:
  0x000000000a8f1000 VMThread [stack: 0x000000000b9b0000,0x000000000bab0000] [id=5016]
  0x000000000a95a800 WatcherThread [stack: 0x000000000c1b0000,0x000000000c2b0000] [id=1232]

VM state:not at safepoint (normal execution)

VM Mutex/Monitor currently owned by a thread: None

Heap
 PSYoungGen      total 36864K, used 22148K [0x00000007d7000000, 0x00000007d9900000, 0x0000000800000000)
  eden space 31744K, 69% used [0x00000007d7000000,0x00000007d85a11c0,0x00000007d8f00000)
  from space 5120K, 0% used [0x00000007d9400000,0x00000007d9400000,0x00000007d9900000)
  to   space 5120K, 0% used [0x00000007d8f00000,0x00000007d8f00000,0x00000007d9400000)
 ParOldGen       total 83968K, used 0K [0x0000000785000000, 0x000000078a200000, 0x00000007d7000000)
  object space 83968K, 0% used [0x0000000785000000,0x0000000785000000,0x000000078a200000)
 PSPermGen       total 21504K, used 14574K [0x000000077fe00000, 0x0000000781300000, 0x0000000785000000)
  object space 21504K, 67% used [0x000000077fe00000,0x0000000780c3bbd0,0x0000000781300000)

Card table byte_map: [0x00000000058f0000,0x0000000005d00000] byte_map_base: 0x0000000001cf1000

Polling page: 0x0000000000e20000

Code Cache  [0x0000000002830000, 0x0000000002aa0000, 0x0000000005830000)
 total_blobs=551 nmethods=65 adapters=438 free_code_cache=48472Kb largest_free_block=49618048

Compilation events (10 events):
Event: 9.021 Thread 0x000000000a935800   61             java.lang.Enum::ordinal (5 bytes)
Event: 9.021 Thread 0x000000000a935800 nmethod 61 0x00000000028dc810 code [0x00000000028dc940, 0x00000000028dc998]
Event: 9.114 Thread 0x000000000a937000   62             java.util.concurrent.locks.AbstractQueuedSynchronizer::setState (6 bytes)
Event: 9.114 Thread 0x000000000a937000 nmethod 62 0x00000000028dca10 code [0x00000000028dcb40, 0x00000000028dcbb8]
Event: 9.116 Thread 0x000000000a935800   63             sun.util.logging.PlatformLogger$Level::intValue (9 bytes)
Event: 9.117 Thread 0x000000000a935800 nmethod 63 0x00000000028dbfd0 code [0x00000000028dc100, 0x00000000028dc198]
Event: 9.264 Thread 0x000000000a937000   64             java.awt.Component::getParent_NoClientCode (5 bytes)
Event: 9.265 Thread 0x000000000a937000 nmethod 64 0x00000000028dbdd0 code [0x00000000028dbf00, 0x00000000028dbf78]
Event: 9.265 Thread 0x000000000a935800   65             java.awt.Component::getParent (5 bytes)
Event: 9.265 Thread 0x000000000a935800 nmethod 65 0x00000000028dbbd0 code [0x00000000028dbd00, 0x00000000028dbd78]

GC Heap History (0 events):
No events

Deoptimization events (9 events):
Event: 0.444 Thread 0x000000000c385800 Uncommon trap: reason=class_check action=maybe_recompile pc=0x00000000028ad650 method=java.lang.String.equals(Ljava/lang/Object;)Z @ 8
Event: 0.444 Thread 0x000000000c385800 Uncommon trap: reason=class_check action=maybe_recompile pc=0x00000000028ad650 method=java.lang.String.equals(Ljava/lang/Object;)Z @ 8
Event: 0.444 Thread 0x000000000c385800 Uncommon trap: reason=class_check action=maybe_recompile pc=0x00000000028ad650 method=java.lang.String.equals(Ljava/lang/Object;)Z @ 8
Event: 0.445 Thread 0x000000000c385800 Uncommon trap: reason=class_check action=maybe_recompile pc=0x00000000028ad650 method=java.lang.String.equals(Ljava/lang/Object;)Z @ 8
Event: 3.420 Thread 0x000000000c385800 Uncommon trap: reason=predicate action=maybe_recompile pc=0x00000000028c1c7c method=java.util.ArrayList.indexOf(Ljava/lang/Object;)I @ 44
Event: 3.430 Thread 0x000000000c385800 Uncommon trap: reason=bimorphic action=maybe_recompile pc=0x00000000028d3380 method=java.util.ArrayList.indexOf(Ljava/lang/Object;)I @ 51
Event: 5.873 Thread 0x000000000c385800 Uncommon trap: reason=bimorphic action=maybe_recompile pc=0x00000000028d3380 method=java.util.ArrayList.indexOf(Ljava/lang/Object;)I @ 51
Event: 5.873 Thread 0x000000000c385800 Uncommon trap: reason=bimorphic action=maybe_recompile pc=0x00000000028d3380 method=java.util.ArrayList.indexOf(Ljava/lang/Object;)I @ 51
Event: 5.874 Thread 0x000000000c385800 Uncommon trap: reason=bimorphic action=maybe_recompile pc=0x00000000028d3380 method=java.util.ArrayList.indexOf(Ljava/lang/Object;)I @ 51

Internal exceptions (10 events):
Event: 0.690 Thread 0x000000000c385800 Threw 0x00000007d77435c0 at C:\re\jdk7u51\527\hotspot\src\share\vm\prims\jvm.cpp:1244
Event: 0.695 Thread 0x000000000c385800 Threw 0x00000007d774c658 at C:\re\jdk7u51\527\hotspot\src\share\vm\prims\jvm.cpp:1244
Event: 0.700 Thread 0x000000000c385800 Threw 0x00000007d7758f18 at C:\re\jdk7u51\527\hotspot\src\share\vm\prims\jvm.cpp:1244
Event: 0.701 Thread 0x000000000c385800 Threw 0x00000007d775e878 at C:\re\jdk7u51\527\hotspot\src\share\vm\prims\jvm.cpp:1244
Event: 0.705 Thread 0x000000000c385800 Threw 0x00000007d77679d0 at C:\re\jdk7u51\527\hotspot\src\share\vm\prims\jvm.cpp:1244
Event: 0.706 Thread 0x000000000c385800 Threw 0x00000007d776c6f0 at C:\re\jdk7u51\527\hotspot\src\share\vm\prims\jvm.cpp:1244
Event: 2.980 Thread 0x000000000c385800 Threw 0x00000007d776f158 at C:\re\jdk7u51\527\hotspot\src\share\vm\prims\jvm.cpp:1244
Event: 2.984 Thread 0x000000000c387800 Threw 0x00000007d7776248 at C:\re\jdk7u51\527\hotspot\src\share\vm\prims\jvm.cpp:1244
Event: 5.836 Thread 0x000000000c385800 Threw 0x00000007d8151198 at C:\re\jdk7u51\527\hotspot\src\share\vm\interpreter\interpreterRuntime.cpp:362
Event: 9.275 Thread 0x000000000c385800 Threw 0x00000007d8508a88 at C:\re\jdk7u51\527\hotspot\src\share\vm\prims\jvm.cpp:1244

Events (10 events):
Event: 9.603 loading class 0x000000000a9600f0
Event: 9.604 loading class 0x000000000a9600f0 done
Event: 9.604 loading class 0x000000000c36fa10
Event: 9.604 loading class 0x000000000a993380
Event: 9.604 loading class 0x000000000a993380 done
Event: 9.604 loading class 0x000000000c36fa10 done
Event: 9.604 loading class 0x000000000a95fee0
Event: 9.604 loading class 0x000000000a95fee0 done
Event: 12.405 Thread 0x000000000c389000 Thread exited: 0x000000000c389000
Event: 12.407 Thread 0x000000000ed25800 Thread exited: 0x000000000ed25800


Dynamic libraries:
0x00007ff67c0c0000 - 0x00007ff67c0f3000 	C:\Program Files\Java\jdk1.7.0_51\jre\bin\java.exe
0x00007ffa73f60000 - 0x00007ffa74109000 	C:\WINDOWS\SYSTEM32\ntdll.dll
0x00007ffa72950000 - 0x00007ffa72a89000 	C:\WINDOWS\system32\KERNEL32.DLL
0x00007ffa71690000 - 0x00007ffa7179f000 	C:\WINDOWS\system32\KERNELBASE.dll
0x00007ffa6ff10000 - 0x00007ffa6ff9b000 	C:\WINDOWS\system32\apphelp.dll
0x00007ffa5dec0000 - 0x00007ffa5df0f000 	C:\WINDOWS\AppPatch\AppPatch64\AcGenral.DLL
0x00007ffa728a0000 - 0x00007ffa72947000 	C:\WINDOWS\system32\msvcrt.dll
0x00007ffa71120000 - 0x00007ffa7114b000 	C:\WINDOWS\SYSTEM32\SspiCli.dll
0x00007ffa718b0000 - 0x00007ffa71901000 	C:\WINDOWS\system32\SHLWAPI.dll
0x00007ffa71ff0000 - 0x00007ffa72161000 	C:\WINDOWS\system32\USER32.dll
0x00007ffa72570000 - 0x00007ffa726e6000 	C:\WINDOWS\system32\ole32.dll
0x00007ffa72a90000 - 0x00007ffa73ea0000 	C:\WINDOWS\system32\SHELL32.dll
0x00007ffa70950000 - 0x00007ffa7096f000 	C:\WINDOWS\SYSTEM32\USERENV.dll
0x00007ffa71da0000 - 0x00007ffa71e45000 	C:\WINDOWS\system32\ADVAPI32.dll
0x00007ffa65ad0000 - 0x00007ffa65aeb000 	C:\WINDOWS\SYSTEM32\MPR.dll
0x00007ffa71910000 - 0x00007ffa71a46000 	C:\WINDOWS\system32\RPCRT4.dll
0x00007ffa72510000 - 0x00007ffa72567000 	C:\WINDOWS\SYSTEM32\sechost.dll
0x00007ffa72330000 - 0x00007ffa72507000 	C:\WINDOWS\SYSTEM32\combase.dll
0x00007ffa721e0000 - 0x00007ffa72325000 	C:\WINDOWS\system32\GDI32.dll
0x00007ffa712e0000 - 0x00007ffa712f4000 	C:\WINDOWS\SYSTEM32\profapi.dll
0x00007ffa6f930000 - 0x00007ffa6f9d1000 	C:\WINDOWS\SYSTEM32\SHCORE.dll
0x00007ffa71ac0000 - 0x00007ffa71af4000 	C:\WINDOWS\system32\IMM32.DLL
0x00007ffa72760000 - 0x00007ffa72898000 	C:\WINDOWS\system32\MSCTF.dll
0x00007ffa6e1c0000 - 0x00007ffa6e41a000 	C:\WINDOWS\WinSxS\amd64_microsoft.windows.common-controls_6595b64144ccf1df_6.0.9600.16384_none_62475f7becb72503\COMCTL32.dll
0x0000000062930000 - 0x0000000062a02000 	C:\Program Files\Java\jdk1.7.0_51\jre\bin\msvcr100.dll
0x0000000062160000 - 0x0000000062929000 	C:\Program Files\Java\jdk1.7.0_51\jre\bin\server\jvm.dll
0x00007ffa685a0000 - 0x00007ffa685a9000 	C:\WINDOWS\SYSTEM32\WSOCK32.dll
0x00007ffa6a250000 - 0x00007ffa6a26f000 	C:\WINDOWS\SYSTEM32\WINMM.dll
0x00007ffa726f0000 - 0x00007ffa726f7000 	C:\WINDOWS\system32\PSAPI.DLL
0x00007ffa72180000 - 0x00007ffa721d8000 	C:\WINDOWS\system32\WS2_32.dll
0x00007ffa6a220000 - 0x00007ffa6a24a000 	C:\WINDOWS\SYSTEM32\WINMMBASE.dll
0x00007ffa717f0000 - 0x00007ffa717f9000 	C:\WINDOWS\system32\NSI.dll
0x00007ffa717a0000 - 0x00007ffa717ea000 	C:\WINDOWS\SYSTEM32\cfgmgr32.dll
0x00007ffa70160000 - 0x00007ffa70186000 	C:\WINDOWS\SYSTEM32\DEVOBJ.dll
0x0000000063930000 - 0x000000006393f000 	C:\Program Files\Java\jdk1.7.0_51\jre\bin\verify.dll
0x0000000062130000 - 0x0000000062158000 	C:\Program Files\Java\jdk1.7.0_51\jre\bin\java.dll
0x0000000063910000 - 0x0000000063925000 	C:\Program Files\Java\jdk1.7.0_51\jre\bin\zip.dll
0x0000000180000000 - 0x000000018021b000 	C:\Users\Kenny\Desktop\inf2990-04\Cadriciel\Exe\DLL\INF2990.dll
0x00007ffa548f0000 - 0x00007ffa54a11000 	C:\WINDOWS\SYSTEM32\OPENGL32.dll
0x0000000062120000 - 0x0000000062127000 	C:\Program Files\Java\jdk1.7.0_51\jre\bin\jawt.dll
0x00007ffa63710000 - 0x00007ffa6373c000 	C:\WINDOWS\SYSTEM32\GLU32.dll
0x00007ffa434f0000 - 0x00007ffa43a44000 	C:\Users\Kenny\Desktop\inf2990-04\Cadriciel\Exe\assimp_D_x64.dll
0x0000000010000000 - 0x0000000010131000 	C:\Users\Kenny\Desktop\inf2990-04\Cadriciel\Exe\fmodex64.dll
0x000000000c6b0000 - 0x000000000ca3e000 	C:\Users\Kenny\Desktop\inf2990-04\Cadriciel\Exe\FreeImage.dll
0x0000000062020000 - 0x000000006211c000 	C:\WINDOWS\SYSTEM32\MSVCP100D.dll
0x0000000061e50000 - 0x000000006201d000 	C:\WINDOWS\SYSTEM32\MSVCR100D.dll
0x00007ffa547f0000 - 0x00007ffa548e4000 	C:\WINDOWS\SYSTEM32\DDRAW.dll
0x0000000061cb0000 - 0x0000000061e45000 	C:\Program Files\Java\jdk1.7.0_51\jre\bin\awt.dll
0x00007ffa66ed0000 - 0x00007ffa66eeb000 	C:\WINDOWS\SYSTEM32\MSACM32.dll
0x00007ffa6c010000 - 0x00007ffa6c019000 	C:\WINDOWS\SYSTEM32\DCIMAN32.dll
0x00007ffa71b00000 - 0x00007ffa71bb7000 	C:\WINDOWS\system32\OLEAUT32.dll
0x00007ffa6ffe0000 - 0x00007ffa70102000 	C:\WINDOWS\system32\uxtheme.dll
0x00007ffa6e910000 - 0x00007ffa6e9a8000 	C:\Program Files\Common Files\microsoft shared\ink\tiptsf.dll
0x00007ffa6f750000 - 0x00007ffa6f771000 	C:\WINDOWS\system32\dwmapi.dll
0x00007ffa701b0000 - 0x00007ffa701ba000 	C:\WINDOWS\SYSTEM32\kernel.appcore.dll
0x00007ffa711b0000 - 0x00007ffa711ba000 	C:\WINDOWS\SYSTEM32\CRYPTBASE.dll
0x00007ffa71150000 - 0x00007ffa711ae000 	C:\WINDOWS\SYSTEM32\bcryptPrimitives.dll
0x00007ffa50f40000 - 0x00007ffa5116f000 	C:\Program Files\Acer\Acer Power Management\SysHook.dll
0x00007ffa6ab80000 - 0x00007ffa6ab87000 	C:\WINDOWS\SYSTEM32\MSIMG32.dll
0x00007ffa73ec0000 - 0x00007ffa73f5a000 	C:\WINDOWS\system32\COMDLG32.dll
0x00007ffa6a270000 - 0x00007ffa6a2eb000 	C:\WINDOWS\SYSTEM32\WINSPOOL.DRV
0x00007ffa71e50000 - 0x00007ffa71fe8000 	C:\WINDOWS\WinSxS\amd64_microsoft.windows.gdiplus_6595b64144ccf1df_1.1.9600.16384_none_9332526147499ed1\gdiplus.dll
0x00007ffa6d3e0000 - 0x00007ffa6d443000 	C:\WINDOWS\SYSTEM32\OLEACC.dll
0x0000000061ca0000 - 0x0000000061cac000 	C:\Program Files\Java\jdk1.7.0_51\jre\bin\jsound.dll
0x0000000061c90000 - 0x0000000061c9b000 	C:\Program Files\Java\jdk1.7.0_51\jre\bin\jsoundds.dll
0x00007ffa61240000 - 0x00007ffa612c7000 	C:\WINDOWS\SYSTEM32\DSOUND.dll
0x00007ffa71280000 - 0x00007ffa712c5000 	C:\WINDOWS\SYSTEM32\POWRPROF.dll
0x00007ffa6dbb0000 - 0x00007ffa6dc11000 	C:\WINDOWS\SYSTEM32\MMDevAPI.DLL
0x00007ffa62680000 - 0x00007ffa626bc000 	C:\WINDOWS\SYSTEM32\wdmaud.drv
0x00007ffa6ed90000 - 0x00007ffa6ed98000 	C:\WINDOWS\SYSTEM32\ksuser.dll
0x00007ffa6f5a0000 - 0x00007ffa6f5ab000 	C:\WINDOWS\SYSTEM32\AVRT.dll
0x00007ffa684c0000 - 0x00007ffa68536000 	C:\WINDOWS\SYSTEM32\AUDIOSES.DLL
0x00007ffa6dd40000 - 0x00007ffa6dd4b000 	C:\WINDOWS\SYSTEM32\msacm32.drv
0x00007ffa6c800000 - 0x00007ffa6c80a000 	C:\WINDOWS\SYSTEM32\midimap.dll
0x00007ffa71800000 - 0x00007ffa718a4000 	C:\WINDOWS\SYSTEM32\clbcatq.dll
0x0000000061c40000 - 0x0000000061c87000 	C:\Program Files\Java\jdk1.7.0_51\jre\bin\fontmanager.dll
0x0000000061c20000 - 0x0000000061c39000 	C:\Program Files\Java\jdk1.7.0_51\jre\bin\net.dll
0x00007ffa70ba0000 - 0x00007ffa70bf8000 	C:\WINDOWS\system32\mswsock.dll
0x0000000061c00000 - 0x0000000061c11000 	C:\Program Files\Java\jdk1.7.0_51\jre\bin\nio.dll
0x0000000061bb0000 - 0x0000000061bf1000 	C:\Program Files\Java\jdk1.7.0_51\jre\bin\t2k.dll
0x000000000f260000 - 0x000000000f9ee000 	C:\WINDOWS\SYSTEM32\ig75icd64.dll
0x00007ffa62de0000 - 0x00007ffa63220000 	C:\WINDOWS\SYSTEM32\igdusc64.dll
0x0000000061b80000 - 0x0000000061bb0000 	C:\Program Files\Java\jdk1.7.0_51\jre\bin\jpeg.dll
0x0000000061b50000 - 0x0000000061b7a000 	C:\Program Files\Java\jdk1.7.0_51\jre\bin\dcpr.dll
0x00007ffa71400000 - 0x00007ffa714a1000 	C:\WINDOWS\WinSxS\amd64_microsoft.windows.common-controls_6595b64144ccf1df_5.82.9600.16384_none_34a8918f959016ea\comctl32.dll
0x00007ffa71bc0000 - 0x00007ffa71d96000 	C:\WINDOWS\system32\SETUPAPI.dll
0x00007ffa6c9b0000 - 0x00007ffa6cb14000 	C:\WINDOWS\system32\propsys.dll
0x00007ffa62310000 - 0x00007ffa624ac000 	C:\WINDOWS\system32\NetworkExplorer.dll
0x00007ffa6dd50000 - 0x00007ffa6dd5b000 	C:\WINDOWS\System32\drprov.dll
0x00007ffa70680000 - 0x00007ffa706d7000 	C:\WINDOWS\System32\WINSTA.dll
0x00007ffa6b580000 - 0x00007ffa6b595000 	C:\WINDOWS\System32\ntlanman.dll
0x00007ffa63aa0000 - 0x00007ffa63abf000 	C:\WINDOWS\System32\davclnt.dll
0x00007ffa6d8b0000 - 0x00007ffa6d8bb000 	C:\WINDOWS\System32\DAVHLPR.dll
0x00007ffa6d030000 - 0x00007ffa6d046000 	C:\WINDOWS\System32\wkscli.dll
0x00007ffa68340000 - 0x00007ffa68350000 	C:\WINDOWS\SYSTEM32\cscapi.dll
0x00007ffa70590000 - 0x00007ffa7059c000 	C:\WINDOWS\System32\netutils.dll
0x00007ffa62510000 - 0x00007ffa62585000 	C:\Windows\System32\dlnashext.dll
0x00007ffa5d280000 - 0x00007ffa5d2c7000 	C:\Windows\System32\PlayToDevice.dll
0x00007ffa70c00000 - 0x00007ffa70c1e000 	C:\WINDOWS\SYSTEM32\CRYPTSP.dll
0x00007ffa70840000 - 0x00007ffa70875000 	C:\WINDOWS\system32\rsaenh.dll
0x00007ffa70e30000 - 0x00007ffa70e56000 	C:\WINDOWS\SYSTEM32\bcrypt.dll
0x00007ffa661e0000 - 0x00007ffa661fc000 	C:\Windows\System32\DevDispItemProvider.dll
0x00007ffa6c270000 - 0x00007ffa6c299000 	C:\WINDOWS\SYSTEM32\IPHLPAPI.DLL
0x00007ffa6c240000 - 0x00007ffa6c24a000 	C:\WINDOWS\SYSTEM32\WINNSI.DLL
0x00007ffa6b040000 - 0x00007ffa6b054000 	C:\WINDOWS\SYSTEM32\dhcpcsvc6.DLL
0x00007ffa6b750000 - 0x00007ffa6b769000 	C:\WINDOWS\SYSTEM32\dhcpcsvc.DLL
0x00007ffa637f0000 - 0x00007ffa63aa0000 	C:\Windows\System32\actxprxy.dll
0x00007ffa676e0000 - 0x00007ffa6771d000 	C:\WINDOWS\System32\netprofm.dll
0x00007ffa66030000 - 0x00007ffa6603e000 	C:\WINDOWS\System32\npmproxy.dll
0x00007ffa4ab30000 - 0x00007ffa4ad1f000 	C:\WINDOWS\system32\wpdshext.dll
0x00007ffa66130000 - 0x00007ffa661d6000 	C:\Windows\System32\PortableDeviceApi.dll
0x00007ffa713b0000 - 0x00007ffa713fe000 	C:\WINDOWS\system32\WINTRUST.dll
0x00007ffa714b0000 - 0x00007ffa71687000 	C:\WINDOWS\system32\CRYPT32.dll
0x00007ffa71390000 - 0x00007ffa713a2000 	C:\WINDOWS\system32\MSASN1.dll
0x00007ffa67100000 - 0x00007ffa67136000 	C:\Windows\System32\EhStorShell.dll
0x00007ffa61f00000 - 0x00007ffa61f25000 	C:\Windows\System32\EhStorAPI.dll
0x00007ffa6d230000 - 0x00007ffa6d241000 	C:\Windows\System32\WTSAPI32.dll
0x00007ffa6d860000 - 0x00007ffa6d86c000 	C:\WINDOWS\SYSTEM32\LINKINFO.dll
0x00007ffa6ebe0000 - 0x00007ffa6ed73000 	C:\WINDOWS\SYSTEM32\WindowsCodecs.dll
0x00007ffa5d230000 - 0x00007ffa5d273000 	c:\Program Files (x86)\Microsoft Visual Studio 10.0\VC\bin\amd64\MSPDB100.DLL
0x00007ffa698c0000 - 0x00007ffa698ca000 	C:\WINDOWS\SYSTEM32\VERSION.dll

VM Arguments:
java_command: InterfaceGraphique.Demarrage
Launcher Type: SUN_STANDARD

Environment Variables:
JAVA_HOME=C:\Program Files\Java\jdk1.7.0_51
PATH=C:\Program Files (x86)\Intel\iCLS Client\;C:\Program Files\Intel\iCLS Client\;C:\WINDOWS\system32;C:\WINDOWS;C:\WINDOWS\System32\Wbem;C:\WINDOWS\System32\WindowsPowerShell\v1.0\;C:\Program Files (x86)\Intel\OpenCL SDK\3.0\bin\x86;C:\Program Files (x86)\Intel\OpenCL SDK\3.0\bin\x64;C:\Program Files\Intel\WiFi\bin\;C:\Program Files\Common Files\Intel\WirelessCommon\;C:\Program Files\Intel\Intel(R) Management Engine Components\DAL;C:\Program Files\Intel\Intel(R) Management Engine Components\IPT;C:\Program Files (x86)\Intel\Intel(R) Management Engine Components\DAL;C:\Program Files (x86)\Intel\Intel(R) Management Engine Components\IPT;C:\Program Files\Microsoft\Web Platform Installer\;C:\Program Files (x86)\Microsoft ASP.NET\ASP.NET Web Pages\v1.0\;C:\Program Files (x86)\Windows Kits\8.0\Windows Performance Toolkit\;C:\Program Files\Microsoft SQL Server\110\Tools\Binn\;c:\Program Files (x86)\Microsoft SQL Server\100\Tools\Binn\;c:\Program Files\Microsoft SQL Server\100\Tools\Binn\;c:\Program Files\Microsoft SQL Server\100\DTS\Binn\;C:\Program Files\Acer\Remote Files\;C:\Program Files\TortoiseGit\bin;C:\Program Files\Java\jdk1.7.0_51\bin\;C:\Program Files\Java\jdk1.7.0_51\jre\bin\;C:\Program Files\Java\jdk1.7.0_51\bin\;C:\Program Files\Java\jdk1.7.0_51\jre\bin\;C:\Program Files (x86)\Microsoft Visual Studio 10.0\;c:\Program Files (x86)\Microsoft Visual Studio 10.0\VC\bin\amd64
USERNAME=Kenny
OS=Windows_NT
PROCESSOR_IDENTIFIER=Intel64 Family 6 Model 69 Stepping 1, GenuineIntel



---------------  S Y S T E M  ---------------

OS: Windows 8 , 64 bit Build 9200 

CPU:total 4 (2 cores per cpu, 2 threads per core) family 6 model 69 stepping 1, cmov, cx8, fxsr, mmx, sse, sse2, sse3, ssse3, sse4.1, sse4.2, popcnt, avx, avx2, aes, erms, ht, tsc, tscinvbit

Memory: 4k page, physical 8057108k(2845208k free), swap 11498396k(4224364k free)

vm_info: Java HotSpot(TM) 64-Bit Server VM (24.51-b03) for windows-amd64 JRE (1.7.0_51-b13), built on Dec 18 2013 18:40:56 by "java_re" with unknown MS VC++:1600

time: Tue Apr 08 13:24:05 2014
elapsed time: 14 seconds

