#
# A fatal error has been detected by the Java Runtime Environment:
#
#  EXCEPTION_ACCESS_VIOLATION (0xc0000005) at pc=0x000000018009e814, pid=6508, tid=12748
#
# JRE version: Java(TM) SE Runtime Environment (7.0_51-b13) (build 1.7.0_51-b13)
# Java VM: Java HotSpot(TM) 64-Bit Server VM (24.51-b03 mixed mode windows-amd64 compressed oops)
# Problematic frame:
# C  [INF2990.dll+0x9e814]  ArbreRendu::afficher+0xc4
#
# Failed to write core dump. Minidumps are not enabled by default on client versions of Windows
#
# If you would like to submit a bug report, please visit:
#   http://bugreport.sun.com/bugreport/crash.jsp
# The crash happened outside the Java Virtual Machine in native code.
# See problematic frame for where to report the bug.
#

---------------  T H R E A D  ---------------

Current thread (0x000000000a78d000):  JavaThread "AWT-EventQueue-0" [_thread_in_native, id=12748, stack(0x000000000ce60000,0x000000000cf60000)]

siginfo: ExceptionCode=0xc0000005, reading address 0x0000000000000088

Registers:
RAX=0x0000000000000000, RBX=0x0000000780071680, RCX=0x000000000d9fbc01, RDX=0x000000018014f7a0
RSP=0x000000000cf5e2f0, RBP=0x000000000cf5e5f8, RSI=0x00000000f0043c45, RDI=0x000000000cf5e370
R8 =0x000000000d962ba0, R9 =0x0000000000000000, R10=0x00000000117f4c30, R11=0x000000000cf5e190
R12=0x0000000000000000, R13=0x0000000780071680, R14=0x000000000cf5e620, R15=0x000000000a78d000
RIP=0x000000018009e814, EFLAGS=0x0000000000010202

Top of Stack: (sp=0x000000000cf5e2f0)
0x000000000cf5e2f0:   000000000cf5e318 000000000cf5e338
0x000000000cf5e300:   cccccccccccccccc cccccccccccccccc
0x000000000cf5e310:   cccccccccccccccc 0000000013555d50
0x000000000cf5e320:   0000000000000000 000000000d932688
0x000000000cf5e330:   cccccc01cccccccc 0000000000000000
0x000000000cf5e340:   000000000cf5e318 000000000d932738
0x000000000cf5e350:   fffffffffffffffe 000000000cf5e338
0x000000000cf5e360:   000000000cf5e338 000000000d9fbc01
0x000000000cf5e370:   000000000cf5e3a0 000000018001acef
0x000000000cf5e380:   000000000d9629f0 cccccccccccccccc
0x000000000cf5e390:   cccccccccccccccc cccccccccccccccc
0x000000000cf5e3a0:   000000000cf5e4c0 000000018001ac06
0x000000000cf5e3b0:   000000000c95cfc0 000000000cf5e448
0x000000000cf5e3c0:   40ab000000000000 0000000000000000
0x000000000cf5e3d0:   0000000000000000 0000000000000000
0x000000000cf5e3e0:   0000000000000000 0000000000000000 

Instructions: (pc=0x000000018009e814)
0x000000018009e7f4:   2a 48 8d 4c 24 28 e8 a1 09 00 00 48 8b 00 48 89
0x000000018009e804:   44 24 78 48 8b 44 24 78 48 8b 00 48 8b 4c 24 78
0x000000018009e814:   ff 90 88 00 00 00 e9 7c ff ff ff 48 8d 4c 24 28
0x000000018009e824:   e8 67 01 00 00 48 8b cc 48 8d 15 0d e8 0e 00 e8 


Register to memory mapping:

RAX=0x0000000000000000 is an unknown value
RBX=0x0000000780071680 is an oop
{method} 
 - klass: {other class}
RCX=0x000000000d9fbc01 is an unknown value
RDX=0x000000018014f7a0 is an unknown value
RSP=0x000000000cf5e2f0 is pointing into the stack for thread: 0x000000000a78d000
RBP=0x000000000cf5e5f8 is pointing into the stack for thread: 0x000000000a78d000
RSI=0x00000000f0043c45 is an unknown value
RDI=0x000000000cf5e370 is pointing into the stack for thread: 0x000000000a78d000
R8 =0x000000000d962ba0 is an unknown value
R9 =0x0000000000000000 is an unknown value
R10=0x00000000117f4c30 is an unknown value
R11=0x000000000cf5e190 is pointing into the stack for thread: 0x000000000a78d000
R12=0x0000000000000000 is an unknown value
R13=0x0000000780071680 is an oop
{method} 
 - klass: {other class}
R14=0x000000000cf5e620 is pointing into the stack for thread: 0x000000000a78d000
R15=0x000000000a78d000 is a thread


Stack: [0x000000000ce60000,0x000000000cf60000],  sp=0x000000000cf5e2f0,  free space=1016k
Native frames: (J=compiled Java code, j=interpreted, Vv=VM code, C=native code)
C  [INF2990.dll+0x9e814]  ArbreRendu::afficher+0xc4
j  InterfaceGraphique.InterfacePartieRapide.run(F)V+233
j  InterfaceGraphique.Demarrage$2$1.run()V+30
j  java.awt.event.InvocationEvent.dispatch()V+11
j  java.awt.EventQueue.dispatchEventImpl(Ljava/awt/AWTEvent;Ljava/lang/Object;)V+21
j  java.awt.EventQueue.access$200(Ljava/awt/EventQueue;Ljava/awt/AWTEvent;Ljava/lang/Object;)V+3
j  java.awt.EventQueue$3.run()Ljava/lang/Void;+12
j  java.awt.EventQueue$3.run()Ljava/lang/Object;+1
v  ~StubRoutines::call_stub

Java frames: (J=compiled Java code, j=interpreted, Vv=VM code)
j  InterfaceGraphique.Demarrage.fctC_dessinerOpenGL(Ljava/awt/Canvas;Z)V+0
j  InterfaceGraphique.InterfacePartieRapide.run(F)V+233
j  InterfaceGraphique.Demarrage$2$1.run()V+30
j  java.awt.event.InvocationEvent.dispatch()V+11
j  java.awt.EventQueue.dispatchEventImpl(Ljava/awt/AWTEvent;Ljava/lang/Object;)V+21
j  java.awt.EventQueue.access$200(Ljava/awt/EventQueue;Ljava/awt/AWTEvent;Ljava/lang/Object;)V+3
j  java.awt.EventQueue$3.run()Ljava/lang/Void;+12
j  java.awt.EventQueue$3.run()Ljava/lang/Object;+1
v  ~StubRoutines::call_stub
j  java.security.AccessController.doPrivileged(Ljava/security/PrivilegedAction;Ljava/security/AccessControlContext;)Ljava/lang/Object;+0
J  java.awt.EventDispatchThread.pumpOneEventForFilters(I)V
j  java.awt.EventDispatchThread.pumpEventsForFilter(ILjava/awt/Conditional;Ljava/awt/EventFilter;)V+35
j  java.awt.EventDispatchThread.pumpEventsForHierarchy(ILjava/awt/Conditional;Ljava/awt/Component;)V+11
j  java.awt.EventDispatchThread.pumpEvents(ILjava/awt/Conditional;)V+4
j  java.awt.EventDispatchThread.pumpEvents(Ljava/awt/Conditional;)V+3
j  java.awt.EventDispatchThread.run()V+9
v  ~StubRoutines::call_stub

---------------  P R O C E S S  ---------------

Java Threads: ( => current thread )
  0x000000000ea9d800 JavaThread "Swing-Shell" daemon [_thread_blocked, id=7016, stack(0x00000000124e0000,0x00000000125e0000)]
  0x000000000ec57800 JavaThread "Timer-0" [_thread_blocked, id=6412, stack(0x0000000011950000,0x0000000011a50000)]
  0x000000000c1e6800 JavaThread "TimerQueue" daemon [_thread_blocked, id=12532, stack(0x000000000e650000,0x000000000e750000)]
  0x000000000c153000 JavaThread "Direct Clip" daemon [_thread_blocked, id=7264, stack(0x000000000e550000,0x000000000e650000)]
  0x000000000c152000 JavaThread "Java Sound Event Dispatcher" daemon [_thread_blocked, id=12028, stack(0x000000000e050000,0x000000000e150000)]
  0x00000000025a0800 JavaThread "DestroyJavaVM" [_thread_blocked, id=7396, stack(0x00000000024a0000,0x00000000025a0000)]
=>0x000000000a78d000 JavaThread "AWT-EventQueue-0" [_thread_in_native, id=12748, stack(0x000000000ce60000,0x000000000cf60000)]
  0x000000000a789000 JavaThread "AWT-Windows" daemon [_thread_in_native, id=3612, stack(0x000000000cc50000,0x000000000cd50000)]
  0x000000000a776800 JavaThread "AWT-Shutdown" [_thread_blocked, id=6656, stack(0x000000000cb50000,0x000000000cc50000)]
  0x000000000a775800 JavaThread "Java2D Disposer" daemon [_thread_blocked, id=5876, stack(0x000000000ca50000,0x000000000cb50000)]
  0x000000000a729800 JavaThread "Service Thread" daemon [_thread_blocked, id=5012, stack(0x000000000be90000,0x000000000bf90000)]
  0x000000000a717800 JavaThread "C2 CompilerThread1" daemon [_thread_blocked, id=5716, stack(0x000000000bd90000,0x000000000be90000)]
  0x000000000a715800 JavaThread "C2 CompilerThread0" daemon [_thread_blocked, id=11968, stack(0x000000000bc90000,0x000000000bd90000)]
  0x000000000a712800 JavaThread "Attach Listener" daemon [_thread_blocked, id=4724, stack(0x000000000bb90000,0x000000000bc90000)]
  0x000000000a70f800 JavaThread "Signal Dispatcher" daemon [_thread_blocked, id=13264, stack(0x000000000ba90000,0x000000000bb90000)]
  0x000000000a6db000 JavaThread "Finalizer" daemon [_thread_blocked, id=488, stack(0x000000000b990000,0x000000000ba90000)]
  0x000000000a6d2000 JavaThread "Reference Handler" daemon [_thread_blocked, id=8216, stack(0x000000000b890000,0x000000000b990000)]

Other Threads:
  0x000000000a6d0000 VMThread [stack: 0x000000000b790000,0x000000000b890000] [id=11324]
  0x000000000a743800 WatcherThread [stack: 0x000000000bf90000,0x000000000c090000] [id=5436]

VM state:not at safepoint (normal execution)

VM Mutex/Monitor currently owned by a thread: None

Heap
 PSYoungGen      total 36864K, used 1947K [0x00000007d7000000, 0x00000007d9900000, 0x0000000800000000)
  eden space 31744K, 6% used [0x00000007d7000000,0x00000007d71e6f28,0x00000007d8f00000)
  from space 5120K, 0% used [0x00000007d9400000,0x00000007d9400000,0x00000007d9900000)
  to   space 5120K, 0% used [0x00000007d8f00000,0x00000007d8f00000,0x00000007d9400000)
 ParOldGen       total 106496K, used 32907K [0x0000000785000000, 0x000000078b800000, 0x00000007d7000000)
  object space 106496K, 30% used [0x0000000785000000,0x0000000787022e20,0x000000078b800000)
 PSPermGen       total 29184K, used 14512K [0x000000077fe00000, 0x0000000781a80000, 0x0000000785000000)
  object space 29184K, 49% used [0x000000077fe00000,0x0000000780c2c1d0,0x0000000781a80000)

Card table byte_map: [0x00000000056a0000,0x0000000005ab0000] byte_map_base: 0x0000000001aa1000

Polling page: 0x0000000000be0000

Code Cache  [0x00000000026a0000, 0x0000000002910000, 0x00000000056a0000)
 total_blobs=665 nmethods=179 adapters=438 free_code_cache=48312Kb largest_free_block=49436224

Compilation events (10 events):
Event: 76.888 Thread 0x000000000a717800  181             java.lang.ref.Reference::<init> (25 bytes)
Event: 76.889 Thread 0x000000000a717800 nmethod 181 0x000000000276cf50 code [0x000000000276d080, 0x000000000276d138]
Event: 80.439 Thread 0x000000000a715800  182             java.awt.Component::getInputContext (16 bytes)
Event: 80.441 Thread 0x000000000a715800 nmethod 182 0x000000000276dd50 code [0x000000000276dea0, 0x000000000276df38]
Event: 82.463 Thread 0x000000000a717800  183             java.awt.Toolkit$SelectiveAWTEventListener::eventDispatched (745 bytes)
Event: 82.480 Thread 0x000000000a717800 nmethod 183 0x0000000002739d90 code [0x0000000002739f00, 0x000000000273a558]
Event: 82.530 Thread 0x000000000a715800  184             java.lang.ref.Reference::<init> (7 bytes)
Event: 82.530 Thread 0x000000000a715800 nmethod 184 0x000000000277a790 code [0x000000000277a8c0, 0x000000000277a958]
Event: 83.044 Thread 0x000000000a717800  185             java.lang.ref.WeakReference::<init> (6 bytes)
Event: 83.045 Thread 0x000000000a717800 nmethod 185 0x000000000277a550 code [0x000000000277a680, 0x000000000277a718]

GC Heap History (6 events):
Event: 16.496 GC heap before
{Heap before GC invocations=1 (full 0):
 PSYoungGen      total 36864K, used 31744K [0x00000007d7000000, 0x00000007d9900000, 0x0000000800000000)
  eden space 31744K, 100% used [0x00000007d7000000,0x00000007d8f00000,0x00000007d8f00000)
  from space 5120K, 0% used [0x00000007d9400000,0x00000007d9400000,0x00000007d9900000)
  to   space 5120K, 0% used [0x00000007d8f00000,0x00000007d8f00000,0x00000007d9400000)
 ParOldGen       total 83968K, used 19200K [0x0000000785000000, 0x000000078a200000, 0x00000007d7000000)
  object space 83968K, 22% used [0x0000000785000000,0x00000007862c0010,0x000000078a200000)
 PSPermGen       total 21504K, used 14281K [0x000000077fe00000, 0x0000000781300000, 0x0000000785000000)
  object space 21504K, 66% used [0x000000077fe00000,0x0000000780bf2590,0x0000000781300000)
Event: 16.509 GC heap after
Heap after GC invocations=1 (full 0):
 PSYoungGen      total 36864K, used 5111K [0x00000007d7000000, 0x00000007d9900000, 0x0000000800000000)
  eden space 31744K, 0% used [0x00000007d7000000,0x00000007d7000000,0x00000007d8f00000)
  from space 5120K, 99% used [0x00000007d8f00000,0x00000007d93fde80,0x00000007d9400000)
  to   space 5120K, 0% used [0x00000007d9400000,0x00000007d9400000,0x00000007d9900000)
 ParOldGen       total 83968K, used 31503K [0x0000000785000000, 0x000000078a200000, 0x00000007d7000000)
  object space 83968K, 37% used [0x0000000785000000,0x0000000786ec3d80,0x000000078a200000)
 PSPermGen       total 21504K, used 14281K [0x000000077fe00000, 0x0000000781300000, 0x0000000785000000)
  object space 21504K, 66% used [0x000000077fe00000,0x0000000780bf2590,0x0000000781300000)
}
Event: 70.147 GC heap before
{Heap before GC invocations=2 (full 0):
 PSYoungGen      total 36864K, used 36855K [0x00000007d7000000, 0x00000007d9900000, 0x0000000800000000)
  eden space 31744K, 100% used [0x00000007d7000000,0x00000007d8f00000,0x00000007d8f00000)
  from space 5120K, 99% used [0x00000007d8f00000,0x00000007d93fde80,0x00000007d9400000)
  to   space 5120K, 0% used [0x00000007d9400000,0x00000007d9400000,0x00000007d9900000)
 ParOldGen       total 83968K, used 31503K [0x0000000785000000, 0x000000078a200000, 0x00000007d7000000)
  object space 83968K, 37% used [0x0000000785000000,0x0000000786ec3d80,0x000000078a200000)
 PSPermGen       total 21504K, used 14488K [0x000000077fe00000, 0x0000000781300000, 0x0000000785000000)
  object space 21504K, 67% used [0x000000077fe00000,0x0000000780c262d0,0x0000000781300000)
Event: 70.170 GC heap after
Heap after GC invocations=2 (full 0):
 PSYoungGen      total 36864K, used 1574K [0x00000007d7000000, 0x00000007d9900000, 0x0000000800000000)
  eden space 31744K, 0% used [0x00000007d7000000,0x00000007d7000000,0x00000007d8f00000)
  from space 5120K, 30% used [0x00000007d9400000,0x00000007d9589800,0x00000007d9900000)
  to   space 5120K, 0% used [0x00000007d8f00000,0x00000007d8f00000,0x00000007d9400000)
 ParOldGen       total 83968K, used 65446K [0x0000000785000000, 0x000000078a200000, 0x00000007d7000000)
  object space 83968K, 77% used [0x0000000785000000,0x0000000788fe9900,0x000000078a200000)
 PSPermGen       total 21504K, used 14488K [0x000000077fe00000, 0x0000000781300000, 0x0000000785000000)
  object space 21504K, 67% used [0x000000077fe00000,0x0000000780c262d0,0x0000000781300000)
}
Event: 70.171 GC heap before
{Heap before GC invocations=3 (full 1):
 PSYoungGen      total 36864K, used 1574K [0x00000007d7000000, 0x00000007d9900000, 0x0000000800000000)
  eden space 31744K, 0% used [0x00000007d7000000,0x00000007d7000000,0x00000007d8f00000)
  from space 5120K, 30% used [0x00000007d9400000,0x00000007d9589800,0x00000007d9900000)
  to   space 5120K, 0% used [0x00000007d8f00000,0x00000007d8f00000,0x00000007d9400000)
 ParOldGen       total 83968K, used 65446K [0x0000000785000000, 0x000000078a200000, 0x00000007d7000000)
  object space 83968K, 77% used [0x0000000785000000,0x0000000788fe9900,0x000000078a200000)
 PSPermGen       total 21504K, used 14488K [0x000000077fe00000, 0x0000000781300000, 0x0000000785000000)
  object space 21504K, 67% used [0x000000077fe00000,0x0000000780c262d0,0x0000000781300000)
Event: 70.236 GC heap after
Heap after GC invocations=3 (full 1):
 PSYoungGen      total 36864K, used 0K [0x00000007d7000000, 0x00000007d9900000, 0x0000000800000000)
  eden space 31744K, 0% used [0x00000007d7000000,0x00000007d7000000,0x00000007d8f00000)
  from space 5120K, 0% used [0x00000007d9400000,0x00000007d9400000,0x00000007d9900000)
  to   space 5120K, 0% used [0x00000007d8f00000,0x00000007d8f00000,0x00000007d9400000)
 ParOldGen       total 106496K, used 32907K [0x0000000785000000, 0x000000078b800000, 0x00000007d7000000)
  object space 106496K, 30% used [0x0000000785000000,0x0000000787022e20,0x000000078b800000)
 PSPermGen       total 29184K, used 14482K [0x000000077fe00000, 0x0000000781a80000, 0x0000000785000000)
  object space 29184K, 49% used [0x000000077fe00000,0x0000000780c24bf8,0x0000000781a80000)
}

Deoptimization events (10 events):
Event: 16.151 Thread 0x000000000a78d000 Uncommon trap: reason=class_check action=maybe_recompile pc=0x0000000002742960 method=java.awt.Container.findComponentAtImpl(IIZ)Ljava/awt/Component; @ 76
Event: 16.156 Thread 0x000000000a78d000 Uncommon trap: reason=class_check action=maybe_recompile pc=0x0000000002742960 method=java.awt.Container.findComponentAtImpl(IIZ)Ljava/awt/Component; @ 76
Event: 16.395 Thread 0x000000000a78d000 Uncommon trap: reason=class_check action=maybe_recompile pc=0x0000000002742960 method=java.awt.Container.findComponentAtImpl(IIZ)Ljava/awt/Component; @ 76
Event: 16.396 Thread 0x000000000a78d000 Uncommon trap: reason=class_check action=maybe_recompile pc=0x0000000002742960 method=java.awt.Container.findComponentAtImpl(IIZ)Ljava/awt/Component; @ 76
Event: 16.451 Thread 0x000000000a78d000 Uncommon trap: reason=class_check action=maybe_recompile pc=0x00000000027577d0 method=java.awt.Container.getMouseEventTargetImpl(IIZLjava/awt/Container$EventTargetFilter;ZZ)Ljava/awt/Component; @ 64
Event: 16.451 Thread 0x000000000a78d000 Uncommon trap: reason=class_check action=maybe_recompile pc=0x00000000027577d0 method=java.awt.Container.getMouseEventTargetImpl(IIZLjava/awt/Container$EventTargetFilter;ZZ)Ljava/awt/Component; @ 64
Event: 16.461 Thread 0x000000000a78d000 Uncommon trap: reason=class_check action=maybe_recompile pc=0x00000000027577d0 method=java.awt.Container.getMouseEventTargetImpl(IIZLjava/awt/Container$EventTargetFilter;ZZ)Ljava/awt/Component; @ 64
Event: 17.156 Thread 0x000000000a78d000 Uncommon trap: reason=class_check action=maybe_recompile pc=0x00000000027577d0 method=java.awt.Container.getMouseEventTargetImpl(IIZLjava/awt/Container$EventTargetFilter;ZZ)Ljava/awt/Component; @ 64
Event: 46.143 Thread 0x000000000a78d000 Uncommon trap: reason=unreached action=reinterpret pc=0x0000000002753458 method=java.awt.Component.isShowing()Z @ 11
Event: 55.529 Thread 0x000000000a78d000 Uncommon trap: reason=unreached action=reinterpret pc=0x000000000273d594 method=sun.java2d.loops.RenderCache.get(Lsun/java2d/loops/SurfaceType;Lsun/java2d/loops/CompositeType;Lsun/java2d/loops/SurfaceType;)Ljava/lang/Object; @ 29

Internal exceptions (10 events):
Event: 83.728 Thread 0x000000000a78d000 Threw 0x00000007d71744f0 at C:\re\jdk7u51\527\hotspot\src\share\vm\interpreter\interpreterRuntime.cpp:362
Event: 83.771 Thread 0x000000000a78d000 Threw 0x00000007d7175220 at C:\re\jdk7u51\527\hotspot\src\share\vm\interpreter\interpreterRuntime.cpp:362
Event: 83.822 Thread 0x000000000a78d000 Threw 0x00000007d71760a8 at C:\re\jdk7u51\527\hotspot\src\share\vm\interpreter\interpreterRuntime.cpp:362
Event: 83.886 Thread 0x000000000a78d000 Threw 0x00000007d71770b8 at C:\re\jdk7u51\527\hotspot\src\share\vm\interpreter\interpreterRuntime.cpp:362
Event: 83.887 Thread 0x000000000a78d000 Threw 0x00000007d71779d0 at C:\re\jdk7u51\527\hotspot\src\share\vm\interpreter\interpreterRuntime.cpp:362
Event: 83.921 Thread 0x000000000a78d000 Threw 0x00000007d71785c8 at C:\re\jdk7u51\527\hotspot\src\share\vm\interpreter\interpreterRuntime.cpp:362
Event: 83.959 Thread 0x000000000a78d000 Threw 0x00000007d7179068 at C:\re\jdk7u51\527\hotspot\src\share\vm\interpreter\interpreterRuntime.cpp:362
Event: 83.995 Thread 0x000000000a78d000 Threw 0x00000007d7179b00 at C:\re\jdk7u51\527\hotspot\src\share\vm\interpreter\interpreterRuntime.cpp:362
Event: 84.062 Thread 0x000000000a78d000 Threw 0x00000007d717a850 at C:\re\jdk7u51\527\hotspot\src\share\vm\interpreter\interpreterRuntime.cpp:362
Event: 84.375 Thread 0x000000000a78d000 Threw 0x00000007d717c820 at C:\re\jdk7u51\527\hotspot\src\share\vm\interpreter\interpreterRuntime.cpp:362

Events (10 events):
Event: 70.243 Executing VM operation: RevokeBias done
Event: 82.530 Thread 0x000000000a715800 flushing nmethod 0x0000000002741b50
Event: 87.205 Executing VM operation: RevokeBias
Event: 87.205 Executing VM operation: RevokeBias done
Event: 87.205 Executing VM operation: RevokeBias
Event: 87.206 Executing VM operation: RevokeBias done
Event: 89.209 loading class 0x000000000c207170
Event: 89.209 loading class 0x000000000c207170 done
Event: 89.209 loading class 0x000000000c12d680
Event: 89.210 loading class 0x000000000c12d680 done


Dynamic libraries:
0x00007ff684ba0000 - 0x00007ff684bd3000 	C:\Program Files\Java\jre7\bin\javaw.exe
0x00007ffa73f60000 - 0x00007ffa74109000 	C:\WINDOWS\SYSTEM32\ntdll.dll
0x00007ffa72950000 - 0x00007ffa72a89000 	C:\WINDOWS\system32\KERNEL32.DLL
0x00007ffa71690000 - 0x00007ffa7179f000 	C:\WINDOWS\system32\KERNELBASE.dll
0x00007ffa6ff10000 - 0x00007ffa6ff9b000 	C:\WINDOWS\system32\apphelp.dll
0x00007ffa513c0000 - 0x00007ffa5140f000 	C:\WINDOWS\AppPatch\AppPatch64\AcGenral.DLL
0x00007ffa728a0000 - 0x00007ffa72947000 	C:\WINDOWS\system32\msvcrt.dll
0x00007ffa71120000 - 0x00007ffa7114b000 	C:\WINDOWS\SYSTEM32\SspiCli.dll
0x00007ffa718b0000 - 0x00007ffa71901000 	C:\WINDOWS\system32\SHLWAPI.dll
0x00007ffa71ff0000 - 0x00007ffa72161000 	C:\WINDOWS\system32\USER32.dll
0x00007ffa72570000 - 0x00007ffa726e6000 	C:\WINDOWS\system32\ole32.dll
0x00007ffa72a90000 - 0x00007ffa73ea0000 	C:\WINDOWS\system32\SHELL32.dll
0x00007ffa70950000 - 0x00007ffa7096f000 	C:\WINDOWS\SYSTEM32\USERENV.dll
0x00007ffa71da0000 - 0x00007ffa71e45000 	C:\WINDOWS\system32\ADVAPI32.dll
0x00007ffa65ad0000 - 0x00007ffa65aeb000 	C:\WINDOWS\SYSTEM32\MPR.dll
0x00007ffa71910000 - 0x00007ffa71a46000 	C:\WINDOWS\system32\RPCRT4.dll
0x00007ffa72510000 - 0x00007ffa72567000 	C:\WINDOWS\SYSTEM32\sechost.dll
0x00007ffa72330000 - 0x00007ffa72507000 	C:\WINDOWS\SYSTEM32\combase.dll
0x00007ffa721e0000 - 0x00007ffa72325000 	C:\WINDOWS\system32\GDI32.dll
0x00007ffa712e0000 - 0x00007ffa712f4000 	C:\WINDOWS\SYSTEM32\profapi.dll
0x00007ffa6f930000 - 0x00007ffa6f9d1000 	C:\WINDOWS\SYSTEM32\SHCORE.dll
0x00007ffa71ac0000 - 0x00007ffa71af4000 	C:\WINDOWS\system32\IMM32.DLL
0x00007ffa72760000 - 0x00007ffa72898000 	C:\WINDOWS\system32\MSCTF.dll
0x00007ffa6e1c0000 - 0x00007ffa6e41a000 	C:\WINDOWS\WinSxS\amd64_microsoft.windows.common-controls_6595b64144ccf1df_6.0.9600.16384_none_62475f7becb72503\COMCTL32.dll
0x00000000631e0000 - 0x00000000632b2000 	C:\Program Files\Java\jre7\bin\msvcr100.dll
0x0000000062a10000 - 0x00000000631d9000 	C:\Program Files\Java\jre7\bin\server\jvm.dll
0x00007ffa685a0000 - 0x00007ffa685a9000 	C:\WINDOWS\SYSTEM32\WSOCK32.dll
0x00007ffa6a250000 - 0x00007ffa6a26f000 	C:\WINDOWS\SYSTEM32\WINMM.dll
0x00007ffa726f0000 - 0x00007ffa726f7000 	C:\WINDOWS\system32\PSAPI.DLL
0x00007ffa72180000 - 0x00007ffa721d8000 	C:\WINDOWS\system32\WS2_32.dll
0x00007ffa6a220000 - 0x00007ffa6a24a000 	C:\WINDOWS\SYSTEM32\WINMMBASE.dll
0x00007ffa717f0000 - 0x00007ffa717f9000 	C:\WINDOWS\system32\NSI.dll
0x00007ffa717a0000 - 0x00007ffa717ea000 	C:\WINDOWS\SYSTEM32\cfgmgr32.dll
0x00007ffa70160000 - 0x00007ffa70186000 	C:\WINDOWS\SYSTEM32\DEVOBJ.dll
0x00000000639d0000 - 0x00000000639df000 	C:\Program Files\Java\jre7\bin\verify.dll
0x00000000639a0000 - 0x00000000639c8000 	C:\Program Files\Java\jre7\bin\java.dll
0x0000000063980000 - 0x0000000063995000 	C:\Program Files\Java\jre7\bin\zip.dll
0x0000000180000000 - 0x000000018021a000 	C:\Users\Kenny\Desktop\inf2990-04\Cadriciel\Exe\DLL\INF2990.dll
0x00007ffa548f0000 - 0x00007ffa54a11000 	C:\WINDOWS\SYSTEM32\OPENGL32.dll
0x0000000063930000 - 0x0000000063937000 	C:\Program Files\Java\jre7\bin\jawt.dll
0x00007ffa63710000 - 0x00007ffa6373c000 	C:\WINDOWS\SYSTEM32\GLU32.dll
0x00007ffa44320000 - 0x00007ffa44874000 	C:\Users\Kenny\Desktop\inf2990-04\Cadriciel\Exe\assimp_D_x64.dll
0x0000000010000000 - 0x0000000010131000 	C:\Users\Kenny\Desktop\inf2990-04\Cadriciel\Exe\fmodex64.dll
0x000000000c490000 - 0x000000000c81e000 	C:\Users\Kenny\Desktop\inf2990-04\Cadriciel\Exe\FreeImage.dll
0x0000000062910000 - 0x0000000062a0c000 	C:\WINDOWS\SYSTEM32\MSVCP100D.dll
0x0000000062740000 - 0x000000006290d000 	C:\WINDOWS\SYSTEM32\MSVCR100D.dll
0x00007ffa547f0000 - 0x00007ffa548e4000 	C:\WINDOWS\SYSTEM32\DDRAW.dll
0x00000000625a0000 - 0x0000000062735000 	C:\Program Files\Java\jre7\bin\awt.dll
0x00007ffa66ed0000 - 0x00007ffa66eeb000 	C:\WINDOWS\SYSTEM32\MSACM32.dll
0x00007ffa6c010000 - 0x00007ffa6c019000 	C:\WINDOWS\SYSTEM32\DCIMAN32.dll
0x00007ffa71b00000 - 0x00007ffa71bb7000 	C:\WINDOWS\system32\OLEAUT32.dll
0x00007ffa6ffe0000 - 0x00007ffa70102000 	C:\WINDOWS\system32\uxtheme.dll
0x00007ffa6e910000 - 0x00007ffa6e9a8000 	C:\Program Files\Common Files\microsoft shared\ink\tiptsf.dll
0x00007ffa6f750000 - 0x00007ffa6f771000 	C:\WINDOWS\system32\dwmapi.dll
0x00007ffa701b0000 - 0x00007ffa701ba000 	C:\WINDOWS\SYSTEM32\kernel.appcore.dll
0x00007ffa711b0000 - 0x00007ffa711ba000 	C:\WINDOWS\SYSTEM32\CRYPTBASE.dll
0x00007ffa71150000 - 0x00007ffa711ae000 	C:\WINDOWS\SYSTEM32\bcryptPrimitives.dll
0x00007ffa50f40000 - 0x00007ffa5116f000 	C:\Program Files\Acer\Acer Power Management\SysHook.dll
0x00007ffa6ab80000 - 0x00007ffa6ab87000 	C:\WINDOWS\SYSTEM32\MSIMG32.dll
0x00007ffa73ec0000 - 0x00007ffa73f5a000 	C:\WINDOWS\system32\COMDLG32.dll
0x00007ffa6a270000 - 0x00007ffa6a2eb000 	C:\WINDOWS\SYSTEM32\WINSPOOL.DRV
0x00007ffa71e50000 - 0x00007ffa71fe8000 	C:\WINDOWS\WinSxS\amd64_microsoft.windows.gdiplus_6595b64144ccf1df_1.1.9600.16384_none_9332526147499ed1\gdiplus.dll
0x00007ffa6d3e0000 - 0x00007ffa6d443000 	C:\WINDOWS\SYSTEM32\OLEACC.dll
0x0000000063920000 - 0x000000006392c000 	C:\Program Files\Java\jre7\bin\jsound.dll
0x0000000063910000 - 0x000000006391b000 	C:\Program Files\Java\jre7\bin\jsoundds.dll
0x00007ffa61240000 - 0x00007ffa612c7000 	C:\WINDOWS\SYSTEM32\DSOUND.dll
0x00007ffa71280000 - 0x00007ffa712c5000 	C:\WINDOWS\SYSTEM32\POWRPROF.dll
0x00007ffa6dbb0000 - 0x00007ffa6dc11000 	C:\WINDOWS\SYSTEM32\MMDevAPI.DLL
0x00007ffa62680000 - 0x00007ffa626bc000 	C:\WINDOWS\SYSTEM32\wdmaud.drv
0x00007ffa6ed90000 - 0x00007ffa6ed98000 	C:\WINDOWS\SYSTEM32\ksuser.dll
0x00007ffa6f5a0000 - 0x00007ffa6f5ab000 	C:\WINDOWS\SYSTEM32\AVRT.dll
0x00007ffa684c0000 - 0x00007ffa68536000 	C:\WINDOWS\SYSTEM32\AUDIOSES.DLL
0x00007ffa6dd40000 - 0x00007ffa6dd4b000 	C:\WINDOWS\SYSTEM32\msacm32.drv
0x00007ffa6c800000 - 0x00007ffa6c80a000 	C:\WINDOWS\SYSTEM32\midimap.dll
0x00007ffa71800000 - 0x00007ffa718a4000 	C:\WINDOWS\SYSTEM32\clbcatq.dll
0x0000000062550000 - 0x0000000062597000 	C:\Program Files\Java\jre7\bin\fontmanager.dll
0x0000000063960000 - 0x0000000063979000 	C:\Program Files\Java\jre7\bin\net.dll
0x00007ffa70ba0000 - 0x00007ffa70bf8000 	C:\WINDOWS\system32\mswsock.dll
0x0000000063940000 - 0x0000000063951000 	C:\Program Files\Java\jre7\bin\nio.dll
0x0000000062500000 - 0x0000000062541000 	C:\Program Files\Java\jre7\bin\t2k.dll
0x000000000f150000 - 0x000000000f8de000 	C:\WINDOWS\SYSTEM32\ig75icd64.dll
0x00007ffa62de0000 - 0x00007ffa63220000 	C:\WINDOWS\SYSTEM32\igdusc64.dll
0x00000000624d0000 - 0x0000000062500000 	C:\Program Files\Java\jre7\bin\jpeg.dll
0x00000000624a0000 - 0x00000000624ca000 	C:\Program Files\Java\jre7\bin\dcpr.dll
0x00007ffa6ebe0000 - 0x00007ffa6ed73000 	C:\WINDOWS\SYSTEM32\WindowsCodecs.dll
0x00007ffa70c00000 - 0x00007ffa70c1e000 	C:\WINDOWS\SYSTEM32\CRYPTSP.dll
0x00007ffa70840000 - 0x00007ffa70875000 	C:\WINDOWS\system32\rsaenh.dll
0x00007ffa70e30000 - 0x00007ffa70e56000 	C:\WINDOWS\SYSTEM32\bcrypt.dll
0x00007ffa71400000 - 0x00007ffa714a1000 	C:\WINDOWS\WinSxS\amd64_microsoft.windows.common-controls_6595b64144ccf1df_5.82.9600.16384_none_34a8918f959016ea\comctl32.dll
0x00007ffa71bc0000 - 0x00007ffa71d96000 	C:\WINDOWS\system32\SETUPAPI.dll
0x00007ffa6c9b0000 - 0x00007ffa6cb14000 	C:\WINDOWS\system32\propsys.dll
0x00007ffa62310000 - 0x00007ffa624ac000 	C:\WINDOWS\system32\NetworkExplorer.dll
0x00007ffa6f620000 - 0x00007ffa6f62b000 	C:\WINDOWS\System32\drprov.dll
0x00007ffa70680000 - 0x00007ffa706d7000 	C:\WINDOWS\System32\WINSTA.dll
0x00007ffa6e740000 - 0x00007ffa6e755000 	C:\WINDOWS\System32\ntlanman.dll
0x00007ffa6dd60000 - 0x00007ffa6dd7f000 	C:\WINDOWS\System32\davclnt.dll
0x00007ffa6e490000 - 0x00007ffa6e49b000 	C:\WINDOWS\System32\DAVHLPR.dll
0x00007ffa6d030000 - 0x00007ffa6d046000 	C:\WINDOWS\System32\wkscli.dll
0x00007ffa68340000 - 0x00007ffa68350000 	C:\WINDOWS\SYSTEM32\cscapi.dll
0x00007ffa70590000 - 0x00007ffa7059c000 	C:\WINDOWS\System32\netutils.dll
0x00007ffa62510000 - 0x00007ffa62585000 	C:\Windows\System32\dlnashext.dll
0x00007ffa5e210000 - 0x00007ffa5e257000 	C:\Windows\System32\PlayToDevice.dll
0x00007ffa661e0000 - 0x00007ffa661fc000 	C:\Windows\System32\DevDispItemProvider.dll
0x00007ffa6c270000 - 0x00007ffa6c299000 	C:\WINDOWS\SYSTEM32\IPHLPAPI.DLL
0x00007ffa6c240000 - 0x00007ffa6c24a000 	C:\WINDOWS\SYSTEM32\WINNSI.DLL
0x00007ffa6b040000 - 0x00007ffa6b054000 	C:\WINDOWS\SYSTEM32\dhcpcsvc6.DLL
0x00007ffa6b750000 - 0x00007ffa6b769000 	C:\WINDOWS\SYSTEM32\dhcpcsvc.DLL
0x00007ffa637f0000 - 0x00007ffa63aa0000 	C:\Windows\System32\actxprxy.dll
0x00007ffa676e0000 - 0x00007ffa6771d000 	C:\WINDOWS\System32\netprofm.dll
0x00007ffa66030000 - 0x00007ffa6603e000 	C:\WINDOWS\System32\npmproxy.dll
0x00007ffa4ab30000 - 0x00007ffa4ad1f000 	C:\WINDOWS\system32\wpdshext.dll
0x00007ffa66130000 - 0x00007ffa661d6000 	C:\Windows\System32\PortableDeviceApi.dll
0x00007ffa713b0000 - 0x00007ffa713fe000 	C:\WINDOWS\system32\WINTRUST.dll
0x00007ffa714b0000 - 0x00007ffa71687000 	C:\WINDOWS\system32\CRYPT32.dll
0x00007ffa71390000 - 0x00007ffa713a2000 	C:\WINDOWS\system32\MSASN1.dll
0x00007ffa67100000 - 0x00007ffa67136000 	C:\Windows\System32\EhStorShell.dll
0x00007ffa61f00000 - 0x00007ffa61f25000 	C:\Windows\System32\EhStorAPI.dll
0x00007ffa6d230000 - 0x00007ffa6d241000 	C:\Windows\System32\WTSAPI32.dll
0x00007ffa6d860000 - 0x00007ffa6d86c000 	C:\WINDOWS\SYSTEM32\LINKINFO.dll
0x00007ffa5e260000 - 0x00007ffa5e3e8000 	C:\WINDOWS\SYSTEM32\dbghelp.dll

VM Arguments:
jvm_args: -Dfile.encoding=Cp1252 
java_command: InterfaceGraphique.Demarrage testsC++a
Launcher Type: SUN_STANDARD

Environment Variables:
JAVA_HOME=C:\Program Files\Java\jdk1.7.0_51
PATH=C:\Program Files (x86)\Intel\iCLS Client\;C:\Program Files\Intel\iCLS Client\;C:\WINDOWS\system32;C:\WINDOWS;C:\WINDOWS\System32\Wbem;C:\WINDOWS\System32\WindowsPowerShell\v1.0\;C:\Program Files (x86)\Intel\OpenCL SDK\3.0\bin\x86;C:\Program Files (x86)\Intel\OpenCL SDK\3.0\bin\x64;C:\Program Files\Intel\WiFi\bin\;C:\Program Files\Common Files\Intel\WirelessCommon\;C:\Program Files\Intel\Intel(R) Management Engine Components\DAL;C:\Program Files\Intel\Intel(R) Management Engine Components\IPT;C:\Program Files (x86)\Intel\Intel(R) Management Engine Components\DAL;C:\Program Files (x86)\Intel\Intel(R) Management Engine Components\IPT;C:\Program Files\Microsoft\Web Platform Installer\;C:\Program Files (x86)\Microsoft ASP.NET\ASP.NET Web Pages\v1.0\;C:\Program Files (x86)\Windows Kits\8.0\Windows Performance Toolkit\;C:\Program Files\Microsoft SQL Server\110\Tools\Binn\;c:\Program Files (x86)\Microsoft SQL Server\100\Tools\Binn\;c:\Program Files\Microsoft SQL Server\100\Tools\Binn\;c:\Program Files\Microsoft SQL Server\100\DTS\Binn\;C:\Program Files\Acer\Remote Files\;C:\Program Files\TortoiseGit\bin;JAVA_HOME\bin\;JAVA_HOME\jre\bin\;C:\Program Files\Java\jdk1.7.0_51\bin\;C:\Program Files\Java\jdk1.7.0_51\jre\bin\
USERNAME=Kenny
OS=Windows_NT
PROCESSOR_IDENTIFIER=Intel64 Family 6 Model 69 Stepping 1, GenuineIntel



---------------  S Y S T E M  ---------------

OS: Windows 8 , 64 bit Build 9200 

CPU:total 4 (2 cores per cpu, 2 threads per core) family 6 model 69 stepping 1, cmov, cx8, fxsr, mmx, sse, sse2, sse3, ssse3, sse4.1, sse4.2, popcnt, avx, avx2, aes, erms, ht, tsc, tscinvbit

Memory: 4k page, physical 8057108k(3026336k free), swap 11498396k(4330240k free)

vm_info: Java HotSpot(TM) 64-Bit Server VM (24.51-b03) for windows-amd64 JRE (1.7.0_51-b13), built on Dec 18 2013 18:40:56 by "java_re" with unknown MS VC++:1600

time: Sun Apr 06 13:09:05 2014
elapsed time: 89 seconds

