C:\USERS\KENNY\DESKTOP\INF2990-04\CADRICIEL\COMMUN\UTILITAIRE\X64\DEBUG\AIDECOLLISION.OBJ
C:\USERS\KENNY\DESKTOP\INF2990-04\CADRICIEL\COMMUN\UTILITAIRE\X64\DEBUG\AIDEGL.OBJ
C:\USERS\KENNY\DESKTOP\INF2990-04\CADRICIEL\COMMUN\UTILITAIRE\X64\DEBUG\BOITEENGLOBANTEORIENTEE.OBJ
C:\USERS\KENNY\DESKTOP\INF2990-04\CADRICIEL\COMMUN\UTILITAIRE\X64\DEBUG\BOITEENVIRONNEMENT.OBJ
C:\USERS\KENNY\DESKTOP\INF2990-04\CADRICIEL\COMMUN\UTILITAIRE\X64\DEBUG\CECRITUREFICHIERBINAIRE.OBJ
C:\USERS\KENNY\DESKTOP\INF2990-04\CADRICIEL\COMMUN\UTILITAIRE\X64\DEBUG\CLECTUREFICHIERBINAIRE.OBJ
C:\USERS\KENNY\DESKTOP\INF2990-04\CADRICIEL\COMMUN\UTILITAIRE\X64\DEBUG\COMPTEURAFFICHAGE.OBJ
C:\USERS\KENNY\DESKTOP\INF2990-04\CADRICIEL\COMMUN\UTILITAIRE\X64\DEBUG\DROITE3D.OBJ
C:\USERS\KENNY\DESKTOP\INF2990-04\CADRICIEL\COMMUN\UTILITAIRE\X64\DEBUG\ETATOPENGL.OBJ
C:\USERS\KENNY\DESKTOP\INF2990-04\CADRICIEL\COMMUN\UTILITAIRE\X64\DEBUG\PLAN3D.OBJ
C:\USERS\KENNY\DESKTOP\INF2990-04\CADRICIEL\COMMUN\UTILITAIRE\X64\DEBUG\UTILITAIRE.OBJ
C:\USERS\KENNY\DESKTOP\INF2990-04\CADRICIEL\COMMUN\UTILITAIRE\X64\DEBUG\CAMERA.OBJ
C:\USERS\KENNY\DESKTOP\INF2990-04\CADRICIEL\COMMUN\UTILITAIRE\X64\DEBUG\PROJECTION.OBJ
C:\USERS\KENNY\DESKTOP\INF2990-04\CADRICIEL\COMMUN\UTILITAIRE\X64\DEBUG\PROJECTIONORTHO.OBJ
C:\USERS\KENNY\DESKTOP\INF2990-04\CADRICIEL\COMMUN\UTILITAIRE\X64\DEBUG\VUE.OBJ
C:\USERS\KENNY\DESKTOP\INF2990-04\CADRICIEL\COMMUN\UTILITAIRE\X64\DEBUG\VUEORTHO.OBJ
C:\USERS\KENNY\DESKTOP\INF2990-04\CADRICIEL\COMMUN\UTILITAIRE\X64\DEBUG\VC100.PDB
C:\USERS\KENNY\DESKTOP\INF2990-04\CADRICIEL\COMMUN\UTILITAIRE\X64\DEBUG\PROJECTIONPERSPECT.OBJ
C:\USERS\KENNY\DESKTOP\INF2990-04\CADRICIEL\COMMUN\UTILITAIRE\X64\DEBUG\VUEPERSPECT.OBJ
C:\USERS\KENNY\DESKTOP\INF2990-04\CADRICIEL\SOURCES\C++\X64\DEBUG\UTILITAIRE.LIB
C:\Users\Kenny\Desktop\inf2990-04\Cadriciel\Commun\Utilitaire\x64\Debug\AideCollision.obj
C:\Users\Kenny\Desktop\inf2990-04\Cadriciel\Commun\Utilitaire\x64\Debug\AideGL.obj
C:\Users\Kenny\Desktop\inf2990-04\Cadriciel\Commun\Utilitaire\x64\Debug\BoiteEnglobanteOrientee.obj
C:\Users\Kenny\Desktop\inf2990-04\Cadriciel\Commun\Utilitaire\x64\Debug\BoiteEnvironnement.obj
C:\Users\Kenny\Desktop\inf2990-04\Cadriciel\Commun\Utilitaire\x64\Debug\Camera.obj
C:\Users\Kenny\Desktop\inf2990-04\Cadriciel\Commun\Utilitaire\x64\Debug\CEcritureFichierBinaire.obj
C:\Users\Kenny\Desktop\inf2990-04\Cadriciel\Commun\Utilitaire\x64\Debug\CLectureFichierBinaire.obj
C:\Users\Kenny\Desktop\inf2990-04\Cadriciel\Commun\Utilitaire\x64\Debug\CompteurAffichage.obj
C:\Users\Kenny\Desktop\inf2990-04\Cadriciel\Commun\Utilitaire\x64\Debug\Droite3D.obj
C:\Users\Kenny\Desktop\inf2990-04\Cadriciel\Commun\Utilitaire\x64\Debug\EtatOpenGL.obj
C:\Users\Kenny\Desktop\inf2990-04\Cadriciel\Commun\Utilitaire\x64\Debug\Plan3D.obj
C:\Users\Kenny\Desktop\inf2990-04\Cadriciel\Commun\Utilitaire\x64\Debug\Projection.obj
C:\Users\Kenny\Desktop\inf2990-04\Cadriciel\Commun\Utilitaire\x64\Debug\ProjectionOrtho.obj
C:\Users\Kenny\Desktop\inf2990-04\Cadriciel\Commun\Utilitaire\x64\Debug\ProjectionPerspect.obj
C:\Users\Kenny\Desktop\inf2990-04\Cadriciel\Commun\Utilitaire\x64\Debug\Utilitaire.obj
C:\Users\Kenny\Desktop\inf2990-04\Cadriciel\Commun\Utilitaire\x64\Debug\Vue.obj
C:\Users\Kenny\Desktop\inf2990-04\Cadriciel\Commun\Utilitaire\x64\Debug\VueOrtho.obj
C:\Users\Kenny\Desktop\inf2990-04\Cadriciel\Commun\Utilitaire\x64\Debug\VuePerspect.obj
C:\Users\Kenny\Desktop\inf2990-04\Cadriciel\Commun\Utilitaire\x64\Debug\cl.command.1.tlog
C:\Users\Kenny\Desktop\inf2990-04\Cadriciel\Commun\Utilitaire\x64\Debug\CL.read.1.tlog
C:\Users\Kenny\Desktop\inf2990-04\Cadriciel\Commun\Utilitaire\x64\Debug\CL.write.1.tlog
C:\Users\Kenny\Desktop\inf2990-04\Cadriciel\Commun\Utilitaire\x64\Debug\Lib-link.read.1.tlog
C:\Users\Kenny\Desktop\inf2990-04\Cadriciel\Commun\Utilitaire\x64\Debug\Lib-link.write.1.tlog
C:\Users\Kenny\Desktop\inf2990-04\Cadriciel\Commun\Utilitaire\x64\Debug\lib.command.1.tlog
C:\Users\Kenny\Desktop\inf2990-04\Cadriciel\Commun\Utilitaire\x64\Debug\vc100.idb
C:\Users\Kenny\Desktop\inf2990-04\Cadriciel\Commun\Utilitaire\x64\Debug\vc100.pdb
C:\Users\Kenny\Desktop\inf2990-04\Cadriciel\Sources\C++\x64\Debug\Utilitaire.lib
